                      :-) GROMACS - gmx mdrun, 2023.2 (-:

Copyright 1991-2023 The GROMACS Authors.
GROMACS is free software; you can redistribute it and/or modify it
under the terms of the GNU Lesser General Public License
as published by the Free Software Foundation; either version 2.1
of the License, or (at your option) any later version.

                         Current GROMACS contributors:
       Mark Abraham           Andrey Alekseenko           Cathrine Bergh      
      Christian Blau            Eliane Briand             Mahesh Doijade      
    Stefan Fleischmann           Vytas Gapsys              Gaurav Garg        
      Sergey Gorelov         Gilles Gouaillardet            Alan Gray         
     M. Eric Irrgang         Farzaneh Jalalypour            Joe Jordan        
    Christoph Junghans        Prashanth Kanduri          Sebastian Keller     
     Carsten Kutzner           Justin A. Lemkul          Magnus Lundborg      
       Pascal Merz              Vedran Miletic            Dmitry Morozov      
       Szilard Pall             Roland Schulz             Michael Shirts      
     Alexey Shvetsov            Balint Soproni         David van der Spoel    
      Philip Turner             Carsten Uphoff           Alessandra Villa     
 Sebastian Wingbermuehle        Artem Zhmurov       

                         Previous GROMACS contributors:
        Emile Apol             Rossen Apostolov           James Barnett       
  Herman J.C. Berendsen          Par Bjelkmar           Viacheslav Bolnykh    
        Kevin Boyd            Aldert van Buuren          Carlo Camilloni      
     Rudi van Drunen            Anton Feenstra           Oliver Fleetwood     
     Gerrit Groenhof            Bert de Groot             Anca Hamuraru       
    Vincent Hindriksen          Victor Holanda           Aleksei Iupinov      
   Dimitrios Karkoulis           Peter Kasson             Sebastian Kehl      
        Jiri Kraus               Per Larsson              Viveca Lindahl      
      Erik Marklund           Pieter Meulenhoff           Teemu Murtola       
       Sander Pronk             Alfons Sijbers            Peter Tieleman      
       Jon Vincent             Teemu Virolainen         Christian Wennberg    
       Maarten Wolf       

                  Coordinated by the GROMACS project leaders:
                    Paul Bauer, Berk Hess, and Erik Lindahl

GROMACS:      gmx mdrun, version 2023.2
Executable:   /usr/local/gromacs/bin/gmx
Data prefix:  /usr/local/gromacs
Working dir:  /home/tyac/computational_chemistry-TC/Examples/CG
Process ID:   6423
Command line:
  gmx mdrun -deffnm step6.5_equilibration

GROMACS version:    2023.2
Precision:          mixed
Memory model:       64 bit
MPI library:        thread_mpi
OpenMP support:     enabled (GMX_OPENMP_MAX_THREADS = 128)
GPU support:        disabled
SIMD instructions:  AVX2_256
CPU FFT library:    fftw-3.3.8-sse2-avx-avx2-avx2_128
GPU FFT library:    none
Multi-GPU FFT:      none
RDTSCP usage:       enabled
TNG support:        enabled
Hwloc support:      disabled
Tracing support:    disabled
C compiler:         /usr/bin/cc GNU 11.4.0
C compiler flags:   -fexcess-precision=fast -funroll-all-loops -mavx2 -mfma -Wno-missing-field-initializers -O3 -DNDEBUG
C++ compiler:       /usr/bin/c++ GNU 11.4.0
C++ compiler flags: -fexcess-precision=fast -funroll-all-loops -mavx2 -mfma -Wno-missing-field-initializers -Wno-cast-function-type-strict -fopenmp -O3 -DNDEBUG
BLAS library:       Internal
LAPACK library:     Internal


Running on 1 node with total 4 cores, 8 processing units
Hardware detected on host Tyac:
  CPU info:
    Vendor: Intel
    Brand:  Intel(R) Core(TM) i5-9300H CPU @ 2.40GHz
    Family: 6   Model: 158   Stepping: 13
    Features: aes apic avx avx2 clfsh cmov cx8 cx16 f16c fma htt intel lahf mmx msr pcid pclmuldq pdcm pdpe1gb popcnt pse rdrnd rdtscp sse2 sse3 sse4.1 sse4.2 ssse3
  Hardware topology: Basic
    Packages, cores, and logical processors:
    [indices refer to OS logical processors]
      Package  0: [   0   1] [   2   3] [   4   5] [   6   7]
    CPU limit set by OS: -1   Recommended max number of threads: 8


++++ PLEASE READ AND CITE THE FOLLOWING REFERENCE ++++
M. J. Abraham, T. Murtola, R. Schulz, S. Páll, J. C. Smith, B. Hess, E.
Lindahl
GROMACS: High performance molecular simulations through multi-level
parallelism from laptops to supercomputers
SoftwareX 1 (2015) pp. 19-25
-------- -------- --- Thank You --- -------- --------


++++ PLEASE READ AND CITE THE FOLLOWING REFERENCE ++++
S. Páll, M. J. Abraham, C. Kutzner, B. Hess, E. Lindahl
Tackling Exascale Software Challenges in Molecular Dynamics Simulations with
GROMACS
In S. Markidis & E. Laure (Eds.), Solving Software Challenges for Exascale 8759 (2015) pp. 3-27
-------- -------- --- Thank You --- -------- --------


++++ PLEASE READ AND CITE THE FOLLOWING REFERENCE ++++
S. Pronk, S. Páll, R. Schulz, P. Larsson, P. Bjelkmar, R. Apostolov, M. R.
Shirts, J. C. Smith, P. M. Kasson, D. van der Spoel, B. Hess, and E. Lindahl
GROMACS 4.5: a high-throughput and highly parallel open source molecular
simulation toolkit
Bioinformatics 29 (2013) pp. 845-54
-------- -------- --- Thank You --- -------- --------


++++ PLEASE READ AND CITE THE FOLLOWING REFERENCE ++++
B. Hess and C. Kutzner and D. van der Spoel and E. Lindahl
GROMACS 4: Algorithms for highly efficient, load-balanced, and scalable
molecular simulation
J. Chem. Theory Comput. 4 (2008) pp. 435-447
-------- -------- --- Thank You --- -------- --------


++++ PLEASE READ AND CITE THE FOLLOWING REFERENCE ++++
D. van der Spoel, E. Lindahl, B. Hess, G. Groenhof, A. E. Mark and H. J. C.
Berendsen
GROMACS: Fast, Flexible and Free
J. Comp. Chem. 26 (2005) pp. 1701-1719
-------- -------- --- Thank You --- -------- --------


++++ PLEASE READ AND CITE THE FOLLOWING REFERENCE ++++
E. Lindahl and B. Hess and D. van der Spoel
GROMACS 3.0: A package for molecular simulation and trajectory analysis
J. Mol. Mod. 7 (2001) pp. 306-317
-------- -------- --- Thank You --- -------- --------


++++ PLEASE READ AND CITE THE FOLLOWING REFERENCE ++++
H. J. C. Berendsen, D. van der Spoel and R. van Drunen
GROMACS: A message-passing parallel molecular dynamics implementation
Comp. Phys. Comm. 91 (1995) pp. 43-56
-------- -------- --- Thank You --- -------- --------


++++ PLEASE CITE THE DOI FOR THIS VERSION OF GROMACS ++++
https://doi.org/10.5281/zenodo.8134397
-------- -------- --- Thank You --- -------- --------

Input Parameters:
   integrator                     = md
   tinit                          = 0
   dt                             = 0.015
   nsteps                         = 50000
   init-step                      = 0
   simulation-part                = 1
   mts                            = false
   comm-mode                      = Linear
   nstcomm                        = 100
   bd-fric                        = 0
   ld-seed                        = -1385260549
   emtol                          = 10
   emstep                         = 0.01
   niter                          = 20
   fcstep                         = 0
   nstcgsteep                     = 1000
   nbfgscorr                      = 10
   rtpi                           = 0.05
   nstxout                        = 0
   nstvout                        = 0
   nstfout                        = 0
   nstlog                         = 1000
   nstcalcenergy                  = 100
   nstenergy                      = 1000
   nstxout-compressed             = 1000
   compressed-x-precision         = 100
   cutoff-scheme                  = Verlet
   nstlist                        = 20
   pbc                            = xyz
   periodic-molecules             = false
   verlet-buffer-tolerance        = 0.005
   rlist                          = 1.17
   coulombtype                    = Reaction-Field
   coulomb-modifier               = Potential-shift
   rcoulomb-switch                = 0
   rcoulomb                       = 1.1
   epsilon-r                      = 15
   epsilon-rf                     = inf
   vdw-type                       = Cut-off
   vdw-modifier                   = Potential-shift
   rvdw-switch                    = 0
   rvdw                           = 1.1
   DispCorr                       = No
   table-extension                = 1
   fourierspacing                 = 0.12
   fourier-nx                     = 0
   fourier-ny                     = 0
   fourier-nz                     = 0
   pme-order                      = 4
   ewald-rtol                     = 1e-05
   ewald-rtol-lj                  = 0.001
   lj-pme-comb-rule               = Geometric
   ewald-geometry                 = 3d
   epsilon-surface                = 0
   ensemble-temperature-setting   = constant
   ensemble-temperature           = 303.15
   tcoupl                         = V-rescale
   nsttcouple                     = 10
   nh-chain-length                = 0
   print-nose-hoover-chain-variables = false
   pcoupl                         = C-rescale
   pcoupltype                     = Semiisotropic
   nstpcouple                     = 50
   tau-p                          = 5
   compressibility (3x3):
      compressibility[    0]={ 3.00000e-04,  0.00000e+00,  0.00000e+00}
      compressibility[    1]={ 0.00000e+00,  3.00000e-04,  0.00000e+00}
      compressibility[    2]={ 0.00000e+00,  0.00000e+00,  3.00000e-04}
   ref-p (3x3):
      ref-p[    0]={ 1.00000e+00,  0.00000e+00,  0.00000e+00}
      ref-p[    1]={ 0.00000e+00,  1.00000e+00,  0.00000e+00}
      ref-p[    2]={ 0.00000e+00,  0.00000e+00,  1.00000e+00}
   refcoord-scaling               = All
   posres-com (3):
      posres-com[0]= 0.00000e+00
      posres-com[1]= 0.00000e+00
      posres-com[2]= 0.00000e+00
   posres-comB (3):
      posres-comB[0]= 0.00000e+00
      posres-comB[1]= 0.00000e+00
      posres-comB[2]= 0.00000e+00
   QMMM                           = false
qm-opts:
   ngQM                           = 0
   constraint-algorithm           = Lincs
   continuation                   = false
   Shake-SOR                      = false
   shake-tol                      = 0.0001
   lincs-order                    = 4
   lincs-iter                     = 1
   lincs-warnangle                = 30
   nwall                          = 0
   wall-type                      = 9-3
   wall-r-linpot                  = -1
   wall-atomtype[0]               = -1
   wall-atomtype[1]               = -1
   wall-density[0]                = 0
   wall-density[1]                = 0
   wall-ewald-zfac                = 3
   pull                           = false
   awh                            = false
   rotation                       = false
   interactiveMD                  = false
   disre                          = No
   disre-weighting                = Conservative
   disre-mixed                    = false
   dr-fc                          = 1000
   dr-tau                         = 0
   nstdisreout                    = 100
   orire-fc                       = 0
   orire-tau                      = 0
   nstorireout                    = 100
   free-energy                    = no
   cos-acceleration               = 0
   deform (3x3):
      deform[    0]={ 0.00000e+00,  0.00000e+00,  0.00000e+00}
      deform[    1]={ 0.00000e+00,  0.00000e+00,  0.00000e+00}
      deform[    2]={ 0.00000e+00,  0.00000e+00,  0.00000e+00}
   simulated-tempering            = false
   swapcoords                     = no
   userint1                       = 0
   userint2                       = 0
   userint3                       = 0
   userint4                       = 0
   userreal1                      = 0
   userreal2                      = 0
   userreal3                      = 0
   userreal4                      = 0
   applied-forces:
     electric-field:
       x:
         E0                       = 0
         omega                    = 0
         t0                       = 0
         sigma                    = 0
       y:
         E0                       = 0
         omega                    = 0
         t0                       = 0
         sigma                    = 0
       z:
         E0                       = 0
         omega                    = 0
         t0                       = 0
         sigma                    = 0
     density-guided-simulation:
       active                     = false
       group                      = protein
       similarity-measure         = inner-product
       atom-spreading-weight      = unity
       force-constant             = 1e+09
       gaussian-transform-spreading-width = 0.2
       gaussian-transform-spreading-range-in-multiples-of-width = 4
       reference-density-filename = reference.mrc
       nst                        = 1
       normalize-densities        = true
       adaptive-force-scaling     = false
       adaptive-force-scaling-time-constant = 4
       shift-vector               = 
       transformation-matrix      = 
     qmmm-cp2k:
       active                     = false
       qmgroup                    = System
       qmmethod                   = PBE
       qmfilenames                = 
       qmcharge                   = 0
       qmmultiplicity             = 1
grpopts:
   nrdf:     2619.74     8999.12     19090.1
   ref-t:      303.15      303.15      303.15
   tau-t:           1           1           1
annealing:          No          No          No
annealing-npoints:           0           0           0
   acc:	           0           0           0
   nfreeze:           N           N           N
   energygrp-flags[  0]: 0

Changing nstlist from 20 to 25, rlist from 1.17 to 1.202

Update groups can not be used for this system because an incompatible virtual site type is used

Using 1 MPI thread
Using 8 OpenMP threads 

System total charge: 0.000
Reaction-Field:
epsRF = 0, rc = 1.1, krf = 0.375657, crf = 1.36364, epsfac = 9.26236
The electrostatics potential has its minimum at r = 1.1
Potential shift: LJ r^-12: -3.186e-01 r^-6: -5.645e-01


Using SIMD 4x8 nonbonded short-range kernels

Using a dual 4x8 pair-list setup updated with dynamic pruning:
  outer list: updated every 25 steps, buffer 0.102 nm, rlist 1.202 nm
  inner list: updated every  6 steps, buffer 0.001 nm, rlist 1.101 nm
At tolerance 0.005 kJ/mol/ps per atom, equivalent classical 1x1 list would be:
  outer list: updated every 25 steps, buffer 0.186 nm, rlist 1.286 nm
  inner list: updated every  6 steps, buffer 0.022 nm, rlist 1.122 nm

Using full Lennard-Jones parameter combination matrix
Removing pbc first time

Pinning threads with an auto-selected logical cpu stride of 1

Initializing LINear Constraint Solver

++++ PLEASE READ AND CITE THE FOLLOWING REFERENCE ++++
B. Hess
P-LINCS: A Parallel Linear Constraint Solver for molecular simulation
J. Chem. Theory Comput. 4 (2008) pp. 116-122
-------- -------- --- Thank You --- -------- --------

The number of constraints is 392
283 constraints are involved in constraint triangles,
will apply an additional matrix expansion of order 4 for couplings
between constraints inside triangles

++++ PLEASE READ AND CITE THE FOLLOWING REFERENCE ++++
G. Bussi, D. Donadio and M. Parrinello
Canonical sampling through velocity rescaling
J. Chem. Phys. 126 (2007) pp. 014101
-------- -------- --- Thank You --- -------- --------


++++ PLEASE READ AND CITE THE FOLLOWING REFERENCE ++++
M. Bernetti, G. Bussi
Pressure control using stochastic cell rescaling
J. Chem. Phys. 153 (2020) pp. 114107
-------- -------- --- Thank You --- -------- --------

There are: 10368 Atoms
There are: 19 VSites

Constraining the starting coordinates (step 0)

Constraining the coordinates at t0-dt (step 0)
Center of mass motion removal mode is Linear
We have the following groups for center of mass motion removal:
  0:  rest
RMS relative constraint deviation after constraining: 3.05e-06
Initial temperature: 303.788 K

Started mdrun on rank 0 Sun Oct 27 11:34:37 2024

           Step           Time
              0        0.00000

   Energies (kJ/mol)
           Bond       G96Angle  Restr. Angles  Improper Dih.        LJ (SR)
    6.04935e+03    2.55066e+03    2.91572e+02    5.14010e+01   -2.38255e+05
   Coulomb (SR) Position Rest.      Potential    Kinetic En.   Total Energy
   -3.18460e+03    3.27746e+02   -2.32169e+05    3.89524e+04   -1.93216e+05
  Conserved En.    Temperature Pressure (bar)   Constr. rmsd
   -1.93217e+05    3.05116e+02    2.80140e+00    3.17167e-06

           Step           Time
           1000       15.00000

   Energies (kJ/mol)
           Bond       G96Angle  Restr. Angles  Improper Dih.        LJ (SR)
    6.30106e+03    2.45096e+03    2.79450e+02    4.72938e+01   -2.38912e+05
   Coulomb (SR) Position Rest.      Potential    Kinetic En.   Total Energy
   -3.24925e+03    3.92446e+02   -2.32690e+05    3.85799e+04   -1.94110e+05
  Conserved En.    Temperature Pressure (bar)   Constr. rmsd
   -1.93413e+05    3.02197e+02   -8.45042e+01    3.15358e-06

           Step           Time
           2000       30.00000

   Energies (kJ/mol)
           Bond       G96Angle  Restr. Angles  Improper Dih.        LJ (SR)
    6.17714e+03    2.50605e+03    2.96032e+02    5.33802e+01   -2.38944e+05
   Coulomb (SR) Position Rest.      Potential    Kinetic En.   Total Energy
   -3.27595e+03    3.72317e+02   -2.32815e+05    3.86695e+04   -1.94146e+05
  Conserved En.    Temperature Pressure (bar)   Constr. rmsd
   -1.93759e+05    3.02900e+02    3.40129e+01    3.07541e-06

           Step           Time
           3000       45.00000

   Energies (kJ/mol)
           Bond       G96Angle  Restr. Angles  Improper Dih.        LJ (SR)
    5.93908e+03    2.59403e+03    2.62206e+02    5.44495e+01   -2.38209e+05
   Coulomb (SR) Position Rest.      Potential    Kinetic En.   Total Energy
   -3.40677e+03    3.88410e+02   -2.32377e+05    3.88411e+04   -1.93536e+05
  Conserved En.    Temperature Pressure (bar)   Constr. rmsd
   -1.94061e+05    3.04244e+02    9.85661e+00    5.29030e-06

           Step           Time
           4000       60.00000

   Energies (kJ/mol)
           Bond       G96Angle  Restr. Angles  Improper Dih.        LJ (SR)
    6.17772e+03    2.45737e+03    2.87588e+02    6.46269e+01   -2.38798e+05
   Coulomb (SR) Position Rest.      Potential    Kinetic En.   Total Energy
   -3.37155e+03    3.90368e+02   -2.32792e+05    3.88956e+04   -1.93896e+05
  Conserved En.    Temperature Pressure (bar)   Constr. rmsd
   -1.94332e+05    3.04671e+02    3.16229e+01    3.88017e-06

           Step           Time
           5000       75.00000

   Energies (kJ/mol)
           Bond       G96Angle  Restr. Angles  Improper Dih.        LJ (SR)
    6.12480e+03    2.67150e+03    2.91813e+02    4.33392e+01   -2.39434e+05
   Coulomb (SR) Position Rest.      Potential    Kinetic En.   Total Energy
   -3.31803e+03    4.01449e+02   -2.33219e+05    3.90816e+04   -1.94137e+05
  Conserved En.    Temperature Pressure (bar)   Constr. rmsd
   -1.94505e+05    3.06128e+02    8.80374e+01    3.38218e-06

           Step           Time
           6000       90.00000

   Energies (kJ/mol)
           Bond       G96Angle  Restr. Angles  Improper Dih.        LJ (SR)
    6.24960e+03    2.56378e+03    3.19859e+02    5.28756e+01   -2.39463e+05
   Coulomb (SR) Position Rest.      Potential    Kinetic En.   Total Energy
   -3.23236e+03    4.05428e+02   -2.33104e+05    3.82954e+04   -1.94808e+05
  Conserved En.    Temperature Pressure (bar)   Constr. rmsd
   -1.94837e+05    2.99969e+02   -2.80888e+01    2.84032e-06

           Step           Time
           7000      105.00000

   Energies (kJ/mol)
           Bond       G96Angle  Restr. Angles  Improper Dih.        LJ (SR)
    6.06043e+03    2.42697e+03    3.18269e+02    4.53027e+01   -2.38936e+05
   Coulomb (SR) Position Rest.      Potential    Kinetic En.   Total Energy
   -3.31905e+03    4.14350e+02   -2.32990e+05    3.83037e+04   -1.94686e+05
  Conserved En.    Temperature Pressure (bar)   Constr. rmsd
   -1.95137e+05    3.00034e+02   -7.48501e+00    2.77659e-06

           Step           Time
           8000      120.00000

   Energies (kJ/mol)
           Bond       G96Angle  Restr. Angles  Improper Dih.        LJ (SR)
    6.08683e+03    2.49463e+03    2.94067e+02    7.63980e+01   -2.37693e+05
   Coulomb (SR) Position Rest.      Potential    Kinetic En.   Total Energy
   -3.20570e+03    3.81552e+02   -2.31565e+05    3.83218e+04   -1.93243e+05
  Conserved En.    Temperature Pressure (bar)   Constr. rmsd
   -1.95423e+05    3.00176e+02   -4.18131e+01    4.40967e-06

           Step           Time
           9000      135.00000

   Energies (kJ/mol)
           Bond       G96Angle  Restr. Angles  Improper Dih.        LJ (SR)
    6.16131e+03    2.46709e+03    2.94282e+02    3.83083e+01   -2.37211e+05
   Coulomb (SR) Position Rest.      Potential    Kinetic En.   Total Energy
   -3.28816e+03    3.97123e+02   -2.31141e+05    3.85030e+04   -1.92638e+05
  Conserved En.    Temperature Pressure (bar)   Constr. rmsd
   -1.95734e+05    3.01595e+02   -7.12318e+01    3.76609e-06

           Step           Time
          10000      150.00000

   Energies (kJ/mol)
           Bond       G96Angle  Restr. Angles  Improper Dih.        LJ (SR)
    5.95539e+03    2.53218e+03    3.08474e+02    4.47107e+01   -2.39532e+05
   Coulomb (SR) Position Rest.      Potential    Kinetic En.   Total Energy
   -3.29669e+03    4.27943e+02   -2.33560e+05    3.84874e+04   -1.95073e+05
  Conserved En.    Temperature Pressure (bar)   Constr. rmsd
   -1.96128e+05    3.01473e+02   -7.76721e+00    3.15290e-06

           Step           Time
          11000      165.00000

   Energies (kJ/mol)
           Bond       G96Angle  Restr. Angles  Improper Dih.        LJ (SR)
    6.32717e+03    2.48694e+03    2.85948e+02    3.99066e+01   -2.38561e+05
   Coulomb (SR) Position Rest.      Potential    Kinetic En.   Total Energy
   -3.23108e+03    4.27202e+02   -2.32225e+05    3.86991e+04   -1.93526e+05
  Conserved En.    Temperature Pressure (bar)   Constr. rmsd
   -1.96325e+05    3.03131e+02   -3.26971e+01    4.64144e-06

           Step           Time
          12000      180.00000

   Energies (kJ/mol)
           Bond       G96Angle  Restr. Angles  Improper Dih.        LJ (SR)
    6.08342e+03    2.43855e+03    2.71226e+02    4.18118e+01   -2.39243e+05
   Coulomb (SR) Position Rest.      Potential    Kinetic En.   Total Energy
   -3.14424e+03    4.55856e+02   -2.33096e+05    3.90596e+04   -1.94037e+05
  Conserved En.    Temperature Pressure (bar)   Constr. rmsd
   -1.96502e+05    3.05955e+02    2.74959e+01    3.63140e-06

           Step           Time
          13000      195.00000

   Energies (kJ/mol)
           Bond       G96Angle  Restr. Angles  Improper Dih.        LJ (SR)
    5.99892e+03    2.41228e+03    3.13882e+02    5.24643e+01   -2.38043e+05
   Coulomb (SR) Position Rest.      Potential    Kinetic En.   Total Energy
   -3.16307e+03    4.13952e+02   -2.32015e+05    3.90138e+04   -1.93001e+05
  Conserved En.    Temperature Pressure (bar)   Constr. rmsd
   -1.96891e+05    3.05596e+02   -4.09062e+01    3.44073e-06

           Step           Time
          14000      210.00000

   Energies (kJ/mol)
           Bond       G96Angle  Restr. Angles  Improper Dih.        LJ (SR)
    6.08606e+03    2.45321e+03    2.98879e+02    4.64968e+01   -2.38433e+05
   Coulomb (SR) Position Rest.      Potential    Kinetic En.   Total Energy
   -3.23293e+03    4.44578e+02   -2.32337e+05    3.88897e+04   -1.93447e+05
  Conserved En.    Temperature Pressure (bar)   Constr. rmsd
   -1.97041e+05    3.04624e+02    2.09400e+01    2.83539e-06

           Step           Time
          15000      225.00000

   Energies (kJ/mol)
           Bond       G96Angle  Restr. Angles  Improper Dih.        LJ (SR)
    6.06942e+03    2.54071e+03    3.07481e+02    5.12357e+01   -2.38763e+05
   Coulomb (SR) Position Rest.      Potential    Kinetic En.   Total Energy
   -3.31764e+03    4.74290e+02   -2.32637e+05    3.83647e+04   -1.94273e+05
  Conserved En.    Temperature Pressure (bar)   Constr. rmsd
   -1.97288e+05    3.00512e+02    3.38276e+00    3.37400e-06

           Step           Time
          16000      240.00000

   Energies (kJ/mol)
           Bond       G96Angle  Restr. Angles  Improper Dih.        LJ (SR)
    6.04943e+03    2.50928e+03    2.62547e+02    6.12415e+01   -2.38526e+05
   Coulomb (SR) Position Rest.      Potential    Kinetic En.   Total Energy
   -3.27261e+03    4.14239e+02   -2.32502e+05    3.86537e+04   -1.93848e+05
  Conserved En.    Temperature Pressure (bar)   Constr. rmsd
   -1.97659e+05    3.02776e+02   -4.38753e+01    2.89356e-06

           Step           Time
          17000      255.00000

   Energies (kJ/mol)
           Bond       G96Angle  Restr. Angles  Improper Dih.        LJ (SR)
    6.21362e+03    2.57220e+03    2.71229e+02    5.37483e+01   -2.38837e+05
   Coulomb (SR) Position Rest.      Potential    Kinetic En.   Total Energy
   -3.32259e+03    4.41768e+02   -2.32607e+05    3.84847e+04   -1.94122e+05
  Conserved En.    Temperature Pressure (bar)   Constr. rmsd
   -1.97966e+05    3.01452e+02   -2.33565e+01    4.12768e-06

           Step           Time
          18000      270.00000

   Energies (kJ/mol)
           Bond       G96Angle  Restr. Angles  Improper Dih.        LJ (SR)
    6.31520e+03    2.52613e+03    2.70851e+02    6.09124e+01   -2.39597e+05
   Coulomb (SR) Position Rest.      Potential    Kinetic En.   Total Energy
   -3.25618e+03    4.63257e+02   -2.33217e+05    3.91890e+04   -1.94028e+05
  Conserved En.    Temperature Pressure (bar)   Constr. rmsd
   -1.98152e+05    3.06969e+02    1.09513e+02    3.36044e-06

           Step           Time
          19000      285.00000

   Energies (kJ/mol)
           Bond       G96Angle  Restr. Angles  Improper Dih.        LJ (SR)
    6.31823e+03    2.55893e+03    2.86085e+02    4.31670e+01   -2.38701e+05
   Coulomb (SR) Position Rest.      Potential    Kinetic En.   Total Energy
   -3.24748e+03    4.28236e+02   -2.32313e+05    3.89849e+04   -1.93329e+05
  Conserved En.    Temperature Pressure (bar)   Constr. rmsd
   -1.98584e+05    3.05371e+02    2.02309e+01    2.90378e-06

           Step           Time
          20000      300.00000

   Energies (kJ/mol)
           Bond       G96Angle  Restr. Angles  Improper Dih.        LJ (SR)
    6.15372e+03    2.58937e+03    2.98084e+02    6.29191e+01   -2.37542e+05
   Coulomb (SR) Position Rest.      Potential    Kinetic En.   Total Energy
   -3.20753e+03    4.37610e+02   -2.31207e+05    3.92601e+04   -1.91947e+05
  Conserved En.    Temperature Pressure (bar)   Constr. rmsd
   -1.98857e+05    3.07525e+02    1.19343e+01    5.28007e-06

           Step           Time
          21000      315.00000

   Energies (kJ/mol)
           Bond       G96Angle  Restr. Angles  Improper Dih.        LJ (SR)
    6.16982e+03    2.56187e+03    2.62247e+02    4.53211e+01   -2.38642e+05
   Coulomb (SR) Position Rest.      Potential    Kinetic En.   Total Energy
   -3.24025e+03    4.61933e+02   -2.32381e+05    3.86620e+04   -1.93719e+05
  Conserved En.    Temperature Pressure (bar)   Constr. rmsd
   -1.99059e+05    3.02841e+02   -9.55907e+00    3.51783e-06

           Step           Time
          22000      330.00000

   Energies (kJ/mol)
           Bond       G96Angle  Restr. Angles  Improper Dih.        LJ (SR)
    6.24135e+03    2.51279e+03    2.81563e+02    4.96697e+01   -2.38392e+05
   Coulomb (SR) Position Rest.      Potential    Kinetic En.   Total Energy
   -3.38245e+03    4.12364e+02   -2.32277e+05    3.89965e+04   -1.93280e+05
  Conserved En.    Temperature Pressure (bar)   Constr. rmsd
   -1.99565e+05    3.05461e+02    8.93986e+01    5.06536e-06

           Step           Time
          23000      345.00000

   Energies (kJ/mol)
           Bond       G96Angle  Restr. Angles  Improper Dih.        LJ (SR)
    6.31866e+03    2.49339e+03    2.91826e+02    7.69606e+01   -2.37628e+05
   Coulomb (SR) Position Rest.      Potential    Kinetic En.   Total Energy
   -3.33948e+03    4.18958e+02   -2.31368e+05    3.89918e+04   -1.92376e+05
  Conserved En.    Temperature Pressure (bar)   Constr. rmsd
   -1.99726e+05    3.05424e+02   -4.38156e+01    2.95990e-06

           Step           Time
          24000      360.00000

   Energies (kJ/mol)
           Bond       G96Angle  Restr. Angles  Improper Dih.        LJ (SR)
    6.35126e+03    2.57943e+03    2.72587e+02    4.49405e+01   -2.38324e+05
   Coulomb (SR) Position Rest.      Potential    Kinetic En.   Total Energy
   -3.29777e+03    4.41809e+02   -2.31931e+05    3.87682e+04   -1.93163e+05
  Conserved En.    Temperature Pressure (bar)   Constr. rmsd
   -2.00005e+05    3.03672e+02   -4.15676e+01    3.34282e-06

           Step           Time
          25000      375.00000

   Energies (kJ/mol)
           Bond       G96Angle  Restr. Angles  Improper Dih.        LJ (SR)
    6.29100e+03    2.58459e+03    2.70971e+02    4.67111e+01   -2.39437e+05
   Coulomb (SR) Position Rest.      Potential    Kinetic En.   Total Energy
   -3.33901e+03    4.19607e+02   -2.33163e+05    3.82941e+04   -1.94869e+05
  Conserved En.    Temperature Pressure (bar)   Constr. rmsd
   -2.00355e+05    2.99959e+02   -2.82964e+01    2.99131e-06

           Step           Time
          26000      390.00000

   Energies (kJ/mol)
           Bond       G96Angle  Restr. Angles  Improper Dih.        LJ (SR)
    6.18888e+03    2.57466e+03    3.07155e+02    4.69189e+01   -2.38867e+05
   Coulomb (SR) Position Rest.      Potential    Kinetic En.   Total Energy
   -3.18880e+03    4.28666e+02   -2.32510e+05    3.80825e+04   -1.94428e+05
  Conserved En.    Temperature Pressure (bar)   Constr. rmsd
   -2.00570e+05    2.98301e+02   -5.30129e+01    3.07591e-06

           Step           Time
          27000      405.00000

   Energies (kJ/mol)
           Bond       G96Angle  Restr. Angles  Improper Dih.        LJ (SR)
    6.09826e+03    2.52560e+03    3.22456e+02    3.73995e+01   -2.37920e+05
   Coulomb (SR) Position Rest.      Potential    Kinetic En.   Total Energy
   -3.29363e+03    4.40531e+02   -2.31789e+05    3.89943e+04   -1.92795e+05
  Conserved En.    Temperature Pressure (bar)   Constr. rmsd
   -2.01102e+05    3.05444e+02   -2.08409e+01    3.67675e-06

           Step           Time
          28000      420.00000

   Energies (kJ/mol)
           Bond       G96Angle  Restr. Angles  Improper Dih.        LJ (SR)
    5.98458e+03    2.41953e+03    3.08020e+02    6.16558e+01   -2.38799e+05
   Coulomb (SR) Position Rest.      Potential    Kinetic En.   Total Energy
   -3.34429e+03    4.57727e+02   -2.32912e+05    3.85887e+04   -1.94323e+05
  Conserved En.    Temperature Pressure (bar)   Constr. rmsd
   -2.01244e+05    3.02267e+02   -4.69489e+01    3.05537e-06

           Step           Time
          29000      435.00000

   Energies (kJ/mol)
           Bond       G96Angle  Restr. Angles  Improper Dih.        LJ (SR)
    5.85137e+03    2.47519e+03    3.04928e+02    4.03016e+01   -2.38684e+05
   Coulomb (SR) Position Rest.      Potential    Kinetic En.   Total Energy
   -3.34741e+03    4.17496e+02   -2.32943e+05    3.83672e+04   -1.94575e+05
  Conserved En.    Temperature Pressure (bar)   Constr. rmsd
   -2.01408e+05    3.00531e+02   -8.25648e+01    4.05734e-06

           Step           Time
          30000      450.00000

   Energies (kJ/mol)
           Bond       G96Angle  Restr. Angles  Improper Dih.        LJ (SR)
    5.95176e+03    2.58215e+03    3.21641e+02    6.52764e+01   -2.38877e+05
   Coulomb (SR) Position Rest.      Potential    Kinetic En.   Total Energy
   -3.36959e+03    4.13270e+02   -2.32912e+05    3.85843e+04   -1.94328e+05
  Conserved En.    Temperature Pressure (bar)   Constr. rmsd
   -2.01731e+05    3.02233e+02   -2.67499e+01    2.88546e-06

           Step           Time
          31000      465.00000

   Energies (kJ/mol)
           Bond       G96Angle  Restr. Angles  Improper Dih.        LJ (SR)
    6.22830e+03    2.52047e+03    2.88919e+02    4.40455e+01   -2.38835e+05
   Coulomb (SR) Position Rest.      Potential    Kinetic En.   Total Energy
   -3.29972e+03    3.98390e+02   -2.32654e+05    3.85570e+04   -1.94097e+05
  Conserved En.    Temperature Pressure (bar)   Constr. rmsd
   -2.02182e+05    3.02018e+02    1.09425e+01    3.56957e-06

           Step           Time
          32000      480.00000

   Energies (kJ/mol)
           Bond       G96Angle  Restr. Angles  Improper Dih.        LJ (SR)
    6.15057e+03    2.50165e+03    3.05808e+02    6.79506e+01   -2.38650e+05
   Coulomb (SR) Position Rest.      Potential    Kinetic En.   Total Energy
   -3.25996e+03    4.30728e+02   -2.32453e+05    3.88994e+04   -1.93553e+05
  Conserved En.    Temperature Pressure (bar)   Constr. rmsd
   -2.02553e+05    3.04701e+02    1.51814e+01    3.16167e-06

           Step           Time
          33000      495.00000

   Energies (kJ/mol)
           Bond       G96Angle  Restr. Angles  Improper Dih.        LJ (SR)
    6.23096e+03    2.51570e+03    2.59589e+02    6.09269e+01   -2.39335e+05
   Coulomb (SR) Position Rest.      Potential    Kinetic En.   Total Energy
   -3.22005e+03    4.29220e+02   -2.33059e+05    3.84987e+04   -1.94560e+05
  Conserved En.    Temperature Pressure (bar)   Constr. rmsd
   -2.02741e+05    3.01561e+02   -1.16746e+01    3.94344e-06

           Step           Time
          34000      510.00000

   Energies (kJ/mol)
           Bond       G96Angle  Restr. Angles  Improper Dih.        LJ (SR)
    6.21455e+03    2.55248e+03    3.13911e+02    6.73160e+01   -2.39131e+05
   Coulomb (SR) Position Rest.      Potential    Kinetic En.   Total Energy
   -3.34065e+03    4.20985e+02   -2.32903e+05    3.88209e+04   -1.94082e+05
  Conserved En.    Temperature Pressure (bar)   Constr. rmsd
   -2.03170e+05    3.04085e+02    2.49103e+01    4.29091e-06

           Step           Time
          35000      525.00000

   Energies (kJ/mol)
           Bond       G96Angle  Restr. Angles  Improper Dih.        LJ (SR)
    6.13098e+03    2.57393e+03    2.81566e+02    6.58502e+01   -2.38347e+05
   Coulomb (SR) Position Rest.      Potential    Kinetic En.   Total Energy
   -3.24407e+03    4.28407e+02   -2.32111e+05    3.90498e+04   -1.93061e+05
  Conserved En.    Temperature Pressure (bar)   Constr. rmsd
   -2.03501e+05    3.05878e+02    4.21603e+01    3.17032e-06

           Step           Time
          36000      540.00000

   Energies (kJ/mol)
           Bond       G96Angle  Restr. Angles  Improper Dih.        LJ (SR)
    6.07154e+03    2.64310e+03    2.92804e+02    5.31084e+01   -2.39006e+05
   Coulomb (SR) Position Rest.      Potential    Kinetic En.   Total Energy
   -3.24243e+03    4.25570e+02   -2.32763e+05    3.88873e+04   -1.93875e+05
  Conserved En.    Temperature Pressure (bar)   Constr. rmsd
   -2.03825e+05    3.04605e+02   -1.87648e+01    3.97583e-06

           Step           Time
          37000      555.00000

   Energies (kJ/mol)
           Bond       G96Angle  Restr. Angles  Improper Dih.        LJ (SR)
    6.05741e+03    2.56601e+03    2.96536e+02    4.24144e+01   -2.39899e+05
   Coulomb (SR) Position Rest.      Potential    Kinetic En.   Total Energy
   -3.28731e+03    4.13831e+02   -2.33810e+05    3.80544e+04   -1.95755e+05
  Conserved En.    Temperature Pressure (bar)   Constr. rmsd
   -2.04100e+05    2.98082e+02    2.34171e+00    2.89415e-06

           Step           Time
          38000      570.00000

   Energies (kJ/mol)
           Bond       G96Angle  Restr. Angles  Improper Dih.        LJ (SR)
    6.12958e+03    2.66652e+03    3.01914e+02    7.05268e+01   -2.38362e+05
   Coulomb (SR) Position Rest.      Potential    Kinetic En.   Total Energy
   -3.17857e+03    4.16263e+02   -2.31956e+05    3.92179e+04   -1.92738e+05
  Conserved En.    Temperature Pressure (bar)   Constr. rmsd
   -2.04484e+05    3.07195e+02    2.30406e+01    2.90370e-06

           Step           Time
          39000      585.00000

   Energies (kJ/mol)
           Bond       G96Angle  Restr. Angles  Improper Dih.        LJ (SR)
    5.96544e+03    2.68339e+03    2.90815e+02    6.29909e+01   -2.40052e+05
   Coulomb (SR) Position Rest.      Potential    Kinetic En.   Total Energy
   -3.25884e+03    4.33533e+02   -2.33875e+05    3.85658e+04   -1.95309e+05
  Conserved En.    Temperature Pressure (bar)   Constr. rmsd
   -2.04663e+05    3.02087e+02    2.64641e+00    2.79460e-06

           Step           Time
          40000      600.00000

   Energies (kJ/mol)
           Bond       G96Angle  Restr. Angles  Improper Dih.        LJ (SR)
    5.89403e+03    2.63336e+03    3.17339e+02    4.90777e+01   -2.39222e+05
   Coulomb (SR) Position Rest.      Potential    Kinetic En.   Total Energy
   -3.28043e+03    4.45207e+02   -2.33163e+05    3.75185e+04   -1.95645e+05
  Conserved En.    Temperature Pressure (bar)   Constr. rmsd
   -2.04963e+05    2.93884e+02   -3.32782e+01    3.44341e-06

           Step           Time
          41000      615.00000

   Energies (kJ/mol)
           Bond       G96Angle  Restr. Angles  Improper Dih.        LJ (SR)
    6.39612e+03    2.68472e+03    2.86630e+02    5.38750e+01   -2.37901e+05
   Coulomb (SR) Position Rest.      Potential    Kinetic En.   Total Energy
   -3.31618e+03    4.48778e+02   -2.31347e+05    3.90444e+04   -1.92303e+05
  Conserved En.    Temperature Pressure (bar)   Constr. rmsd
   -2.05417e+05    3.05837e+02    1.79633e+01    3.28794e-06

           Step           Time
          42000      630.00000

   Energies (kJ/mol)
           Bond       G96Angle  Restr. Angles  Improper Dih.        LJ (SR)
    6.15758e+03    2.57313e+03    2.85015e+02    7.14786e+01   -2.39565e+05
   Coulomb (SR) Position Rest.      Potential    Kinetic En.   Total Energy
   -3.21039e+03    4.77859e+02   -2.33210e+05    3.86089e+04   -1.94601e+05
  Conserved En.    Temperature Pressure (bar)   Constr. rmsd
   -2.05655e+05    3.02425e+02    6.81716e+01    2.89376e-06

           Step           Time
          43000      645.00000

   Energies (kJ/mol)
           Bond       G96Angle  Restr. Angles  Improper Dih.        LJ (SR)
    6.09339e+03    2.55557e+03    3.08356e+02    6.09823e+01   -2.38495e+05
   Coulomb (SR) Position Rest.      Potential    Kinetic En.   Total Energy
   -3.24384e+03    4.43198e+02   -2.32277e+05    3.80876e+04   -1.94190e+05
  Conserved En.    Temperature Pressure (bar)   Constr. rmsd
   -2.06001e+05    2.98341e+02    2.45230e+00    7.54762e-06

           Step           Time
          44000      660.00000

   Energies (kJ/mol)
           Bond       G96Angle  Restr. Angles  Improper Dih.        LJ (SR)
    6.29350e+03    2.59925e+03    3.01167e+02    3.59304e+01   -2.38841e+05
   Coulomb (SR) Position Rest.      Potential    Kinetic En.   Total Energy
   -3.26193e+03    4.51900e+02   -2.32421e+05    3.81729e+04   -1.94248e+05
  Conserved En.    Temperature Pressure (bar)   Constr. rmsd
   -2.06322e+05    2.99009e+02   -1.31830e+01    3.19366e-06

           Step           Time
          45000      675.00000

   Energies (kJ/mol)
           Bond       G96Angle  Restr. Angles  Improper Dih.        LJ (SR)
    6.24470e+03    2.75400e+03    3.22108e+02    6.97281e+01   -2.37533e+05
   Coulomb (SR) Position Rest.      Potential    Kinetic En.   Total Energy
   -3.34715e+03    4.36428e+02   -2.31053e+05    3.89609e+04   -1.92092e+05
  Conserved En.    Temperature Pressure (bar)   Constr. rmsd
   -2.06836e+05    3.05182e+02    1.31235e+01    3.99690e-06

           Step           Time
          46000      690.00000

   Energies (kJ/mol)
           Bond       G96Angle  Restr. Angles  Improper Dih.        LJ (SR)
    6.03694e+03    2.59394e+03    3.00909e+02    7.28232e+01   -2.38359e+05
   Coulomb (SR) Position Rest.      Potential    Kinetic En.   Total Energy
   -3.27939e+03    4.27503e+02   -2.32206e+05    3.84899e+04   -1.93716e+05
  Conserved En.    Temperature Pressure (bar)   Constr. rmsd
   -2.07021e+05    3.01492e+02    1.83685e+01    2.97114e-06

           Step           Time
          47000      705.00000

   Energies (kJ/mol)
           Bond       G96Angle  Restr. Angles  Improper Dih.        LJ (SR)
    6.18073e+03    2.56184e+03    3.03155e+02    6.74275e+01   -2.39326e+05
   Coulomb (SR) Position Rest.      Potential    Kinetic En.   Total Energy
   -3.27139e+03    4.54255e+02   -2.33030e+05    3.84488e+04   -1.94581e+05
  Conserved En.    Temperature Pressure (bar)   Constr. rmsd
   -2.07333e+05    3.01170e+02   -6.15141e+01    3.10227e-06

           Step           Time
          48000      720.00000

   Energies (kJ/mol)
           Bond       G96Angle  Restr. Angles  Improper Dih.        LJ (SR)
    5.98848e+03    2.51696e+03    3.24992e+02    6.94648e+01   -2.38594e+05
   Coulomb (SR) Position Rest.      Potential    Kinetic En.   Total Energy
   -3.31430e+03    4.32903e+02   -2.32576e+05    3.95165e+04   -1.93059e+05
  Conserved En.    Temperature Pressure (bar)   Constr. rmsd
   -2.07871e+05    3.09534e+02    2.21135e+01    5.22483e-06

           Step           Time
          49000      735.00000

   Energies (kJ/mol)
           Bond       G96Angle  Restr. Angles  Improper Dih.        LJ (SR)
    6.18347e+03    2.63539e+03    2.97453e+02    7.28839e+01   -2.38309e+05
   Coulomb (SR) Position Rest.      Potential    Kinetic En.   Total Energy
   -3.21509e+03    4.54895e+02   -2.31880e+05    3.85433e+04   -1.93337e+05
  Conserved En.    Temperature Pressure (bar)   Constr. rmsd
   -2.08105e+05    3.01911e+02   -3.30679e+01    4.00383e-06

           Step           Time
          50000      750.00000

Writing checkpoint, step 50000 at Sun Oct 27 11:35:40 2024


   Energies (kJ/mol)
           Bond       G96Angle  Restr. Angles  Improper Dih.        LJ (SR)
    6.37096e+03    2.69961e+03    2.79263e+02    3.91743e+01   -2.39101e+05
   Coulomb (SR) Position Rest.      Potential    Kinetic En.   Total Energy
   -3.23090e+03    4.43282e+02   -2.32500e+05    3.82141e+04   -1.94285e+05
  Conserved En.    Temperature Pressure (bar)   Constr. rmsd
   -2.08338e+05    2.99333e+02    1.18287e+01    3.95408e-06


Energy conservation over simulation part #1 of length 750 ps, time 0 to 750 ps
  Conserved energy drift: -1.94e-03 kJ/mol/ps per atom


	<======  ###############  ==>
	<====  A V E R A G E S  ====>
	<==  ###############  ======>

	Statistics over 50001 steps using 501 frames

   Energies (kJ/mol)
           Bond       G96Angle  Restr. Angles  Improper Dih.        LJ (SR)
    6.14993e+03    2.54178e+03    2.96898e+02    5.33463e+01   -2.38848e+05
   Coulomb (SR) Position Rest.      Potential    Kinetic En.   Total Energy
   -3.27185e+03    4.26219e+02   -2.32652e+05    3.86196e+04   -1.94032e+05
  Conserved En.    Temperature Pressure (bar)   Constr. rmsd
   -2.00479e+05    3.02509e+02   -1.74978e+00    0.00000e+00

          Box-X          Box-Y          Box-Z
    9.76405e+00    9.76405e+00    1.16895e+01

   Total Virial (kJ/mol)
    1.29323e+04   -1.48687e+01    5.71969e+01
   -1.48687e+01    1.28226e+04   -6.82238e+01
    5.71979e+01   -6.82201e+01    1.30495e+04

   Pressure (bar)
   -1.72734e+00    5.02255e-01   -1.68835e+00
    5.02256e-01    1.60019e+00    2.40846e+00
   -1.68838e+00    2.40835e+00   -5.12219e+00

      T-PROTEIN     T-MEMBRANE       T-SOLUTE
    3.02119e+02    3.02618e+02    3.02510e+02


	M E G A - F L O P S   A C C O U N T I N G

 NB=Group-cutoff nonbonded kernels    NxN=N-by-N cluster Verlet kernels
 RF=Reaction-Field  VdW=Van der Waals  QSTab=quadratic-spline table
 W3=SPC/TIP3p  W4=TIP4p (single or pairs)
 V&F=Potential and force  V=Potential only  F=Force only

 Computing:                               M-Number         M-Flops  % Flops
-----------------------------------------------------------------------------
 Pair Search distance check            2724.393302       24519.540     1.1
 NxN RF Elec. + LJ [F]                13578.342512      515977.015    22.6
 NxN RF Elec. + LJ [V&F]                137.386720        7418.883     0.3
 NxN LJ [F]                           50435.946496     1664386.234    72.8
 NxN LJ [V&F]                           510.526880       21952.656     1.0
 NxN RF Electrostatics [F]               21.511056         666.843     0.0
 NxN RF Electrostatics [V&F]              0.214560           7.724     0.0
 Shift-X                                 20.784387         124.706     0.0
 Bonds                                  293.155863       17296.196     0.8
 Angles                                 148.052961       24872.897     1.1
 Impropers                                2.050041         426.409     0.0
 Pos. Restr.                             33.550671        1677.534     0.1
 Virial                                  10.442432         187.964     0.0
 Stop-CM                                  5.214274          52.143     0.0
 P-Coupling                              10.397387          62.384     0.0
 Calc-Ekin                              103.890774        2805.051     0.1
 Lincs                                   19.601176        1176.071     0.1
 Lincs-Mat                              381.622896        1526.492     0.1
 Constraint-V                            39.201568         352.814     0.0
 Constraint-Vir                           0.392392           9.417     0.0
 Virtual Site N                           3.876152          58.142     0.0
-----------------------------------------------------------------------------
 Total                                                 2285557.115   100.0
-----------------------------------------------------------------------------


      R E A L   C Y C L E   A N D   T I M E   A C C O U N T I N G

On 1 MPI rank, each using 8 OpenMP threads

 Activity:              Num   Num      Call    Wall time         Giga-Cycles
                        Ranks Threads  Count      (s)         total sum    %
--------------------------------------------------------------------------------
 Vsite constr.             1    8      50001       0.811         15.562   1.3
 Neighbor search           1    8       2001       3.681         70.677   5.8
 Force                     1    8      50001      34.886        669.813  55.4
 NB X/F buffer ops.        1    8      98001       7.445        142.936  11.8
 Vsite spread              1    8      51002       2.972         57.059   4.7
 Write traj.               1    8         51       0.186          3.564   0.3
 Update                    1    8      50001       2.811         53.975   4.5
 Constraints               1    8      50003       9.313        178.811  14.8
 Rest                                              0.897         17.217   1.4
--------------------------------------------------------------------------------
 Total                                            63.001       1209.613 100.0
--------------------------------------------------------------------------------

               Core t (s)   Wall t (s)        (%)
       Time:      503.991       63.001      800.0
                 (ns/day)    (hour/ns)
Performance:     1028.583        0.023
Finished mdrun on rank 0 Sun Oct 27 11:35:40 2024

