                      :-) GROMACS - gmx mdrun, 2023.2 (-:

Copyright 1991-2023 The GROMACS Authors.
GROMACS is free software; you can redistribute it and/or modify it
under the terms of the GNU Lesser General Public License
as published by the Free Software Foundation; either version 2.1
of the License, or (at your option) any later version.

                         Current GROMACS contributors:
       Mark Abraham           Andrey Alekseenko           Cathrine Bergh      
      Christian Blau            Eliane Briand             Mahesh Doijade      
    Stefan Fleischmann           Vytas Gapsys              Gaurav Garg        
      Sergey Gorelov         Gilles Gouaillardet            Alan Gray         
     M. Eric Irrgang         Farzaneh Jalalypour            Joe Jordan        
    Christoph Junghans        Prashanth Kanduri          Sebastian Keller     
     Carsten Kutzner           Justin A. Lemkul          Magnus Lundborg      
       Pascal Merz              Vedran Miletic            Dmitry Morozov      
       Szilard Pall             Roland Schulz             Michael Shirts      
     Alexey Shvetsov            Balint Soproni         David van der Spoel    
      Philip Turner             Carsten Uphoff           Alessandra Villa     
 Sebastian Wingbermuehle        Artem Zhmurov       

                         Previous GROMACS contributors:
        Emile Apol             Rossen Apostolov           James Barnett       
  Herman J.C. Berendsen          Par Bjelkmar           Viacheslav Bolnykh    
        Kevin Boyd            Aldert van Buuren          Carlo Camilloni      
     Rudi van Drunen            Anton Feenstra           Oliver Fleetwood     
     Gerrit Groenhof            Bert de Groot             Anca Hamuraru       
    Vincent Hindriksen          Victor Holanda           Aleksei Iupinov      
   Dimitrios Karkoulis           Peter Kasson             Sebastian Kehl      
        Jiri Kraus               Per Larsson              Viveca Lindahl      
      Erik Marklund           Pieter Meulenhoff           Teemu Murtola       
       Sander Pronk             Alfons Sijbers            Peter Tieleman      
       Jon Vincent             Teemu Virolainen         Christian Wennberg    
       Maarten Wolf       

                  Coordinated by the GROMACS project leaders:
                    Paul Bauer, Berk Hess, and Erik Lindahl

GROMACS:      gmx mdrun, version 2023.2
Executable:   /usr/local/gromacs/bin/gmx
Data prefix:  /usr/local/gromacs
Working dir:  /home/tyac/computational_chemistry-TC/Examples/CG
Process ID:   6174
Command line:
  gmx mdrun -deffnm step6.4_equilibration

GROMACS version:    2023.2
Precision:          mixed
Memory model:       64 bit
MPI library:        thread_mpi
OpenMP support:     enabled (GMX_OPENMP_MAX_THREADS = 128)
GPU support:        disabled
SIMD instructions:  AVX2_256
CPU FFT library:    fftw-3.3.8-sse2-avx-avx2-avx2_128
GPU FFT library:    none
Multi-GPU FFT:      none
RDTSCP usage:       enabled
TNG support:        enabled
Hwloc support:      disabled
Tracing support:    disabled
C compiler:         /usr/bin/cc GNU 11.4.0
C compiler flags:   -fexcess-precision=fast -funroll-all-loops -mavx2 -mfma -Wno-missing-field-initializers -O3 -DNDEBUG
C++ compiler:       /usr/bin/c++ GNU 11.4.0
C++ compiler flags: -fexcess-precision=fast -funroll-all-loops -mavx2 -mfma -Wno-missing-field-initializers -Wno-cast-function-type-strict -fopenmp -O3 -DNDEBUG
BLAS library:       Internal
LAPACK library:     Internal


Running on 1 node with total 4 cores, 8 processing units
Hardware detected on host Tyac:
  CPU info:
    Vendor: Intel
    Brand:  Intel(R) Core(TM) i5-9300H CPU @ 2.40GHz
    Family: 6   Model: 158   Stepping: 13
    Features: aes apic avx avx2 clfsh cmov cx8 cx16 f16c fma htt intel lahf mmx msr pcid pclmuldq pdcm pdpe1gb popcnt pse rdrnd rdtscp sse2 sse3 sse4.1 sse4.2 ssse3
  Hardware topology: Basic
    Packages, cores, and logical processors:
    [indices refer to OS logical processors]
      Package  0: [   0   1] [   2   3] [   4   5] [   6   7]
    CPU limit set by OS: -1   Recommended max number of threads: 8


++++ PLEASE READ AND CITE THE FOLLOWING REFERENCE ++++
M. J. Abraham, T. Murtola, R. Schulz, S. Páll, J. C. Smith, B. Hess, E.
Lindahl
GROMACS: High performance molecular simulations through multi-level
parallelism from laptops to supercomputers
SoftwareX 1 (2015) pp. 19-25
-------- -------- --- Thank You --- -------- --------


++++ PLEASE READ AND CITE THE FOLLOWING REFERENCE ++++
S. Páll, M. J. Abraham, C. Kutzner, B. Hess, E. Lindahl
Tackling Exascale Software Challenges in Molecular Dynamics Simulations with
GROMACS
In S. Markidis & E. Laure (Eds.), Solving Software Challenges for Exascale 8759 (2015) pp. 3-27
-------- -------- --- Thank You --- -------- --------


++++ PLEASE READ AND CITE THE FOLLOWING REFERENCE ++++
S. Pronk, S. Páll, R. Schulz, P. Larsson, P. Bjelkmar, R. Apostolov, M. R.
Shirts, J. C. Smith, P. M. Kasson, D. van der Spoel, B. Hess, and E. Lindahl
GROMACS 4.5: a high-throughput and highly parallel open source molecular
simulation toolkit
Bioinformatics 29 (2013) pp. 845-54
-------- -------- --- Thank You --- -------- --------


++++ PLEASE READ AND CITE THE FOLLOWING REFERENCE ++++
B. Hess and C. Kutzner and D. van der Spoel and E. Lindahl
GROMACS 4: Algorithms for highly efficient, load-balanced, and scalable
molecular simulation
J. Chem. Theory Comput. 4 (2008) pp. 435-447
-------- -------- --- Thank You --- -------- --------


++++ PLEASE READ AND CITE THE FOLLOWING REFERENCE ++++
D. van der Spoel, E. Lindahl, B. Hess, G. Groenhof, A. E. Mark and H. J. C.
Berendsen
GROMACS: Fast, Flexible and Free
J. Comp. Chem. 26 (2005) pp. 1701-1719
-------- -------- --- Thank You --- -------- --------


++++ PLEASE READ AND CITE THE FOLLOWING REFERENCE ++++
E. Lindahl and B. Hess and D. van der Spoel
GROMACS 3.0: A package for molecular simulation and trajectory analysis
J. Mol. Mod. 7 (2001) pp. 306-317
-------- -------- --- Thank You --- -------- --------


++++ PLEASE READ AND CITE THE FOLLOWING REFERENCE ++++
H. J. C. Berendsen, D. van der Spoel and R. van Drunen
GROMACS: A message-passing parallel molecular dynamics implementation
Comp. Phys. Comm. 91 (1995) pp. 43-56
-------- -------- --- Thank You --- -------- --------


++++ PLEASE CITE THE DOI FOR THIS VERSION OF GROMACS ++++
https://doi.org/10.5281/zenodo.8134397
-------- -------- --- Thank You --- -------- --------

Input Parameters:
   integrator                     = md
   tinit                          = 0
   dt                             = 0.01
   nsteps                         = 100000
   init-step                      = 0
   simulation-part                = 1
   mts                            = false
   comm-mode                      = Linear
   nstcomm                        = 100
   bd-fric                        = 0
   ld-seed                        = 905666518
   emtol                          = 10
   emstep                         = 0.01
   niter                          = 20
   fcstep                         = 0
   nstcgsteep                     = 1000
   nbfgscorr                      = 10
   rtpi                           = 0.05
   nstxout                        = 0
   nstvout                        = 0
   nstfout                        = 0
   nstlog                         = 1000
   nstcalcenergy                  = 100
   nstenergy                      = 1000
   nstxout-compressed             = 1000
   compressed-x-precision         = 100
   cutoff-scheme                  = Verlet
   nstlist                        = 20
   pbc                            = xyz
   periodic-molecules             = false
   verlet-buffer-tolerance        = 0.005
   rlist                          = 1.135
   coulombtype                    = Reaction-Field
   coulomb-modifier               = Potential-shift
   rcoulomb-switch                = 0
   rcoulomb                       = 1.1
   epsilon-r                      = 15
   epsilon-rf                     = inf
   vdw-type                       = Cut-off
   vdw-modifier                   = Potential-shift
   rvdw-switch                    = 0
   rvdw                           = 1.1
   DispCorr                       = No
   table-extension                = 1
   fourierspacing                 = 0.12
   fourier-nx                     = 0
   fourier-ny                     = 0
   fourier-nz                     = 0
   pme-order                      = 4
   ewald-rtol                     = 1e-05
   ewald-rtol-lj                  = 0.001
   lj-pme-comb-rule               = Geometric
   ewald-geometry                 = 3d
   epsilon-surface                = 0
   ensemble-temperature-setting   = constant
   ensemble-temperature           = 303.15
   tcoupl                         = V-rescale
   nsttcouple                     = 20
   nh-chain-length                = 0
   print-nose-hoover-chain-variables = false
   pcoupl                         = C-rescale
   pcoupltype                     = Semiisotropic
   nstpcouple                     = 100
   tau-p                          = 5
   compressibility (3x3):
      compressibility[    0]={ 3.00000e-04,  0.00000e+00,  0.00000e+00}
      compressibility[    1]={ 0.00000e+00,  3.00000e-04,  0.00000e+00}
      compressibility[    2]={ 0.00000e+00,  0.00000e+00,  3.00000e-04}
   ref-p (3x3):
      ref-p[    0]={ 1.00000e+00,  0.00000e+00,  0.00000e+00}
      ref-p[    1]={ 0.00000e+00,  1.00000e+00,  0.00000e+00}
      ref-p[    2]={ 0.00000e+00,  0.00000e+00,  1.00000e+00}
   refcoord-scaling               = All
   posres-com (3):
      posres-com[0]= 0.00000e+00
      posres-com[1]= 0.00000e+00
      posres-com[2]= 0.00000e+00
   posres-comB (3):
      posres-comB[0]= 0.00000e+00
      posres-comB[1]= 0.00000e+00
      posres-comB[2]= 0.00000e+00
   QMMM                           = false
qm-opts:
   ngQM                           = 0
   constraint-algorithm           = Lincs
   continuation                   = false
   Shake-SOR                      = false
   shake-tol                      = 0.0001
   lincs-order                    = 4
   lincs-iter                     = 1
   lincs-warnangle                = 30
   nwall                          = 0
   wall-type                      = 9-3
   wall-r-linpot                  = -1
   wall-atomtype[0]               = -1
   wall-atomtype[1]               = -1
   wall-density[0]                = 0
   wall-density[1]                = 0
   wall-ewald-zfac                = 3
   pull                           = false
   awh                            = false
   rotation                       = false
   interactiveMD                  = false
   disre                          = No
   disre-weighting                = Conservative
   disre-mixed                    = false
   dr-fc                          = 1000
   dr-tau                         = 0
   nstdisreout                    = 100
   orire-fc                       = 0
   orire-tau                      = 0
   nstorireout                    = 100
   free-energy                    = no
   cos-acceleration               = 0
   deform (3x3):
      deform[    0]={ 0.00000e+00,  0.00000e+00,  0.00000e+00}
      deform[    1]={ 0.00000e+00,  0.00000e+00,  0.00000e+00}
      deform[    2]={ 0.00000e+00,  0.00000e+00,  0.00000e+00}
   simulated-tempering            = false
   swapcoords                     = no
   userint1                       = 0
   userint2                       = 0
   userint3                       = 0
   userint4                       = 0
   userreal1                      = 0
   userreal2                      = 0
   userreal3                      = 0
   userreal4                      = 0
   applied-forces:
     electric-field:
       x:
         E0                       = 0
         omega                    = 0
         t0                       = 0
         sigma                    = 0
       y:
         E0                       = 0
         omega                    = 0
         t0                       = 0
         sigma                    = 0
       z:
         E0                       = 0
         omega                    = 0
         t0                       = 0
         sigma                    = 0
     density-guided-simulation:
       active                     = false
       group                      = protein
       similarity-measure         = inner-product
       atom-spreading-weight      = unity
       force-constant             = 1e+09
       gaussian-transform-spreading-width = 0.2
       gaussian-transform-spreading-range-in-multiples-of-width = 4
       reference-density-filename = reference.mrc
       nst                        = 1
       normalize-densities        = true
       adaptive-force-scaling     = false
       adaptive-force-scaling-time-constant = 4
       shift-vector               = 
       transformation-matrix      = 
     qmmm-cp2k:
       active                     = false
       qmgroup                    = System
       qmmethod                   = PBE
       qmfilenames                = 
       qmcharge                   = 0
       qmmultiplicity             = 1
grpopts:
   nrdf:     2619.74     8999.12     19090.1
   ref-t:      303.15      303.15      303.15
   tau-t:           1           1           1
annealing:          No          No          No
annealing-npoints:           0           0           0
   acc:	           0           0           0
   nfreeze:           N           N           N
   energygrp-flags[  0]: 0

Changing nstlist from 20 to 50, rlist from 1.135 to 1.265

Update groups can not be used for this system because an incompatible virtual site type is used

Using 1 MPI thread
Using 8 OpenMP threads 

System total charge: 0.000
Reaction-Field:
epsRF = 0, rc = 1.1, krf = 0.375657, crf = 1.36364, epsfac = 9.26236
The electrostatics potential has its minimum at r = 1.1
Potential shift: LJ r^-12: -3.186e-01 r^-6: -5.645e-01


Using SIMD 4x8 nonbonded short-range kernels

Using a dual 4x8 pair-list setup updated with dynamic pruning:
  outer list: updated every 50 steps, buffer 0.165 nm, rlist 1.265 nm
  inner list: updated every  8 steps, buffer 0.001 nm, rlist 1.101 nm
At tolerance 0.005 kJ/mol/ps per atom, equivalent classical 1x1 list would be:
  outer list: updated every 50 steps, buffer 0.277 nm, rlist 1.377 nm
  inner list: updated every  8 steps, buffer 0.021 nm, rlist 1.121 nm

Using full Lennard-Jones parameter combination matrix
Removing pbc first time

Pinning threads with an auto-selected logical cpu stride of 1

Initializing LINear Constraint Solver

++++ PLEASE READ AND CITE THE FOLLOWING REFERENCE ++++
B. Hess
P-LINCS: A Parallel Linear Constraint Solver for molecular simulation
J. Chem. Theory Comput. 4 (2008) pp. 116-122
-------- -------- --- Thank You --- -------- --------

The number of constraints is 392
283 constraints are involved in constraint triangles,
will apply an additional matrix expansion of order 4 for couplings
between constraints inside triangles

++++ PLEASE READ AND CITE THE FOLLOWING REFERENCE ++++
G. Bussi, D. Donadio and M. Parrinello
Canonical sampling through velocity rescaling
J. Chem. Phys. 126 (2007) pp. 014101
-------- -------- --- Thank You --- -------- --------


++++ PLEASE READ AND CITE THE FOLLOWING REFERENCE ++++
M. Bernetti, G. Bussi
Pressure control using stochastic cell rescaling
J. Chem. Phys. 153 (2020) pp. 114107
-------- -------- --- Thank You --- -------- --------

There are: 10368 Atoms
There are: 19 VSites

Constraining the starting coordinates (step 0)

Constraining the coordinates at t0-dt (step 0)
Center of mass motion removal mode is Linear
We have the following groups for center of mass motion removal:
  0:  rest
RMS relative constraint deviation after constraining: 2.27e-06
Initial temperature: 302.936 K

Started mdrun on rank 0 Sun Oct 27 11:32:18 2024

           Step           Time
              0        0.00000

   Energies (kJ/mol)
           Bond       G96Angle  Restr. Angles  Improper Dih.        LJ (SR)
    5.87998e+03    2.50056e+03    3.32490e+02    6.57196e+01   -2.37587e+05
   Coulomb (SR) Position Rest.      Potential    Kinetic En.   Total Energy
   -3.13515e+03    5.34689e+02   -2.31409e+05    3.87981e+04   -1.92611e+05
  Conserved En.    Temperature Pressure (bar)   Constr. rmsd
   -1.92570e+05    3.03907e+02   -1.62004e+01    1.87393e-06

           Step           Time
           1000       10.00000

   Energies (kJ/mol)
           Bond       G96Angle  Restr. Angles  Improper Dih.        LJ (SR)
    6.04834e+03    2.44044e+03    3.15306e+02    6.10226e+01   -2.39107e+05
   Coulomb (SR) Position Rest.      Potential    Kinetic En.   Total Energy
   -3.18844e+03    6.60869e+02   -2.32769e+05    3.92259e+04   -1.93544e+05
  Conserved En.    Temperature Pressure (bar)   Constr. rmsd
   -1.92681e+05    3.07258e+02    4.18657e+01    1.64671e-06

           Step           Time
           2000       20.00000

   Energies (kJ/mol)
           Bond       G96Angle  Restr. Angles  Improper Dih.        LJ (SR)
    6.29162e+03    2.49233e+03    3.27726e+02    6.40179e+01   -2.39127e+05
   Coulomb (SR) Position Rest.      Potential    Kinetic En.   Total Energy
   -3.16053e+03    6.68035e+02   -2.32444e+05    3.89205e+04   -1.93523e+05
  Conserved En.    Temperature Pressure (bar)   Constr. rmsd
   -1.92694e+05    3.04866e+02   -1.43048e+01    1.63572e-06

           Step           Time
           3000       30.00000

   Energies (kJ/mol)
           Bond       G96Angle  Restr. Angles  Improper Dih.        LJ (SR)
    6.09157e+03    2.48266e+03    2.75063e+02    9.36380e+01   -2.37920e+05
   Coulomb (SR) Position Rest.      Potential    Kinetic En.   Total Energy
   -3.23345e+03    6.45835e+02   -2.31565e+05    3.84013e+04   -1.93163e+05
  Conserved En.    Temperature Pressure (bar)   Constr. rmsd
   -1.92701e+05    3.00799e+02   -5.07545e+01    1.84245e-06

           Step           Time
           4000       40.00000

   Energies (kJ/mol)
           Bond       G96Angle  Restr. Angles  Improper Dih.        LJ (SR)
    5.90934e+03    2.47703e+03    3.39869e+02    4.45244e+01   -2.38378e+05
   Coulomb (SR) Position Rest.      Potential    Kinetic En.   Total Energy
   -3.27089e+03    6.90374e+02   -2.32187e+05    3.87011e+04   -1.93486e+05
  Conserved En.    Temperature Pressure (bar)   Constr. rmsd
   -1.92368e+05    3.03147e+02   -3.45624e+01    1.91352e-06

           Step           Time
           5000       50.00000

   Energies (kJ/mol)
           Bond       G96Angle  Restr. Angles  Improper Dih.        LJ (SR)
    6.30362e+03    2.57804e+03    2.88016e+02    5.34885e+01   -2.37738e+05
   Coulomb (SR) Position Rest.      Potential    Kinetic En.   Total Energy
   -3.30384e+03    6.89040e+02   -2.31130e+05    3.98774e+04   -1.91252e+05
  Conserved En.    Temperature Pressure (bar)   Constr. rmsd
   -1.92791e+05    3.12361e+02    8.38126e+01    1.90012e-06

           Step           Time
           6000       60.00000

   Energies (kJ/mol)
           Bond       G96Angle  Restr. Angles  Improper Dih.        LJ (SR)
    6.30686e+03    2.46761e+03    3.13650e+02    5.38863e+01   -2.38990e+05
   Coulomb (SR) Position Rest.      Potential    Kinetic En.   Total Energy
   -3.23283e+03    6.88213e+02   -2.32392e+05    3.87945e+04   -1.93598e+05
  Conserved En.    Temperature Pressure (bar)   Constr. rmsd
   -1.92622e+05    3.03879e+02    4.39792e+01    1.83355e-06

           Step           Time
           7000       70.00000

   Energies (kJ/mol)
           Bond       G96Angle  Restr. Angles  Improper Dih.        LJ (SR)
    6.20338e+03    2.45868e+03    2.95864e+02    4.00865e+01   -2.38528e+05
   Coulomb (SR) Position Rest.      Potential    Kinetic En.   Total Energy
   -3.25198e+03    7.08293e+02   -2.32073e+05    3.82538e+04   -1.93820e+05
  Conserved En.    Temperature Pressure (bar)   Constr. rmsd
   -1.92481e+05    2.99643e+02   -2.99419e+01    1.83525e-06

           Step           Time
           8000       80.00000

   Energies (kJ/mol)
           Bond       G96Angle  Restr. Angles  Improper Dih.        LJ (SR)
    6.24705e+03    2.52511e+03    2.93181e+02    6.02083e+01   -2.39446e+05
   Coulomb (SR) Position Rest.      Potential    Kinetic En.   Total Energy
   -3.29739e+03    7.13445e+02   -2.32904e+05    3.92398e+04   -1.93665e+05
  Conserved En.    Temperature Pressure (bar)   Constr. rmsd
   -1.92690e+05    3.07367e+02    1.33782e+01    1.68535e-06

           Step           Time
           9000       90.00000

   Energies (kJ/mol)
           Bond       G96Angle  Restr. Angles  Improper Dih.        LJ (SR)
    6.24748e+03    2.51519e+03    3.06091e+02    5.17149e+01   -2.38618e+05
   Coulomb (SR) Position Rest.      Potential    Kinetic En.   Total Energy
   -3.32361e+03    6.84447e+02   -2.32136e+05    3.91217e+04   -1.93015e+05
  Conserved En.    Temperature Pressure (bar)   Constr. rmsd
   -1.92872e+05    3.06442e+02    4.21490e+01    1.73177e-06

           Step           Time
          10000      100.00000

   Energies (kJ/mol)
           Bond       G96Angle  Restr. Angles  Improper Dih.        LJ (SR)
    6.06071e+03    2.60896e+03    2.95235e+02    6.55400e+01   -2.38494e+05
   Coulomb (SR) Position Rest.      Potential    Kinetic En.   Total Energy
   -3.26141e+03    6.46060e+02   -2.32079e+05    3.91879e+04   -1.92891e+05
  Conserved En.    Temperature Pressure (bar)   Constr. rmsd
   -1.92986e+05    3.06960e+02   -8.26019e+00    1.47759e-06

           Step           Time
          11000      110.00000

   Energies (kJ/mol)
           Bond       G96Angle  Restr. Angles  Improper Dih.        LJ (SR)
    6.18684e+03    2.54318e+03    2.93322e+02    6.30773e+01   -2.38702e+05
   Coulomb (SR) Position Rest.      Potential    Kinetic En.   Total Energy
   -3.22506e+03    6.85019e+02   -2.32156e+05    3.87579e+04   -1.93398e+05
  Conserved En.    Temperature Pressure (bar)   Constr. rmsd
   -1.93122e+05    3.03592e+02   -1.03570e+01    1.71227e-06

           Step           Time
          12000      120.00000

   Energies (kJ/mol)
           Bond       G96Angle  Restr. Angles  Improper Dih.        LJ (SR)
    6.20165e+03    2.51393e+03    3.26201e+02    4.60435e+01   -2.37820e+05
   Coulomb (SR) Position Rest.      Potential    Kinetic En.   Total Energy
   -3.24005e+03    6.82007e+02   -2.31290e+05    3.79809e+04   -1.93309e+05
  Conserved En.    Temperature Pressure (bar)   Constr. rmsd
   -1.93319e+05    2.97505e+02   -3.51266e+01    1.81556e-06

           Step           Time
          13000      130.00000

   Energies (kJ/mol)
           Bond       G96Angle  Restr. Angles  Improper Dih.        LJ (SR)
    6.29287e+03    2.61142e+03    3.13647e+02    7.91497e+01   -2.39407e+05
   Coulomb (SR) Position Rest.      Potential    Kinetic En.   Total Energy
   -3.19227e+03    6.53708e+02   -2.32648e+05    3.96179e+04   -1.93031e+05
  Conserved En.    Temperature Pressure (bar)   Constr. rmsd
   -1.93582e+05    3.10329e+02    6.67775e+01    2.07909e-06

           Step           Time
          14000      140.00000

   Energies (kJ/mol)
           Bond       G96Angle  Restr. Angles  Improper Dih.        LJ (SR)
    6.12401e+03    2.62251e+03    2.99588e+02    6.36878e+01   -2.38318e+05
   Coulomb (SR) Position Rest.      Potential    Kinetic En.   Total Energy
   -3.17781e+03    7.34419e+02   -2.31652e+05    3.89569e+04   -1.92695e+05
  Conserved En.    Temperature Pressure (bar)   Constr. rmsd
   -1.93703e+05    3.05151e+02   -3.79072e+01    1.96796e-06

           Step           Time
          15000      150.00000

   Energies (kJ/mol)
           Bond       G96Angle  Restr. Angles  Improper Dih.        LJ (SR)
    6.17065e+03    2.66691e+03    2.81587e+02    4.29010e+01   -2.38410e+05
   Coulomb (SR) Position Rest.      Potential    Kinetic En.   Total Energy
   -3.26580e+03    6.92907e+02   -2.31820e+05    3.92363e+04   -1.92584e+05
  Conserved En.    Temperature Pressure (bar)   Constr. rmsd
   -1.93724e+05    3.07340e+02    1.03658e+02    1.72050e-06

           Step           Time
          16000      160.00000

   Energies (kJ/mol)
           Bond       G96Angle  Restr. Angles  Improper Dih.        LJ (SR)
    6.22241e+03    2.66848e+03    2.88269e+02    5.31886e+01   -2.38749e+05
   Coulomb (SR) Position Rest.      Potential    Kinetic En.   Total Energy
   -3.31077e+03    6.69321e+02   -2.32158e+05    3.90446e+04   -1.93114e+05
  Conserved En.    Temperature Pressure (bar)   Constr. rmsd
   -1.93531e+05    3.05838e+02    8.03391e+01    1.84286e-06

           Step           Time
          17000      170.00000

   Energies (kJ/mol)
           Bond       G96Angle  Restr. Angles  Improper Dih.        LJ (SR)
    6.35652e+03    2.48938e+03    2.96976e+02    4.97056e+01   -2.38805e+05
   Coulomb (SR) Position Rest.      Potential    Kinetic En.   Total Energy
   -3.32172e+03    7.17755e+02   -2.32217e+05    3.88647e+04   -1.93352e+05
  Conserved En.    Temperature Pressure (bar)   Constr. rmsd
   -1.93807e+05    3.04429e+02    8.75494e+01    1.46164e-06

           Step           Time
          18000      180.00000

   Energies (kJ/mol)
           Bond       G96Angle  Restr. Angles  Improper Dih.        LJ (SR)
    6.18154e+03    2.63534e+03    2.80684e+02    4.96541e+01   -2.38450e+05
   Coulomb (SR) Position Rest.      Potential    Kinetic En.   Total Energy
   -3.25988e+03    6.95036e+02   -2.31868e+05    3.88839e+04   -1.92984e+05
  Conserved En.    Temperature Pressure (bar)   Constr. rmsd
   -1.93510e+05    3.04579e+02   -4.84011e+01    2.21887e-06

           Step           Time
          19000      190.00000

   Energies (kJ/mol)
           Bond       G96Angle  Restr. Angles  Improper Dih.        LJ (SR)
    6.29005e+03    2.71236e+03    3.38181e+02    4.52843e+01   -2.38825e+05
   Coulomb (SR) Position Rest.      Potential    Kinetic En.   Total Energy
   -3.32954e+03    6.95218e+02   -2.32074e+05    3.93281e+04   -1.92746e+05
  Conserved En.    Temperature Pressure (bar)   Constr. rmsd
   -1.93649e+05    3.08058e+02    7.79817e+00    1.61613e-06

           Step           Time
          20000      200.00000

   Energies (kJ/mol)
           Bond       G96Angle  Restr. Angles  Improper Dih.        LJ (SR)
    5.95032e+03    2.48727e+03    3.09833e+02    4.25963e+01   -2.38746e+05
   Coulomb (SR) Position Rest.      Potential    Kinetic En.   Total Energy
   -3.25612e+03    7.04470e+02   -2.32508e+05    3.93412e+04   -1.93166e+05
  Conserved En.    Temperature Pressure (bar)   Constr. rmsd
   -1.93901e+05    3.08161e+02   -3.20744e+01    1.55375e-06

           Step           Time
          21000      210.00000

   Energies (kJ/mol)
           Bond       G96Angle  Restr. Angles  Improper Dih.        LJ (SR)
    6.15919e+03    2.55284e+03    3.19550e+02    6.19176e+01   -2.38799e+05
   Coulomb (SR) Position Rest.      Potential    Kinetic En.   Total Energy
   -3.37088e+03    6.67667e+02   -2.32409e+05    3.93032e+04   -1.93106e+05
  Conserved En.    Temperature Pressure (bar)   Constr. rmsd
   -1.94255e+05    3.07863e+02    5.99590e+00    1.71809e-06

           Step           Time
          22000      220.00000

   Energies (kJ/mol)
           Bond       G96Angle  Restr. Angles  Improper Dih.        LJ (SR)
    6.11867e+03    2.61520e+03    3.15652e+02    4.97737e+01   -2.39118e+05
   Coulomb (SR) Position Rest.      Potential    Kinetic En.   Total Energy
   -3.35624e+03    7.24422e+02   -2.32650e+05    3.89666e+04   -1.93684e+05
  Conserved En.    Temperature Pressure (bar)   Constr. rmsd
   -1.94158e+05    3.05226e+02    1.45120e+02    1.74671e-06

           Step           Time
          23000      230.00000

   Energies (kJ/mol)
           Bond       G96Angle  Restr. Angles  Improper Dih.        LJ (SR)
    6.25103e+03    2.51973e+03    3.31176e+02    5.26647e+01   -2.38185e+05
   Coulomb (SR) Position Rest.      Potential    Kinetic En.   Total Energy
   -3.31918e+03    7.21986e+02   -2.31628e+05    3.88796e+04   -1.92748e+05
  Conserved En.    Temperature Pressure (bar)   Constr. rmsd
   -1.94377e+05    3.04545e+02    5.70342e+01    1.47594e-06

           Step           Time
          24000      240.00000

   Energies (kJ/mol)
           Bond       G96Angle  Restr. Angles  Improper Dih.        LJ (SR)
    6.01446e+03    2.58533e+03    3.15099e+02    5.76707e+01   -2.39912e+05
   Coulomb (SR) Position Rest.      Potential    Kinetic En.   Total Energy
   -3.26308e+03    7.25375e+02   -2.33477e+05    3.80351e+04   -1.95442e+05
  Conserved En.    Temperature Pressure (bar)   Constr. rmsd
   -1.93875e+05    2.97930e+02   -3.50035e+00    1.95748e-06

           Step           Time
          25000      250.00000

   Energies (kJ/mol)
           Bond       G96Angle  Restr. Angles  Improper Dih.        LJ (SR)
    6.17782e+03    2.57910e+03    2.98859e+02    5.07423e+01   -2.37774e+05
   Coulomb (SR) Position Rest.      Potential    Kinetic En.   Total Energy
   -3.26901e+03    7.24368e+02   -2.31213e+05    3.83884e+04   -1.92824e+05
  Conserved En.    Temperature Pressure (bar)   Constr. rmsd
   -1.94187e+05    3.00698e+02   -4.57325e+01    1.71428e-06

           Step           Time
          26000      260.00000

   Energies (kJ/mol)
           Bond       G96Angle  Restr. Angles  Improper Dih.        LJ (SR)
    5.98284e+03    2.58980e+03    3.16862e+02    5.67939e+01   -2.39164e+05
   Coulomb (SR) Position Rest.      Potential    Kinetic En.   Total Energy
   -3.23072e+03    7.25742e+02   -2.32723e+05    3.93254e+04   -1.93397e+05
  Conserved En.    Temperature Pressure (bar)   Constr. rmsd
   -1.94234e+05    3.08037e+02    1.13151e+02    1.83508e-06

           Step           Time
          27000      270.00000

   Energies (kJ/mol)
           Bond       G96Angle  Restr. Angles  Improper Dih.        LJ (SR)
    6.29769e+03    2.47017e+03    3.37698e+02    6.35048e+01   -2.39186e+05
   Coulomb (SR) Position Rest.      Potential    Kinetic En.   Total Energy
   -3.25284e+03    7.36372e+02   -2.32533e+05    3.87173e+04   -1.93816e+05
  Conserved En.    Temperature Pressure (bar)   Constr. rmsd
   -1.94161e+05    3.03274e+02   -3.27573e+01    1.90132e-06

           Step           Time
          28000      280.00000

   Energies (kJ/mol)
           Bond       G96Angle  Restr. Angles  Improper Dih.        LJ (SR)
    6.17661e+03    2.63037e+03    3.32856e+02    4.95624e+01   -2.39278e+05
   Coulomb (SR) Position Rest.      Potential    Kinetic En.   Total Energy
   -3.19122e+03    7.29654e+02   -2.32550e+05    3.86682e+04   -1.93882e+05
  Conserved En.    Temperature Pressure (bar)   Constr. rmsd
   -1.94249e+05    3.02890e+02    8.42602e+01    1.52361e-06

           Step           Time
          29000      290.00000

   Energies (kJ/mol)
           Bond       G96Angle  Restr. Angles  Improper Dih.        LJ (SR)
    5.85264e+03    2.69188e+03    3.08898e+02    4.51524e+01   -2.38086e+05
   Coulomb (SR) Position Rest.      Potential    Kinetic En.   Total Energy
   -3.22780e+03    7.35962e+02   -2.31679e+05    3.87932e+04   -1.92886e+05
  Conserved En.    Temperature Pressure (bar)   Constr. rmsd
   -1.94208e+05    3.03868e+02    3.69443e+01    2.22495e-06

           Step           Time
          30000      300.00000

   Energies (kJ/mol)
           Bond       G96Angle  Restr. Angles  Improper Dih.        LJ (SR)
    6.00109e+03    2.51533e+03    3.28538e+02    4.30733e+01   -2.38580e+05
   Coulomb (SR) Position Rest.      Potential    Kinetic En.   Total Energy
   -3.21394e+03    7.35951e+02   -2.32170e+05    3.81895e+04   -1.93980e+05
  Conserved En.    Temperature Pressure (bar)   Constr. rmsd
   -1.94168e+05    2.99140e+02   -9.28664e+01    1.47325e-06

           Step           Time
          31000      310.00000

   Energies (kJ/mol)
           Bond       G96Angle  Restr. Angles  Improper Dih.        LJ (SR)
    6.22195e+03    2.57405e+03    3.17059e+02    7.30954e+01   -2.37907e+05
   Coulomb (SR) Position Rest.      Potential    Kinetic En.   Total Energy
   -3.27264e+03    7.51119e+02   -2.31242e+05    3.88378e+04   -1.92405e+05
  Conserved En.    Temperature Pressure (bar)   Constr. rmsd
   -1.94264e+05    3.04218e+02   -9.73935e+01    1.74158e-06

           Step           Time
          32000      320.00000

   Energies (kJ/mol)
           Bond       G96Angle  Restr. Angles  Improper Dih.        LJ (SR)
    6.10979e+03    2.56046e+03    3.31560e+02    5.93332e+01   -2.38461e+05
   Coulomb (SR) Position Rest.      Potential    Kinetic En.   Total Energy
   -3.22821e+03    7.14037e+02   -2.31914e+05    3.86115e+04   -1.93303e+05
  Conserved En.    Temperature Pressure (bar)   Constr. rmsd
   -1.94325e+05    3.02445e+02   -4.78950e+01    1.71426e-06

           Step           Time
          33000      330.00000

   Energies (kJ/mol)
           Bond       G96Angle  Restr. Angles  Improper Dih.        LJ (SR)
    6.11888e+03    2.43872e+03    3.66855e+02    5.90091e+01   -2.38443e+05
   Coulomb (SR) Position Rest.      Potential    Kinetic En.   Total Energy
   -3.24472e+03    7.63423e+02   -2.31941e+05    3.78245e+04   -1.94117e+05
  Conserved En.    Temperature Pressure (bar)   Constr. rmsd
   -1.94443e+05    2.96281e+02   -8.94218e+01    2.04812e-06

           Step           Time
          34000      340.00000

   Energies (kJ/mol)
           Bond       G96Angle  Restr. Angles  Improper Dih.        LJ (SR)
    6.22572e+03    2.40599e+03    3.25864e+02    6.43086e+01   -2.38676e+05
   Coulomb (SR) Position Rest.      Potential    Kinetic En.   Total Energy
   -3.21955e+03    7.58494e+02   -2.32116e+05    3.79722e+04   -1.94143e+05
  Conserved En.    Temperature Pressure (bar)   Constr. rmsd
   -1.94623e+05    2.97438e+02    3.73186e+01    1.85379e-06

           Step           Time
          35000      350.00000

   Energies (kJ/mol)
           Bond       G96Angle  Restr. Angles  Improper Dih.        LJ (SR)
    6.03949e+03    2.54062e+03    3.07324e+02    5.41356e+01   -2.37806e+05
   Coulomb (SR) Position Rest.      Potential    Kinetic En.   Total Energy
   -3.20564e+03    7.91877e+02   -2.31278e+05    3.91576e+04   -1.92121e+05
  Conserved En.    Temperature Pressure (bar)   Constr. rmsd
   -1.94320e+05    3.06723e+02   -7.70764e+01    1.48992e-06

           Step           Time
          36000      360.00000

   Energies (kJ/mol)
           Bond       G96Angle  Restr. Angles  Improper Dih.        LJ (SR)
    6.13287e+03    2.67191e+03    2.75637e+02    3.93531e+01   -2.38919e+05
   Coulomb (SR) Position Rest.      Potential    Kinetic En.   Total Energy
   -3.26381e+03    6.81149e+02   -2.32382e+05    3.88869e+04   -1.93495e+05
  Conserved En.    Temperature Pressure (bar)   Constr. rmsd
   -1.94336e+05    3.04602e+02    2.39030e+01    1.80108e-06

           Step           Time
          37000      370.00000

   Energies (kJ/mol)
           Bond       G96Angle  Restr. Angles  Improper Dih.        LJ (SR)
    6.26593e+03    2.61820e+03    3.04166e+02    4.66967e+01   -2.39044e+05
   Coulomb (SR) Position Rest.      Potential    Kinetic En.   Total Energy
   -3.29064e+03    7.42359e+02   -2.32357e+05    3.89468e+04   -1.93410e+05
  Conserved En.    Temperature Pressure (bar)   Constr. rmsd
   -1.94344e+05    3.05072e+02   -4.49930e+01    1.41211e-06

           Step           Time
          38000      380.00000

   Energies (kJ/mol)
           Bond       G96Angle  Restr. Angles  Improper Dih.        LJ (SR)
    6.18871e+03    2.54461e+03    3.25075e+02    5.17164e+01   -2.39445e+05
   Coulomb (SR) Position Rest.      Potential    Kinetic En.   Total Energy
   -3.21646e+03    7.17822e+02   -2.32833e+05    3.92131e+04   -1.93620e+05
  Conserved En.    Temperature Pressure (bar)   Constr. rmsd
   -1.94659e+05    3.07158e+02    9.17303e+01    1.96920e-06

           Step           Time
          39000      390.00000

   Energies (kJ/mol)
           Bond       G96Angle  Restr. Angles  Improper Dih.        LJ (SR)
    6.19710e+03    2.57481e+03    3.47265e+02    4.76671e+01   -2.38461e+05
   Coulomb (SR) Position Rest.      Potential    Kinetic En.   Total Energy
   -3.19183e+03    7.77592e+02   -2.31708e+05    3.89198e+04   -1.92789e+05
  Conserved En.    Temperature Pressure (bar)   Constr. rmsd
   -1.94623e+05    3.04861e+02    7.64273e+01    1.79213e-06

           Step           Time
          40000      400.00000

   Energies (kJ/mol)
           Bond       G96Angle  Restr. Angles  Improper Dih.        LJ (SR)
    6.39824e+03    2.52920e+03    2.87495e+02    6.78436e+01   -2.37997e+05
   Coulomb (SR) Position Rest.      Potential    Kinetic En.   Total Energy
   -3.18414e+03    7.50561e+02   -2.31148e+05    3.93573e+04   -1.91790e+05
  Conserved En.    Temperature Pressure (bar)   Constr. rmsd
   -1.94525e+05    3.08287e+02   -2.47482e+01    1.76792e-06

           Step           Time
          41000      410.00000

   Energies (kJ/mol)
           Bond       G96Angle  Restr. Angles  Improper Dih.        LJ (SR)
    6.27041e+03    2.61843e+03    2.87805e+02    5.31805e+01   -2.38533e+05
   Coulomb (SR) Position Rest.      Potential    Kinetic En.   Total Energy
   -3.19309e+03    7.91161e+02   -2.31705e+05    3.83185e+04   -1.93387e+05
  Conserved En.    Temperature Pressure (bar)   Constr. rmsd
   -1.94679e+05    3.00150e+02   -5.75160e+01    1.68843e-06

           Step           Time
          42000      420.00000

   Energies (kJ/mol)
           Bond       G96Angle  Restr. Angles  Improper Dih.        LJ (SR)
    5.92015e+03    2.63393e+03    2.97354e+02    5.43985e+01   -2.39088e+05
   Coulomb (SR) Position Rest.      Potential    Kinetic En.   Total Energy
   -3.26421e+03    7.81243e+02   -2.32665e+05    3.87176e+04   -1.93948e+05
  Conserved En.    Temperature Pressure (bar)   Constr. rmsd
   -1.94788e+05    3.03276e+02    1.38490e+01    1.84234e-06

           Step           Time
          43000      430.00000

   Energies (kJ/mol)
           Bond       G96Angle  Restr. Angles  Improper Dih.        LJ (SR)
    6.13977e+03    2.54429e+03    3.42246e+02    4.49234e+01   -2.38168e+05
   Coulomb (SR) Position Rest.      Potential    Kinetic En.   Total Energy
   -3.19274e+03    7.55987e+02   -2.31534e+05    3.90589e+04   -1.92475e+05
  Conserved En.    Temperature Pressure (bar)   Constr. rmsd
   -1.95146e+05    3.05949e+02   -1.82653e+00    1.94297e-06

           Step           Time
          44000      440.00000

   Energies (kJ/mol)
           Bond       G96Angle  Restr. Angles  Improper Dih.        LJ (SR)
    6.27614e+03    2.57413e+03    3.06532e+02    6.20620e+01   -2.39147e+05
   Coulomb (SR) Position Rest.      Potential    Kinetic En.   Total Energy
   -3.20978e+03    7.53971e+02   -2.32384e+05    3.84912e+04   -1.93893e+05
  Conserved En.    Temperature Pressure (bar)   Constr. rmsd
   -1.95003e+05    3.01503e+02    1.00818e+02    1.77394e-06

           Step           Time
          45000      450.00000

   Energies (kJ/mol)
           Bond       G96Angle  Restr. Angles  Improper Dih.        LJ (SR)
    6.47115e+03    2.62338e+03    2.84717e+02    5.22287e+01   -2.38822e+05
   Coulomb (SR) Position Rest.      Potential    Kinetic En.   Total Energy
   -3.20180e+03    7.26823e+02   -2.31866e+05    3.85332e+04   -1.93333e+05
  Conserved En.    Temperature Pressure (bar)   Constr. rmsd
   -1.95191e+05    3.01832e+02    3.72954e+01    1.65791e-06

           Step           Time
          46000      460.00000

   Energies (kJ/mol)
           Bond       G96Angle  Restr. Angles  Improper Dih.        LJ (SR)
    6.36226e+03    2.58282e+03    2.75656e+02    3.58878e+01   -2.39150e+05
   Coulomb (SR) Position Rest.      Potential    Kinetic En.   Total Energy
   -3.16300e+03    7.43492e+02   -2.32313e+05    3.87769e+04   -1.93536e+05
  Conserved En.    Temperature Pressure (bar)   Constr. rmsd
   -1.95400e+05    3.03741e+02    5.30606e+01    1.67855e-06

           Step           Time
          47000      470.00000

   Energies (kJ/mol)
           Bond       G96Angle  Restr. Angles  Improper Dih.        LJ (SR)
    6.17084e+03    2.45966e+03    3.00019e+02    5.21962e+01   -2.38201e+05
   Coulomb (SR) Position Rest.      Potential    Kinetic En.   Total Energy
   -3.19975e+03    7.64756e+02   -2.31653e+05    3.87745e+04   -1.92879e+05
  Conserved En.    Temperature Pressure (bar)   Constr. rmsd
   -1.95295e+05    3.03722e+02   -5.06364e+01    1.88993e-06

           Step           Time
          48000      480.00000

   Energies (kJ/mol)
           Bond       G96Angle  Restr. Angles  Improper Dih.        LJ (SR)
    6.23572e+03    2.60000e+03    3.13624e+02    3.81402e+01   -2.40031e+05
   Coulomb (SR) Position Rest.      Potential    Kinetic En.   Total Energy
   -3.18837e+03    7.79949e+02   -2.33252e+05    3.84295e+04   -1.94822e+05
  Conserved En.    Temperature Pressure (bar)   Constr. rmsd
   -1.95304e+05    3.01020e+02    7.97184e+01    1.64237e-06

           Step           Time
          49000      490.00000

   Energies (kJ/mol)
           Bond       G96Angle  Restr. Angles  Improper Dih.        LJ (SR)
    6.23351e+03    2.45506e+03    3.23475e+02    5.62200e+01   -2.38865e+05
   Coulomb (SR) Position Rest.      Potential    Kinetic En.   Total Energy
   -3.15524e+03    7.44296e+02   -2.32208e+05    3.87636e+04   -1.93444e+05
  Conserved En.    Temperature Pressure (bar)   Constr. rmsd
   -1.95651e+05    3.03637e+02    1.51439e+01    1.59144e-06

           Step           Time
          50000      500.00000

   Energies (kJ/mol)
           Bond       G96Angle  Restr. Angles  Improper Dih.        LJ (SR)
    6.07997e+03    2.47730e+03    3.56183e+02    4.82112e+01   -2.38537e+05
   Coulomb (SR) Position Rest.      Potential    Kinetic En.   Total Energy
   -3.13714e+03    7.75394e+02   -2.31937e+05    3.94330e+04   -1.92504e+05
  Conserved En.    Temperature Pressure (bar)   Constr. rmsd
   -1.95743e+05    3.08880e+02   -3.16357e+01    1.97785e-06

           Step           Time
          51000      510.00000

   Energies (kJ/mol)
           Bond       G96Angle  Restr. Angles  Improper Dih.        LJ (SR)
    6.11926e+03    2.61182e+03    3.17314e+02    4.68473e+01   -2.38794e+05
   Coulomb (SR) Position Rest.      Potential    Kinetic En.   Total Energy
   -3.23746e+03    7.21929e+02   -2.32214e+05    3.91858e+04   -1.93028e+05
  Conserved En.    Temperature Pressure (bar)   Constr. rmsd
   -1.95617e+05    3.06944e+02    1.09503e+02    1.96454e-06

           Step           Time
          52000      520.00000

   Energies (kJ/mol)
           Bond       G96Angle  Restr. Angles  Improper Dih.        LJ (SR)
    6.23675e+03    2.47111e+03    2.98654e+02    6.09896e+01   -2.38737e+05
   Coulomb (SR) Position Rest.      Potential    Kinetic En.   Total Energy
   -3.26548e+03    7.51681e+02   -2.32183e+05    3.82716e+04   -1.93911e+05
  Conserved En.    Temperature Pressure (bar)   Constr. rmsd
   -1.95630e+05    2.99783e+02    4.92684e+01    2.11924e-06

           Step           Time
          53000      530.00000

   Energies (kJ/mol)
           Bond       G96Angle  Restr. Angles  Improper Dih.        LJ (SR)
    6.12512e+03    2.54959e+03    3.10586e+02    5.07747e+01   -2.39983e+05
   Coulomb (SR) Position Rest.      Potential    Kinetic En.   Total Energy
   -3.24271e+03    7.66470e+02   -2.33424e+05    3.87198e+04   -1.94704e+05
  Conserved En.    Temperature Pressure (bar)   Constr. rmsd
   -1.95691e+05    3.03293e+02    8.13640e+01    1.81527e-06

           Step           Time
          54000      540.00000

   Energies (kJ/mol)
           Bond       G96Angle  Restr. Angles  Improper Dih.        LJ (SR)
    6.23379e+03    2.51272e+03    3.29790e+02    6.82444e+01   -2.39000e+05
   Coulomb (SR) Position Rest.      Potential    Kinetic En.   Total Energy
   -3.21818e+03    7.57061e+02   -2.32317e+05    3.87159e+04   -1.93601e+05
  Conserved En.    Temperature Pressure (bar)   Constr. rmsd
   -1.95809e+05    3.03263e+02    3.03584e+01    1.56150e-06

           Step           Time
          55000      550.00000

   Energies (kJ/mol)
           Bond       G96Angle  Restr. Angles  Improper Dih.        LJ (SR)
    5.87565e+03    2.53267e+03    2.94535e+02    5.90279e+01   -2.38765e+05
   Coulomb (SR) Position Rest.      Potential    Kinetic En.   Total Energy
   -3.30060e+03    7.38537e+02   -2.32565e+05    3.84046e+04   -1.94161e+05
  Conserved En.    Temperature Pressure (bar)   Constr. rmsd
   -1.95808e+05    3.00824e+02   -6.19765e+01    1.63883e-06

           Step           Time
          56000      560.00000

   Energies (kJ/mol)
           Bond       G96Angle  Restr. Angles  Improper Dih.        LJ (SR)
    5.98260e+03    2.53277e+03    3.21613e+02    5.68154e+01   -2.38255e+05
   Coulomb (SR) Position Rest.      Potential    Kinetic En.   Total Energy
   -3.24746e+03    7.61928e+02   -2.31847e+05    3.92689e+04   -1.92578e+05
  Conserved En.    Temperature Pressure (bar)   Constr. rmsd
   -1.96160e+05    3.07595e+02    7.28567e+01    1.49333e-06

           Step           Time
          57000      570.00000

   Energies (kJ/mol)
           Bond       G96Angle  Restr. Angles  Improper Dih.        LJ (SR)
    6.12711e+03    2.50297e+03    3.08375e+02    4.67252e+01   -2.38461e+05
   Coulomb (SR) Position Rest.      Potential    Kinetic En.   Total Energy
   -3.27635e+03    7.73967e+02   -2.31978e+05    3.78927e+04   -1.94086e+05
  Conserved En.    Temperature Pressure (bar)   Constr. rmsd
   -1.95994e+05    2.96815e+02    2.29320e+01    1.77653e-06

           Step           Time
          58000      580.00000

   Energies (kJ/mol)
           Bond       G96Angle  Restr. Angles  Improper Dih.        LJ (SR)
    5.98399e+03    2.48317e+03    3.18095e+02    3.45590e+01   -2.37834e+05
   Coulomb (SR) Position Rest.      Potential    Kinetic En.   Total Energy
   -3.34211e+03    7.88021e+02   -2.31568e+05    3.86299e+04   -1.92938e+05
  Conserved En.    Temperature Pressure (bar)   Constr. rmsd
   -1.96280e+05    3.02590e+02    2.15235e+01    1.86233e-06

           Step           Time
          59000      590.00000

   Energies (kJ/mol)
           Bond       G96Angle  Restr. Angles  Improper Dih.        LJ (SR)
    5.85125e+03    2.53457e+03    2.76163e+02    5.05867e+01   -2.38396e+05
   Coulomb (SR) Position Rest.      Potential    Kinetic En.   Total Energy
   -3.19479e+03    7.51643e+02   -2.32127e+05    3.84989e+04   -1.93628e+05
  Conserved En.    Temperature Pressure (bar)   Constr. rmsd
   -1.96233e+05    3.01563e+02   -1.74632e+01    1.75934e-06

           Step           Time
          60000      600.00000

   Energies (kJ/mol)
           Bond       G96Angle  Restr. Angles  Improper Dih.        LJ (SR)
    6.17175e+03    2.60956e+03    3.16371e+02    5.33954e+01   -2.38503e+05
   Coulomb (SR) Position Rest.      Potential    Kinetic En.   Total Energy
   -3.27291e+03    7.24271e+02   -2.31900e+05    3.88518e+04   -1.93048e+05
  Conserved En.    Temperature Pressure (bar)   Constr. rmsd
   -1.96409e+05    3.04328e+02   -1.47768e+01    1.62440e-06

           Step           Time
          61000      610.00000

   Energies (kJ/mol)
           Bond       G96Angle  Restr. Angles  Improper Dih.        LJ (SR)
    6.22329e+03    2.55833e+03    3.07990e+02    4.84957e+01   -2.38653e+05
   Coulomb (SR) Position Rest.      Potential    Kinetic En.   Total Energy
   -3.31310e+03    7.18654e+02   -2.32109e+05    3.87486e+04   -1.93361e+05
  Conserved En.    Temperature Pressure (bar)   Constr. rmsd
   -1.96444e+05    3.03519e+02    3.13378e+01    1.55351e-06

           Step           Time
          62000      620.00000

   Energies (kJ/mol)
           Bond       G96Angle  Restr. Angles  Improper Dih.        LJ (SR)
    6.07426e+03    2.38649e+03    2.82787e+02    7.06513e+01   -2.37370e+05
   Coulomb (SR) Position Rest.      Potential    Kinetic En.   Total Energy
   -3.27092e+03    7.44280e+02   -2.31083e+05    3.92458e+04   -1.91837e+05
  Conserved En.    Temperature Pressure (bar)   Constr. rmsd
   -1.96310e+05    3.07414e+02   -6.10077e+01    1.98717e-06

           Step           Time
          63000      630.00000

   Energies (kJ/mol)
           Bond       G96Angle  Restr. Angles  Improper Dih.        LJ (SR)
    6.10474e+03    2.52741e+03    2.92577e+02    6.13924e+01   -2.38176e+05
   Coulomb (SR) Position Rest.      Potential    Kinetic En.   Total Energy
   -3.28840e+03    7.37983e+02   -2.31740e+05    3.83276e+04   -1.93413e+05
  Conserved En.    Temperature Pressure (bar)   Constr. rmsd
   -1.96444e+05    3.00221e+02   -4.86341e+01    1.47048e-06

           Step           Time
          64000      640.00000

   Energies (kJ/mol)
           Bond       G96Angle  Restr. Angles  Improper Dih.        LJ (SR)
    6.31188e+03    2.60843e+03    3.08574e+02    4.07642e+01   -2.38765e+05
   Coulomb (SR) Position Rest.      Potential    Kinetic En.   Total Energy
   -3.18753e+03    7.38182e+02   -2.31945e+05    3.82358e+04   -1.93709e+05
  Conserved En.    Temperature Pressure (bar)   Constr. rmsd
   -1.96527e+05    2.99502e+02    5.96146e+01    1.85152e-06

           Step           Time
          65000      650.00000

   Energies (kJ/mol)
           Bond       G96Angle  Restr. Angles  Improper Dih.        LJ (SR)
    6.09436e+03    2.63924e+03    2.85190e+02    4.20376e+01   -2.40383e+05
   Coulomb (SR) Position Rest.      Potential    Kinetic En.   Total Energy
   -3.19436e+03    7.44205e+02   -2.33772e+05    3.83382e+04   -1.95434e+05
  Conserved En.    Temperature Pressure (bar)   Constr. rmsd
   -1.96606e+05    3.00304e+02    3.30613e+01    1.71306e-06

           Step           Time
          66000      660.00000

   Energies (kJ/mol)
           Bond       G96Angle  Restr. Angles  Improper Dih.        LJ (SR)
    6.08323e+03    2.63841e+03    2.85107e+02    5.78890e+01   -2.39005e+05
   Coulomb (SR) Position Rest.      Potential    Kinetic En.   Total Energy
   -3.19980e+03    7.58288e+02   -2.32382e+05    3.93023e+04   -1.93079e+05
  Conserved En.    Temperature Pressure (bar)   Constr. rmsd
   -1.96654e+05    3.07857e+02    1.55462e+02    1.67419e-06

           Step           Time
          67000      670.00000

   Energies (kJ/mol)
           Bond       G96Angle  Restr. Angles  Improper Dih.        LJ (SR)
    6.04070e+03    2.54437e+03    3.11326e+02    7.04289e+01   -2.38750e+05
   Coulomb (SR) Position Rest.      Potential    Kinetic En.   Total Energy
   -3.15251e+03    7.42949e+02   -2.32192e+05    3.93875e+04   -1.92805e+05
  Conserved En.    Temperature Pressure (bar)   Constr. rmsd
   -1.96474e+05    3.08523e+02    2.00007e+01    1.78743e-06

           Step           Time
          68000      680.00000

   Energies (kJ/mol)
           Bond       G96Angle  Restr. Angles  Improper Dih.        LJ (SR)
    6.27804e+03    2.63698e+03    3.33815e+02    7.07268e+01   -2.39824e+05
   Coulomb (SR) Position Rest.      Potential    Kinetic En.   Total Energy
   -3.16540e+03    7.69919e+02   -2.32900e+05    3.86313e+04   -1.94268e+05
  Conserved En.    Temperature Pressure (bar)   Constr. rmsd
   -1.96459e+05    3.02601e+02    1.06574e+02    2.19759e-06

           Step           Time
          69000      690.00000

   Energies (kJ/mol)
           Bond       G96Angle  Restr. Angles  Improper Dih.        LJ (SR)
    6.04414e+03    2.65370e+03    2.94127e+02    6.06872e+01   -2.38195e+05
   Coulomb (SR) Position Rest.      Potential    Kinetic En.   Total Energy
   -3.19077e+03    7.70249e+02   -2.31563e+05    3.85702e+04   -1.92993e+05
  Conserved En.    Temperature Pressure (bar)   Constr. rmsd
   -1.96641e+05    3.02121e+02   -6.90211e+01    1.58125e-06

           Step           Time
          70000      700.00000

   Energies (kJ/mol)
           Bond       G96Angle  Restr. Angles  Improper Dih.        LJ (SR)
    6.01021e+03    2.63209e+03    2.42357e+02    6.64778e+01   -2.39000e+05
   Coulomb (SR) Position Rest.      Potential    Kinetic En.   Total Energy
   -3.23817e+03    7.72568e+02   -2.32515e+05    3.83904e+04   -1.94124e+05
  Conserved En.    Temperature Pressure (bar)   Constr. rmsd
   -1.96554e+05    3.00713e+02   -3.10625e+01    1.62147e-06

           Step           Time
          71000      710.00000

   Energies (kJ/mol)
           Bond       G96Angle  Restr. Angles  Improper Dih.        LJ (SR)
    6.07024e+03    2.63809e+03    3.02826e+02    7.28444e+01   -2.39325e+05
   Coulomb (SR) Position Rest.      Potential    Kinetic En.   Total Energy
   -3.33160e+03    7.79669e+02   -2.32792e+05    3.84124e+04   -1.94380e+05
  Conserved En.    Temperature Pressure (bar)   Constr. rmsd
   -1.96281e+05    3.00886e+02   -3.62086e+01    1.59208e-06

           Step           Time
          72000      720.00000

   Energies (kJ/mol)
           Bond       G96Angle  Restr. Angles  Improper Dih.        LJ (SR)
    6.21549e+03    2.57100e+03    2.79188e+02    6.80424e+01   -2.37973e+05
   Coulomb (SR) Position Rest.      Potential    Kinetic En.   Total Energy
   -3.37445e+03    7.85197e+02   -2.31428e+05    3.87597e+04   -1.92669e+05
  Conserved En.    Temperature Pressure (bar)   Constr. rmsd
   -1.96224e+05    3.03606e+02   -1.67434e+02    2.07019e-06

           Step           Time
          73000      730.00000

   Energies (kJ/mol)
           Bond       G96Angle  Restr. Angles  Improper Dih.        LJ (SR)
    6.07882e+03    2.48800e+03    3.09087e+02    6.00020e+01   -2.38183e+05
   Coulomb (SR) Position Rest.      Potential    Kinetic En.   Total Energy
   -3.34523e+03    7.87333e+02   -2.31805e+05    3.90301e+04   -1.92775e+05
  Conserved En.    Temperature Pressure (bar)   Constr. rmsd
   -1.96278e+05    3.05724e+02    1.90428e+00    1.65965e-06

           Step           Time
          74000      740.00000

   Energies (kJ/mol)
           Bond       G96Angle  Restr. Angles  Improper Dih.        LJ (SR)
    6.01179e+03    2.57052e+03    2.94471e+02    7.23969e+01   -2.37782e+05
   Coulomb (SR) Position Rest.      Potential    Kinetic En.   Total Energy
   -3.31427e+03    7.79730e+02   -2.31367e+05    3.91072e+04   -1.92260e+05
  Conserved En.    Temperature Pressure (bar)   Constr. rmsd
   -1.96405e+05    3.06328e+02   -2.32005e+01    1.56507e-06

           Step           Time
          75000      750.00000

   Energies (kJ/mol)
           Bond       G96Angle  Restr. Angles  Improper Dih.        LJ (SR)
    6.46695e+03    2.68015e+03    3.23314e+02    6.62973e+01   -2.38131e+05
   Coulomb (SR) Position Rest.      Potential    Kinetic En.   Total Energy
   -3.33767e+03    7.04753e+02   -2.31227e+05    3.94365e+04   -1.91790e+05
  Conserved En.    Temperature Pressure (bar)   Constr. rmsd
   -1.96473e+05    3.08907e+02    8.82893e+01    2.39166e-06

           Step           Time
          76000      760.00000

   Energies (kJ/mol)
           Bond       G96Angle  Restr. Angles  Improper Dih.        LJ (SR)
    6.13323e+03    2.62139e+03    3.07583e+02    8.29176e+01   -2.36932e+05
   Coulomb (SR) Position Rest.      Potential    Kinetic En.   Total Energy
   -3.29003e+03    7.51639e+02   -2.30325e+05    3.91555e+04   -1.91169e+05
  Conserved En.    Temperature Pressure (bar)   Constr. rmsd
   -1.96574e+05    3.06706e+02   -8.36257e+01    2.20141e-06

           Step           Time
          77000      770.00000

   Energies (kJ/mol)
           Bond       G96Angle  Restr. Angles  Improper Dih.        LJ (SR)
    6.22809e+03    2.48368e+03    3.10050e+02    5.53401e+01   -2.37320e+05
   Coulomb (SR) Position Rest.      Potential    Kinetic En.   Total Energy
   -3.19871e+03    7.05313e+02   -2.30736e+05    3.87025e+04   -1.92034e+05
  Conserved En.    Temperature Pressure (bar)   Constr. rmsd
   -1.96614e+05    3.03158e+02   -3.13886e+01    1.99570e-06

           Step           Time
          78000      780.00000

   Energies (kJ/mol)
           Bond       G96Angle  Restr. Angles  Improper Dih.        LJ (SR)
    6.04372e+03    2.53319e+03    3.32556e+02    4.36554e+01   -2.39042e+05
   Coulomb (SR) Position Rest.      Potential    Kinetic En.   Total Energy
   -3.29988e+03    6.97247e+02   -2.32692e+05    3.90767e+04   -1.93615e+05
  Conserved En.    Temperature Pressure (bar)   Constr. rmsd
   -1.96572e+05    3.06089e+02    5.19619e+01    1.70253e-06

           Step           Time
          79000      790.00000

   Energies (kJ/mol)
           Bond       G96Angle  Restr. Angles  Improper Dih.        LJ (SR)
    6.15290e+03    2.48560e+03    2.93322e+02    5.21270e+01   -2.38801e+05
   Coulomb (SR) Position Rest.      Potential    Kinetic En.   Total Energy
   -3.33360e+03    7.54365e+02   -2.32396e+05    3.88748e+04   -1.93522e+05
  Conserved En.    Temperature Pressure (bar)   Constr. rmsd
   -1.96690e+05    3.04508e+02    1.51603e+01    1.57166e-06

           Step           Time
          80000      800.00000

   Energies (kJ/mol)
           Bond       G96Angle  Restr. Angles  Improper Dih.        LJ (SR)
    6.10738e+03    2.61169e+03    3.06922e+02    7.78175e+01   -2.37610e+05
   Coulomb (SR) Position Rest.      Potential    Kinetic En.   Total Energy
   -3.24372e+03    7.26755e+02   -2.31023e+05    3.87571e+04   -1.92266e+05
  Conserved En.    Temperature Pressure (bar)   Constr. rmsd
   -1.96826e+05    3.03586e+02    6.39407e+01    1.68143e-06

           Step           Time
          81000      810.00000

   Energies (kJ/mol)
           Bond       G96Angle  Restr. Angles  Improper Dih.        LJ (SR)
    6.10966e+03    2.64025e+03    3.31037e+02    4.86509e+01   -2.37943e+05
   Coulomb (SR) Position Rest.      Potential    Kinetic En.   Total Energy
   -3.26076e+03    7.70693e+02   -2.31303e+05    3.83411e+04   -1.92962e+05
  Conserved En.    Temperature Pressure (bar)   Constr. rmsd
   -1.97121e+05    3.00327e+02    8.95669e+00    1.69572e-06

           Step           Time
          82000      820.00000

   Energies (kJ/mol)
           Bond       G96Angle  Restr. Angles  Improper Dih.        LJ (SR)
    6.00543e+03    2.50341e+03    3.46210e+02    3.84106e+01   -2.38486e+05
   Coulomb (SR) Position Rest.      Potential    Kinetic En.   Total Energy
   -3.27773e+03    7.63395e+02   -2.32107e+05    3.85535e+04   -1.93554e+05
  Conserved En.    Temperature Pressure (bar)   Constr. rmsd
   -1.97212e+05    3.01991e+02   -1.07967e+01    1.76720e-06

           Step           Time
          83000      830.00000

   Energies (kJ/mol)
           Bond       G96Angle  Restr. Angles  Improper Dih.        LJ (SR)
    6.28368e+03    2.61762e+03    3.01223e+02    5.36637e+01   -2.37774e+05
   Coulomb (SR) Position Rest.      Potential    Kinetic En.   Total Energy
   -3.22492e+03    7.73188e+02   -2.30970e+05    3.82910e+04   -1.92679e+05
  Conserved En.    Temperature Pressure (bar)   Constr. rmsd
   -1.97415e+05    2.99934e+02   -2.05277e+01    2.11403e-06

           Step           Time
          84000      840.00000

   Energies (kJ/mol)
           Bond       G96Angle  Restr. Angles  Improper Dih.        LJ (SR)
    6.41519e+03    2.60703e+03    3.18706e+02    4.64446e+01   -2.37446e+05
   Coulomb (SR) Position Rest.      Potential    Kinetic En.   Total Energy
   -3.27655e+03    7.13627e+02   -2.30622e+05    3.96615e+04   -1.90960e+05
  Conserved En.    Temperature Pressure (bar)   Constr. rmsd
   -1.97632e+05    3.10670e+02    6.41680e+01    1.87042e-06

           Step           Time
          85000      850.00000

   Energies (kJ/mol)
           Bond       G96Angle  Restr. Angles  Improper Dih.        LJ (SR)
    6.11433e+03    2.71473e+03    3.00492e+02    5.76240e+01   -2.37690e+05
   Coulomb (SR) Position Rest.      Potential    Kinetic En.   Total Energy
   -3.27041e+03    8.31346e+02   -2.30942e+05    3.91016e+04   -1.91840e+05
  Conserved En.    Temperature Pressure (bar)   Constr. rmsd
   -1.97703e+05    3.06284e+02    7.21301e+01    1.56664e-06

           Step           Time
          86000      860.00000

   Energies (kJ/mol)
           Bond       G96Angle  Restr. Angles  Improper Dih.        LJ (SR)
    6.19581e+03    2.58797e+03    3.23341e+02    5.29367e+01   -2.38201e+05
   Coulomb (SR) Position Rest.      Potential    Kinetic En.   Total Energy
   -3.26063e+03    7.76555e+02   -2.31525e+05    3.87015e+04   -1.92823e+05
  Conserved En.    Temperature Pressure (bar)   Constr. rmsd
   -1.97878e+05    3.03150e+02    4.89806e+01    1.68434e-06

           Step           Time
          87000      870.00000

   Energies (kJ/mol)
           Bond       G96Angle  Restr. Angles  Improper Dih.        LJ (SR)
    6.28399e+03    2.53571e+03    3.16331e+02    7.39860e+01   -2.37988e+05
   Coulomb (SR) Position Rest.      Potential    Kinetic En.   Total Energy
   -3.30512e+03    7.66222e+02   -2.31317e+05    3.86107e+04   -1.92706e+05
  Conserved En.    Temperature Pressure (bar)   Constr. rmsd
   -1.98053e+05    3.02439e+02   -2.45452e+01    1.85615e-06

           Step           Time
          88000      880.00000

   Energies (kJ/mol)
           Bond       G96Angle  Restr. Angles  Improper Dih.        LJ (SR)
    6.19045e+03    2.57839e+03    3.21426e+02    7.76402e+01   -2.38857e+05
   Coulomb (SR) Position Rest.      Potential    Kinetic En.   Total Energy
   -3.20889e+03    7.11643e+02   -2.32187e+05    3.92692e+04   -1.92917e+05
  Conserved En.    Temperature Pressure (bar)   Constr. rmsd
   -1.98371e+05    3.07597e+02    4.45100e+01    1.83024e-06

           Step           Time
          89000      890.00000

   Energies (kJ/mol)
           Bond       G96Angle  Restr. Angles  Improper Dih.        LJ (SR)
    6.07856e+03    2.45021e+03    3.23938e+02    6.18616e+01   -2.37946e+05
   Coulomb (SR) Position Rest.      Potential    Kinetic En.   Total Energy
   -3.25047e+03    7.61675e+02   -2.31520e+05    3.86460e+04   -1.92874e+05
  Conserved En.    Temperature Pressure (bar)   Constr. rmsd
   -1.98535e+05    3.02715e+02   -8.11678e+01    1.92154e-06

           Step           Time
          90000      900.00000

   Energies (kJ/mol)
           Bond       G96Angle  Restr. Angles  Improper Dih.        LJ (SR)
    6.08187e+03    2.55418e+03    2.95090e+02    4.80757e+01   -2.38095e+05
   Coulomb (SR) Position Rest.      Potential    Kinetic En.   Total Energy
   -3.31146e+03    7.30013e+02   -2.31697e+05    3.89779e+04   -1.92719e+05
  Conserved En.    Temperature Pressure (bar)   Constr. rmsd
   -1.98705e+05    3.05315e+02   -2.81157e+01    1.82454e-06

           Step           Time
          91000      910.00000

   Energies (kJ/mol)
           Bond       G96Angle  Restr. Angles  Improper Dih.        LJ (SR)
    6.11258e+03    2.50825e+03    2.88251e+02    5.58312e+01   -2.36933e+05
   Coulomb (SR) Position Rest.      Potential    Kinetic En.   Total Energy
   -3.35807e+03    7.21990e+02   -2.30604e+05    3.82633e+04   -1.92341e+05
  Conserved En.    Temperature Pressure (bar)   Constr. rmsd
   -1.98600e+05    2.99718e+02   -1.29271e+02    1.71926e-06

           Step           Time
          92000      920.00000

   Energies (kJ/mol)
           Bond       G96Angle  Restr. Angles  Improper Dih.        LJ (SR)
    6.09027e+03    2.60860e+03    3.15198e+02    7.73413e+01   -2.38760e+05
   Coulomb (SR) Position Rest.      Potential    Kinetic En.   Total Energy
   -3.31698e+03    7.68814e+02   -2.32216e+05    3.92405e+04   -1.92976e+05
  Conserved En.    Temperature Pressure (bar)   Constr. rmsd
   -1.98724e+05    3.07373e+02   -2.83837e+01    1.72164e-06

           Step           Time
          93000      930.00000

   Energies (kJ/mol)
           Bond       G96Angle  Restr. Angles  Improper Dih.        LJ (SR)
    6.19613e+03    2.57640e+03    2.57011e+02    6.00097e+01   -2.38446e+05
   Coulomb (SR) Position Rest.      Potential    Kinetic En.   Total Energy
   -3.33495e+03    7.32563e+02   -2.31958e+05    3.91275e+04   -1.92831e+05
  Conserved En.    Temperature Pressure (bar)   Constr. rmsd
   -1.99013e+05    3.06487e+02    3.69604e+01    1.88221e-06

           Step           Time
          94000      940.00000

   Energies (kJ/mol)
           Bond       G96Angle  Restr. Angles  Improper Dih.        LJ (SR)
    5.91437e+03    2.52424e+03    3.17755e+02    6.96829e+01   -2.38972e+05
   Coulomb (SR) Position Rest.      Potential    Kinetic En.   Total Energy
   -3.20565e+03    7.46166e+02   -2.32605e+05    3.90104e+04   -1.93595e+05
  Conserved En.    Temperature Pressure (bar)   Constr. rmsd
   -1.98771e+05    3.05570e+02    8.71928e+00    1.69588e-06

           Step           Time
          95000      950.00000

   Energies (kJ/mol)
           Bond       G96Angle  Restr. Angles  Improper Dih.        LJ (SR)
    6.23689e+03    2.66354e+03    3.05858e+02    4.81614e+01   -2.38580e+05
   Coulomb (SR) Position Rest.      Potential    Kinetic En.   Total Energy
   -3.23993e+03    7.59321e+02   -2.31806e+05    3.83914e+04   -1.93415e+05
  Conserved En.    Temperature Pressure (bar)   Constr. rmsd
   -1.98958e+05    3.00721e+02   -6.39939e+01    1.43222e-06

           Step           Time
          96000      960.00000

   Energies (kJ/mol)
           Bond       G96Angle  Restr. Angles  Improper Dih.        LJ (SR)
    6.25035e+03    2.44998e+03    3.36479e+02    3.39883e+01   -2.38225e+05
   Coulomb (SR) Position Rest.      Potential    Kinetic En.   Total Energy
   -3.30397e+03    7.49930e+02   -2.31708e+05    3.87641e+04   -1.92944e+05
  Conserved En.    Temperature Pressure (bar)   Constr. rmsd
   -1.99198e+05    3.03640e+02   -1.86366e+01    1.82897e-06

           Step           Time
          97000      970.00000

   Energies (kJ/mol)
           Bond       G96Angle  Restr. Angles  Improper Dih.        LJ (SR)
    6.05278e+03    2.55259e+03    3.15163e+02    6.70622e+01   -2.38142e+05
   Coulomb (SR) Position Rest.      Potential    Kinetic En.   Total Energy
   -3.27933e+03    7.71343e+02   -2.31662e+05    3.91183e+04   -1.92544e+05
  Conserved En.    Temperature Pressure (bar)   Constr. rmsd
   -1.99379e+05    3.06415e+02    6.01483e+01    2.18472e-06

           Step           Time
          98000      980.00000

   Energies (kJ/mol)
           Bond       G96Angle  Restr. Angles  Improper Dih.        LJ (SR)
    6.04232e+03    2.58257e+03    2.85671e+02    6.25875e+01   -2.38730e+05
   Coulomb (SR) Position Rest.      Potential    Kinetic En.   Total Energy
   -3.29355e+03    8.07344e+02   -2.32243e+05    3.90387e+04   -1.93204e+05
  Conserved En.    Temperature Pressure (bar)   Constr. rmsd
   -1.99487e+05    3.05791e+02    2.63036e+01    1.63353e-06

           Step           Time
          99000      990.00000

   Energies (kJ/mol)
           Bond       G96Angle  Restr. Angles  Improper Dih.        LJ (SR)
    6.29057e+03    2.56936e+03    2.90719e+02    3.74890e+01   -2.39472e+05
   Coulomb (SR) Position Rest.      Potential    Kinetic En.   Total Energy
   -3.22510e+03    7.57480e+02   -2.32751e+05    3.98389e+04   -1.92912e+05
  Conserved En.    Temperature Pressure (bar)   Constr. rmsd
   -1.99532e+05    3.12059e+02    7.57403e+01    1.65401e-06

           Step           Time
         100000     1000.00000

Writing checkpoint, step 100000 at Sun Oct 27 11:34:37 2024


   Energies (kJ/mol)
           Bond       G96Angle  Restr. Angles  Improper Dih.        LJ (SR)
    6.04524e+03    2.55085e+03    2.91696e+02    5.15120e+01   -2.38259e+05
   Coulomb (SR) Position Rest.      Potential    Kinetic En.   Total Energy
   -3.18456e+03    8.19628e+02   -2.31685e+05    3.88097e+04   -1.92875e+05
  Conserved En.    Temperature Pressure (bar)   Constr. rmsd
   -1.99781e+05    3.03998e+02   -3.66933e+00    1.62608e-06


Energy conservation over simulation part #1 of length 1000 ps, time 0 to 1000 ps
  Conserved energy drift: -6.94e-04 kJ/mol/ps per atom


	<======  ###############  ==>
	<====  A V E R A G E S  ====>
	<==  ###############  ======>

	Statistics over 100001 steps using 1001 frames

   Energies (kJ/mol)
           Bond       G96Angle  Restr. Angles  Improper Dih.        LJ (SR)
    6.11681e+03    2.55856e+03    3.07338e+02    5.37808e+01   -2.38474e+05
   Coulomb (SR) Position Rest.      Potential    Kinetic En.   Total Energy
   -3.25387e+03    7.35653e+02   -2.31956e+05    3.87010e+04   -1.93255e+05
  Conserved En.    Temperature Pressure (bar)   Constr. rmsd
   -1.95579e+05    3.03146e+02    1.62816e+00    0.00000e+00

          Box-X          Box-Y          Box-Z
    9.76935e+00    9.76935e+00    1.16848e+01

   Total Virial (kJ/mol)
    1.30824e+04    4.48038e+01    2.11697e+02
    4.48038e+01    1.26565e+04   -1.69068e+02
    2.11696e+02   -1.69068e+02    1.28126e+04

   Pressure (bar)
   -5.17592e+00   -1.16140e+00   -6.67277e+00
   -1.16140e+00    7.42660e+00    5.33651e+00
   -6.67274e+00    5.33650e+00    2.63378e+00

      T-PROTEIN     T-MEMBRANE       T-SOLUTE
    3.03241e+02    3.03144e+02    3.03134e+02


	M E G A - F L O P S   A C C O U N T I N G

 NB=Group-cutoff nonbonded kernels    NxN=N-by-N cluster Verlet kernels
 RF=Reaction-Field  VdW=Van der Waals  QSTab=quadratic-spline table
 W3=SPC/TIP3p  W4=TIP4p (single or pairs)
 V&F=Potential and force  V=Potential only  F=Force only

 Computing:                               M-Number         M-Flops  % Flops
-----------------------------------------------------------------------------
 Pair Search distance check            3185.387242       28668.485     0.6
 NxN RF Elec. + LJ [F]                29596.305232     1124659.599    22.4
 NxN RF Elec. + LJ [V&F]                299.153232       16154.275     0.3
 NxN LJ [F]                          112287.214304     3705478.072    73.8
 NxN LJ [V&F]                          1135.528352       48827.719     1.0
 NxN RF Electrostatics [F]               35.499952        1100.499     0.0
 NxN RF Electrostatics [V&F]              0.349392          12.578     0.0
 Shift-X                                 20.784387         124.706     0.0
 Bonds                                  586.305863       34592.046     0.7
 Angles                                 296.102961       49745.297     1.0
 Impropers                                4.100041         852.809     0.0
 Pos. Restr.                             67.100671        3355.034     0.1
 Virial                                  10.442432         187.964     0.0
 Stop-CM                                 10.407774         104.078     0.0
 P-Coupling                              10.397387          62.384     0.0
 Calc-Ekin                              103.890774        2805.051     0.1
 Lincs                                   39.201176        2352.071     0.0
 Lincs-Mat                              763.222896        3052.892     0.1
 Constraint-V                            78.401568         705.614     0.0
 Constraint-Vir                           0.392392           9.417     0.0
 Virtual Site N                           7.676152         115.142     0.0
-----------------------------------------------------------------------------
 Total                                                 5022965.731   100.0
-----------------------------------------------------------------------------


      R E A L   C Y C L E   A N D   T I M E   A C C O U N T I N G

On 1 MPI rank, each using 8 OpenMP threads

 Activity:              Num   Num      Call    Wall time         Giga-Cycles
                        Ranks Threads  Count      (s)         total sum    %
--------------------------------------------------------------------------------
 Vsite constr.             1    8     100001       1.837         35.261   1.3
 Neighbor search           1    8       2001       4.333         83.197   3.1
 Force                     1    8     100001      73.884       1418.582  53.4
 NB X/F buffer ops.        1    8     198001      19.823        380.606  14.3
 Vsite spread              1    8     101002       7.507        144.143   5.4
 Write traj.               1    8        101       0.264          5.065   0.2
 Update                    1    8     100001       6.493        124.673   4.7
 Constraints               1    8     100003      23.008        441.762  16.6
 Rest                                              1.323         25.406   1.0
--------------------------------------------------------------------------------
 Total                                           138.473       2658.696 100.0
--------------------------------------------------------------------------------

               Core t (s)   Wall t (s)        (%)
       Time:     1107.785      138.473      800.0
                 (ns/day)    (hour/ns)
Performance:      623.953        0.038
Finished mdrun on rank 0 Sun Oct 27 11:34:37 2024

