                      :-) GROMACS - gmx mdrun, 2023.2 (-:

Copyright 1991-2023 The GROMACS Authors.
GROMACS is free software; you can redistribute it and/or modify it
under the terms of the GNU Lesser General Public License
as published by the Free Software Foundation; either version 2.1
of the License, or (at your option) any later version.

                         Current GROMACS contributors:
       Mark Abraham           Andrey Alekseenko           Cathrine Bergh      
      Christian Blau            Eliane Briand             Mahesh Doijade      
    Stefan Fleischmann           Vytas Gapsys              Gaurav Garg        
      Sergey Gorelov         Gilles Gouaillardet            Alan Gray         
     M. Eric Irrgang         Farzaneh Jalalypour            Joe Jordan        
    Christoph Junghans        Prashanth Kanduri          Sebastian Keller     
     Carsten Kutzner           Justin A. Lemkul          Magnus Lundborg      
       Pascal Merz              Vedran Miletic            Dmitry Morozov      
       Szilard Pall             Roland Schulz             Michael Shirts      
     Alexey Shvetsov            Balint Soproni         David van der Spoel    
      Philip Turner             Carsten Uphoff           Alessandra Villa     
 Sebastian Wingbermuehle        Artem Zhmurov       

                         Previous GROMACS contributors:
        Emile Apol             Rossen Apostolov           James Barnett       
  Herman J.C. Berendsen          Par Bjelkmar           Viacheslav Bolnykh    
        Kevin Boyd            Aldert van Buuren          Carlo Camilloni      
     Rudi van Drunen            Anton Feenstra           Oliver Fleetwood     
     Gerrit Groenhof            Bert de Groot             Anca Hamuraru       
    Vincent Hindriksen          Victor Holanda           Aleksei Iupinov      
   Dimitrios Karkoulis           Peter Kasson             Sebastian Kehl      
        Jiri Kraus               Per Larsson              Viveca Lindahl      
      Erik Marklund           Pieter Meulenhoff           Teemu Murtola       
       Sander Pronk             Alfons Sijbers            Peter Tieleman      
       Jon Vincent             Teemu Virolainen         Christian Wennberg    
       Maarten Wolf       

                  Coordinated by the GROMACS project leaders:
                    Paul Bauer, Berk Hess, and Erik Lindahl

GROMACS:      gmx mdrun, version 2023.2
Executable:   /usr/local/gromacs/bin/gmx
Data prefix:  /usr/local/gromacs
Working dir:  /home/tyac/computational_chemistry-TC/Examples/CG
Process ID:   6705
Command line:
  gmx mdrun -deffnm step7_production

GROMACS version:    2023.2
Precision:          mixed
Memory model:       64 bit
MPI library:        thread_mpi
OpenMP support:     enabled (GMX_OPENMP_MAX_THREADS = 128)
GPU support:        disabled
SIMD instructions:  AVX2_256
CPU FFT library:    fftw-3.3.8-sse2-avx-avx2-avx2_128
GPU FFT library:    none
Multi-GPU FFT:      none
RDTSCP usage:       enabled
TNG support:        enabled
Hwloc support:      disabled
Tracing support:    disabled
C compiler:         /usr/bin/cc GNU 11.4.0
C compiler flags:   -fexcess-precision=fast -funroll-all-loops -mavx2 -mfma -Wno-missing-field-initializers -O3 -DNDEBUG
C++ compiler:       /usr/bin/c++ GNU 11.4.0
C++ compiler flags: -fexcess-precision=fast -funroll-all-loops -mavx2 -mfma -Wno-missing-field-initializers -Wno-cast-function-type-strict -fopenmp -O3 -DNDEBUG
BLAS library:       Internal
LAPACK library:     Internal


Running on 1 node with total 4 cores, 8 processing units
Hardware detected on host Tyac:
  CPU info:
    Vendor: Intel
    Brand:  Intel(R) Core(TM) i5-9300H CPU @ 2.40GHz
    Family: 6   Model: 158   Stepping: 13
    Features: aes apic avx avx2 clfsh cmov cx8 cx16 f16c fma htt intel lahf mmx msr pcid pclmuldq pdcm pdpe1gb popcnt pse rdrnd rdtscp sse2 sse3 sse4.1 sse4.2 ssse3
  Hardware topology: Basic
    Packages, cores, and logical processors:
    [indices refer to OS logical processors]
      Package  0: [   0   1] [   2   3] [   4   5] [   6   7]
    CPU limit set by OS: -1   Recommended max number of threads: 8


++++ PLEASE READ AND CITE THE FOLLOWING REFERENCE ++++
M. J. Abraham, T. Murtola, R. Schulz, S. Páll, J. C. Smith, B. Hess, E.
Lindahl
GROMACS: High performance molecular simulations through multi-level
parallelism from laptops to supercomputers
SoftwareX 1 (2015) pp. 19-25
-------- -------- --- Thank You --- -------- --------


++++ PLEASE READ AND CITE THE FOLLOWING REFERENCE ++++
S. Páll, M. J. Abraham, C. Kutzner, B. Hess, E. Lindahl
Tackling Exascale Software Challenges in Molecular Dynamics Simulations with
GROMACS
In S. Markidis & E. Laure (Eds.), Solving Software Challenges for Exascale 8759 (2015) pp. 3-27
-------- -------- --- Thank You --- -------- --------


++++ PLEASE READ AND CITE THE FOLLOWING REFERENCE ++++
S. Pronk, S. Páll, R. Schulz, P. Larsson, P. Bjelkmar, R. Apostolov, M. R.
Shirts, J. C. Smith, P. M. Kasson, D. van der Spoel, B. Hess, and E. Lindahl
GROMACS 4.5: a high-throughput and highly parallel open source molecular
simulation toolkit
Bioinformatics 29 (2013) pp. 845-54
-------- -------- --- Thank You --- -------- --------


++++ PLEASE READ AND CITE THE FOLLOWING REFERENCE ++++
B. Hess and C. Kutzner and D. van der Spoel and E. Lindahl
GROMACS 4: Algorithms for highly efficient, load-balanced, and scalable
molecular simulation
J. Chem. Theory Comput. 4 (2008) pp. 435-447
-------- -------- --- Thank You --- -------- --------


++++ PLEASE READ AND CITE THE FOLLOWING REFERENCE ++++
D. van der Spoel, E. Lindahl, B. Hess, G. Groenhof, A. E. Mark and H. J. C.
Berendsen
GROMACS: Fast, Flexible and Free
J. Comp. Chem. 26 (2005) pp. 1701-1719
-------- -------- --- Thank You --- -------- --------


++++ PLEASE READ AND CITE THE FOLLOWING REFERENCE ++++
E. Lindahl and B. Hess and D. van der Spoel
GROMACS 3.0: A package for molecular simulation and trajectory analysis
J. Mol. Mod. 7 (2001) pp. 306-317
-------- -------- --- Thank You --- -------- --------


++++ PLEASE READ AND CITE THE FOLLOWING REFERENCE ++++
H. J. C. Berendsen, D. van der Spoel and R. van Drunen
GROMACS: A message-passing parallel molecular dynamics implementation
Comp. Phys. Comm. 91 (1995) pp. 43-56
-------- -------- --- Thank You --- -------- --------


++++ PLEASE CITE THE DOI FOR THIS VERSION OF GROMACS ++++
https://doi.org/10.5281/zenodo.8134397
-------- -------- --- Thank You --- -------- --------

Input Parameters:
   integrator                     = md
   tinit                          = 0
   dt                             = 0.02
   nsteps                         = 1500000
   init-step                      = 0
   simulation-part                = 1
   mts                            = false
   comm-mode                      = Linear
   nstcomm                        = 100
   bd-fric                        = 0
   ld-seed                        = -1241547546
   emtol                          = 10
   emstep                         = 0.01
   niter                          = 20
   fcstep                         = 0
   nstcgsteep                     = 1000
   nbfgscorr                      = 10
   rtpi                           = 0.05
   nstxout                        = 5000
   nstvout                        = 5000
   nstfout                        = 5000
   nstlog                         = 5000
   nstcalcenergy                  = 100
   nstenergy                      = 5000
   nstxout-compressed             = 5000
   compressed-x-precision         = 100
   cutoff-scheme                  = Verlet
   nstlist                        = 20
   pbc                            = xyz
   periodic-molecules             = false
   verlet-buffer-tolerance        = 0.005
   rlist                          = 1.211
   coulombtype                    = Reaction-Field
   coulomb-modifier               = Potential-shift
   rcoulomb-switch                = 0
   rcoulomb                       = 1.1
   epsilon-r                      = 15
   epsilon-rf                     = inf
   vdw-type                       = Cut-off
   vdw-modifier                   = Potential-shift
   rvdw-switch                    = 0
   rvdw                           = 1.1
   DispCorr                       = No
   table-extension                = 1
   fourierspacing                 = 0.12
   fourier-nx                     = 0
   fourier-ny                     = 0
   fourier-nz                     = 0
   pme-order                      = 4
   ewald-rtol                     = 1e-05
   ewald-rtol-lj                  = 0.001
   lj-pme-comb-rule               = Geometric
   ewald-geometry                 = 3d
   epsilon-surface                = 0
   ensemble-temperature-setting   = constant
   ensemble-temperature           = 303.15
   tcoupl                         = V-rescale
   nsttcouple                     = 10
   nh-chain-length                = 0
   print-nose-hoover-chain-variables = false
   pcoupl                         = Parrinello-Rahman
   pcoupltype                     = Semiisotropic
   nstpcouple                     = 25
   tau-p                          = 12
   compressibility (3x3):
      compressibility[    0]={ 3.00000e-04,  0.00000e+00,  0.00000e+00}
      compressibility[    1]={ 0.00000e+00,  3.00000e-04,  0.00000e+00}
      compressibility[    2]={ 0.00000e+00,  0.00000e+00,  3.00000e-04}
   ref-p (3x3):
      ref-p[    0]={ 1.00000e+00,  0.00000e+00,  0.00000e+00}
      ref-p[    1]={ 0.00000e+00,  1.00000e+00,  0.00000e+00}
      ref-p[    2]={ 0.00000e+00,  0.00000e+00,  1.00000e+00}
   refcoord-scaling               = All
   posres-com (3):
      posres-com[0]= 0.00000e+00
      posres-com[1]= 0.00000e+00
      posres-com[2]= 0.00000e+00
   posres-comB (3):
      posres-comB[0]= 0.00000e+00
      posres-comB[1]= 0.00000e+00
      posres-comB[2]= 0.00000e+00
   QMMM                           = false
qm-opts:
   ngQM                           = 0
   constraint-algorithm           = Lincs
   continuation                   = false
   Shake-SOR                      = false
   shake-tol                      = 0.0001
   lincs-order                    = 4
   lincs-iter                     = 1
   lincs-warnangle                = 30
   nwall                          = 0
   wall-type                      = 9-3
   wall-r-linpot                  = -1
   wall-atomtype[0]               = -1
   wall-atomtype[1]               = -1
   wall-density[0]                = 0
   wall-density[1]                = 0
   wall-ewald-zfac                = 3
   pull                           = false
   awh                            = false
   rotation                       = false
   interactiveMD                  = false
   disre                          = No
   disre-weighting                = Conservative
   disre-mixed                    = false
   dr-fc                          = 1000
   dr-tau                         = 0
   nstdisreout                    = 100
   orire-fc                       = 0
   orire-tau                      = 0
   nstorireout                    = 100
   free-energy                    = no
   cos-acceleration               = 0
   deform (3x3):
      deform[    0]={ 0.00000e+00,  0.00000e+00,  0.00000e+00}
      deform[    1]={ 0.00000e+00,  0.00000e+00,  0.00000e+00}
      deform[    2]={ 0.00000e+00,  0.00000e+00,  0.00000e+00}
   simulated-tempering            = false
   swapcoords                     = no
   userint1                       = 0
   userint2                       = 0
   userint3                       = 0
   userint4                       = 0
   userreal1                      = 0
   userreal2                      = 0
   userreal3                      = 0
   userreal4                      = 0
   applied-forces:
     electric-field:
       x:
         E0                       = 0
         omega                    = 0
         t0                       = 0
         sigma                    = 0
       y:
         E0                       = 0
         omega                    = 0
         t0                       = 0
         sigma                    = 0
       z:
         E0                       = 0
         omega                    = 0
         t0                       = 0
         sigma                    = 0
     density-guided-simulation:
       active                     = false
       group                      = protein
       similarity-measure         = inner-product
       atom-spreading-weight      = unity
       force-constant             = 1e+09
       gaussian-transform-spreading-width = 0.2
       gaussian-transform-spreading-range-in-multiples-of-width = 4
       reference-density-filename = reference.mrc
       nst                        = 1
       normalize-densities        = true
       adaptive-force-scaling     = false
       adaptive-force-scaling-time-constant = 4
       shift-vector               = 
       transformation-matrix      = 
     qmmm-cp2k:
       active                     = false
       qmgroup                    = System
       qmmethod                   = PBE
       qmfilenames                = 
       qmcharge                   = 0
       qmmultiplicity             = 1
grpopts:
   nrdf:     2619.74     8999.12     19090.1
   ref-t:      303.15      303.15      303.15
   tau-t:           1           1           1
annealing:          No          No          No
annealing-npoints:           0           0           0
   acc:	           0           0           0
   nfreeze:           N           N           N
   energygrp-flags[  0]: 0

Changing nstlist from 20 to 25, rlist from 1.211 to 1.259

Update groups can not be used for this system because an incompatible virtual site type is used

Using 1 MPI thread
Using 8 OpenMP threads 

System total charge: 0.000
Reaction-Field:
epsRF = 0, rc = 1.1, krf = 0.375657, crf = 1.36364, epsfac = 9.26236
The electrostatics potential has its minimum at r = 1.1
Potential shift: LJ r^-12: -3.186e-01 r^-6: -5.645e-01


Using SIMD 4x8 nonbonded short-range kernels

Using a dual 4x8 pair-list setup updated with dynamic pruning:
  outer list: updated every 25 steps, buffer 0.159 nm, rlist 1.259 nm
  inner list: updated every  5 steps, buffer 0.002 nm, rlist 1.102 nm
At tolerance 0.005 kJ/mol/ps per atom, equivalent classical 1x1 list would be:
  outer list: updated every 25 steps, buffer 0.269 nm, rlist 1.369 nm
  inner list: updated every  5 steps, buffer 0.024 nm, rlist 1.124 nm

Using full Lennard-Jones parameter combination matrix
Removing pbc first time

Pinning threads with an auto-selected logical cpu stride of 1

Initializing LINear Constraint Solver

++++ PLEASE READ AND CITE THE FOLLOWING REFERENCE ++++
B. Hess
P-LINCS: A Parallel Linear Constraint Solver for molecular simulation
J. Chem. Theory Comput. 4 (2008) pp. 116-122
-------- -------- --- Thank You --- -------- --------

The number of constraints is 392
283 constraints are involved in constraint triangles,
will apply an additional matrix expansion of order 4 for couplings
between constraints inside triangles

++++ PLEASE READ AND CITE THE FOLLOWING REFERENCE ++++
G. Bussi, D. Donadio and M. Parrinello
Canonical sampling through velocity rescaling
J. Chem. Phys. 126 (2007) pp. 014101
-------- -------- --- Thank You --- -------- --------

There are: 10368 Atoms
There are: 19 VSites

Constraining the starting coordinates (step 0)

Constraining the coordinates at t0-dt (step 0)
Center of mass motion removal mode is Linear
We have the following groups for center of mass motion removal:
  0:  rest
RMS relative constraint deviation after constraining: 6.83e-06
Initial temperature: 306.619 K

Started mdrun on rank 0 Sun Oct 27 11:37:05 2024

           Step           Time
              0        0.00000

   Energies (kJ/mol)
           Bond       G96Angle  Restr. Angles  Improper Dih.        LJ (SR)
    6.33760e+03    2.55936e+03    2.69159e+02    5.80227e+01   -2.40145e+05
   Coulomb (SR)      Potential    Kinetic En.   Total Energy  Conserved En.
   -3.22060e+03   -2.34142e+05    3.91026e+04   -1.95039e+05   -1.94973e+05
    Temperature Pressure (bar)   Constr. rmsd
    3.06292e+02    1.53454e+02    6.54013e-06

           Step           Time
           5000      100.00000

   Energies (kJ/mol)
           Bond       G96Angle  Restr. Angles  Improper Dih.        LJ (SR)
    6.25748e+03    2.54249e+03    2.68183e+02    5.91083e+01   -2.38379e+05
   Coulomb (SR)      Potential    Kinetic En.   Total Energy  Conserved En.
   -3.29208e+03   -2.32544e+05    3.91908e+04   -1.93353e+05   -1.97962e+05
    Temperature Pressure (bar)   Constr. rmsd
    3.06983e+02    1.88582e+01    7.02273e-06

           Step           Time
          10000      200.00000

   Energies (kJ/mol)
           Bond       G96Angle  Restr. Angles  Improper Dih.        LJ (SR)
    6.02531e+03    2.44643e+03    3.00716e+02    6.20817e+01   -2.38462e+05
   Coulomb (SR)      Potential    Kinetic En.   Total Energy  Conserved En.
   -3.25047e+03   -2.32878e+05    3.74795e+04   -1.95398e+05   -2.00640e+05
    Temperature Pressure (bar)   Constr. rmsd
    2.93578e+02   -8.66743e+01    6.77918e-06

           Step           Time
          15000      300.00000

   Energies (kJ/mol)
           Bond       G96Angle  Restr. Angles  Improper Dih.        LJ (SR)
    6.24571e+03    2.62743e+03    2.72555e+02    5.12822e+01   -2.39895e+05
   Coulomb (SR)      Potential    Kinetic En.   Total Energy  Conserved En.
   -3.28750e+03   -2.33986e+05    3.86669e+04   -1.95319e+05   -2.03625e+05
    Temperature Pressure (bar)   Constr. rmsd
    3.02879e+02    4.63737e+01    5.80074e-06

           Step           Time
          20000      400.00000

   Energies (kJ/mol)
           Bond       G96Angle  Restr. Angles  Improper Dih.        LJ (SR)
    5.97914e+03    2.70009e+03    2.61477e+02    5.62219e+01   -2.38668e+05
   Coulomb (SR)      Potential    Kinetic En.   Total Energy  Conserved En.
   -3.25095e+03   -2.32922e+05    3.85320e+04   -1.94390e+05   -2.06618e+05
    Temperature Pressure (bar)   Constr. rmsd
    3.01823e+02   -2.58155e+01    8.68246e-06

           Step           Time
          25000      500.00000

   Energies (kJ/mol)
           Bond       G96Angle  Restr. Angles  Improper Dih.        LJ (SR)
    6.20546e+03    2.63475e+03    3.07590e+02    6.54263e+01   -2.39968e+05
   Coulomb (SR)      Potential    Kinetic En.   Total Energy  Conserved En.
   -3.18412e+03   -2.33939e+05    3.87241e+04   -1.95214e+05   -2.09581e+05
    Temperature Pressure (bar)   Constr. rmsd
    3.03327e+02    3.44100e+01    4.70534e-06

           Step           Time
          30000      600.00000

   Energies (kJ/mol)
           Bond       G96Angle  Restr. Angles  Improper Dih.        LJ (SR)
    6.41524e+03    2.71368e+03    2.73182e+02    5.10472e+01   -2.37991e+05
   Coulomb (SR)      Potential    Kinetic En.   Total Energy  Conserved En.
   -3.22324e+03   -2.31761e+05    3.92150e+04   -1.92546e+05   -2.12434e+05
    Temperature Pressure (bar)   Constr. rmsd
    3.07172e+02   -6.25862e+01    7.70120e-06

           Step           Time
          35000      700.00000

   Energies (kJ/mol)
           Bond       G96Angle  Restr. Angles  Improper Dih.        LJ (SR)
    6.24292e+03    2.58784e+03    2.58372e+02    4.61367e+01   -2.39605e+05
   Coulomb (SR)      Potential    Kinetic En.   Total Energy  Conserved En.
   -3.20774e+03   -2.33678e+05    3.86363e+04   -1.95041e+05   -2.15399e+05
    Temperature Pressure (bar)   Constr. rmsd
    3.02640e+02   -3.85413e+01    1.02923e-05

           Step           Time
          40000      800.00000

   Energies (kJ/mol)
           Bond       G96Angle  Restr. Angles  Improper Dih.        LJ (SR)
    6.36640e+03    2.48264e+03    2.73583e+02    5.65306e+01   -2.39270e+05
   Coulomb (SR)      Potential    Kinetic En.   Total Energy  Conserved En.
   -3.22454e+03   -2.33316e+05    3.95602e+04   -1.93755e+05   -2.18423e+05
    Temperature Pressure (bar)   Constr. rmsd
    3.09877e+02    1.95716e+01    7.32857e-06

           Step           Time
          45000      900.00000

   Energies (kJ/mol)
           Bond       G96Angle  Restr. Angles  Improper Dih.        LJ (SR)
    6.44831e+03    2.53922e+03    2.85791e+02    4.56950e+01   -2.39949e+05
   Coulomb (SR)      Potential    Kinetic En.   Total Energy  Conserved En.
   -3.26310e+03   -2.33893e+05    3.85853e+04   -1.95307e+05   -2.21467e+05
    Temperature Pressure (bar)   Constr. rmsd
    3.02240e+02    3.27943e+01    7.98842e-06

           Step           Time
          50000     1000.00000

   Energies (kJ/mol)
           Bond       G96Angle  Restr. Angles  Improper Dih.        LJ (SR)
    6.20019e+03    2.54106e+03    2.71020e+02    7.17810e+01   -2.39298e+05
   Coulomb (SR)      Potential    Kinetic En.   Total Energy  Conserved En.
   -3.25614e+03   -2.33470e+05    3.82072e+04   -1.95263e+05   -2.24422e+05
    Temperature Pressure (bar)   Constr. rmsd
    2.99279e+02    6.02402e+01    7.38745e-06

           Step           Time
          55000     1100.00000

   Energies (kJ/mol)
           Bond       G96Angle  Restr. Angles  Improper Dih.        LJ (SR)
    6.17956e+03    2.56169e+03    2.87296e+02    6.51970e+01   -2.38252e+05
   Coulomb (SR)      Potential    Kinetic En.   Total Energy  Conserved En.
   -3.32483e+03   -2.32483e+05    3.84872e+04   -1.93996e+05   -2.27339e+05
    Temperature Pressure (bar)   Constr. rmsd
    3.01472e+02   -5.29088e+01    8.39097e-06

           Step           Time
          60000     1200.00000

   Energies (kJ/mol)
           Bond       G96Angle  Restr. Angles  Improper Dih.        LJ (SR)
    6.29019e+03    2.49958e+03    2.91024e+02    4.17586e+01   -2.37893e+05
   Coulomb (SR)      Potential    Kinetic En.   Total Energy  Conserved En.
   -3.24966e+03   -2.32020e+05    3.80788e+04   -1.93941e+05   -2.30359e+05
    Temperature Pressure (bar)   Constr. rmsd
    2.98272e+02   -3.18958e+01    7.08135e-06

           Step           Time
          65000     1300.00000

   Energies (kJ/mol)
           Bond       G96Angle  Restr. Angles  Improper Dih.        LJ (SR)
    6.10526e+03    2.53995e+03    2.74426e+02    3.85806e+01   -2.37203e+05
   Coulomb (SR)      Potential    Kinetic En.   Total Energy  Conserved En.
   -3.24815e+03   -2.31493e+05    3.92967e+04   -1.92196e+05   -2.33418e+05
    Temperature Pressure (bar)   Constr. rmsd
    3.07813e+02   -1.01541e+02    6.05686e-06

           Step           Time
          70000     1400.00000

   Energies (kJ/mol)
           Bond       G96Angle  Restr. Angles  Improper Dih.        LJ (SR)
    6.04572e+03    2.47971e+03    3.06847e+02    5.14371e+01   -2.38876e+05
   Coulomb (SR)      Potential    Kinetic En.   Total Energy  Conserved En.
   -3.37166e+03   -2.33364e+05    3.90919e+04   -1.94272e+05   -2.36249e+05
    Temperature Pressure (bar)   Constr. rmsd
    3.06208e+02   -7.79567e+00    8.24077e-06

           Step           Time
          75000     1500.00000

   Energies (kJ/mol)
           Bond       G96Angle  Restr. Angles  Improper Dih.        LJ (SR)
    5.99149e+03    2.49402e+03    2.93814e+02    4.60671e+01   -2.38478e+05
   Coulomb (SR)      Potential    Kinetic En.   Total Energy  Conserved En.
   -3.30068e+03   -2.32954e+05    3.83135e+04   -1.94640e+05   -2.39288e+05
    Temperature Pressure (bar)   Constr. rmsd
    3.00111e+02   -6.38321e+00    6.60672e-06

           Step           Time
          80000     1600.00000

   Energies (kJ/mol)
           Bond       G96Angle  Restr. Angles  Improper Dih.        LJ (SR)
    6.10049e+03    2.55538e+03    2.41514e+02    3.72010e+01   -2.39618e+05
   Coulomb (SR)      Potential    Kinetic En.   Total Energy  Conserved En.
   -3.26266e+03   -2.33946e+05    3.87346e+04   -1.95212e+05   -2.42313e+05
    Temperature Pressure (bar)   Constr. rmsd
    3.03409e+02    2.77209e+01    6.21814e-06

           Step           Time
          85000     1700.00000

   Energies (kJ/mol)
           Bond       G96Angle  Restr. Angles  Improper Dih.        LJ (SR)
    6.27528e+03    2.49692e+03    2.71666e+02    5.28287e+01   -2.39366e+05
   Coulomb (SR)      Potential    Kinetic En.   Total Energy  Conserved En.
   -3.24806e+03   -2.33518e+05    3.81420e+04   -1.95376e+05   -2.45319e+05
    Temperature Pressure (bar)   Constr. rmsd
    2.98768e+02    3.86941e+01    7.28532e-06

           Step           Time
          90000     1800.00000

   Energies (kJ/mol)
           Bond       G96Angle  Restr. Angles  Improper Dih.        LJ (SR)
    6.32098e+03    2.61656e+03    2.52456e+02    5.18288e+01   -2.38533e+05
   Coulomb (SR)      Potential    Kinetic En.   Total Energy  Conserved En.
   -3.24859e+03   -2.32539e+05    3.85989e+04   -1.93940e+05   -2.48345e+05
    Temperature Pressure (bar)   Constr. rmsd
    3.02347e+02    2.76602e+01    6.19735e-06

           Step           Time
          95000     1900.00000

   Energies (kJ/mol)
           Bond       G96Angle  Restr. Angles  Improper Dih.        LJ (SR)
    6.30889e+03    2.57140e+03    2.90690e+02    6.22868e+01   -2.39697e+05
   Coulomb (SR)      Potential    Kinetic En.   Total Energy  Conserved En.
   -3.22442e+03   -2.33688e+05    3.87497e+04   -1.94938e+05   -2.51322e+05
    Temperature Pressure (bar)   Constr. rmsd
    3.03528e+02   -2.30792e+01    6.47893e-06

           Step           Time
         100000     2000.00000

   Energies (kJ/mol)
           Bond       G96Angle  Restr. Angles  Improper Dih.        LJ (SR)
    6.23928e+03    2.51161e+03    2.60059e+02    4.00409e+01   -2.38378e+05
   Coulomb (SR)      Potential    Kinetic En.   Total Energy  Conserved En.
   -3.34369e+03   -2.32671e+05    3.94330e+04   -1.93238e+05   -2.54319e+05
    Temperature Pressure (bar)   Constr. rmsd
    3.08880e+02    1.08555e+01    6.59819e-06

           Step           Time
         105000     2100.00000

   Energies (kJ/mol)
           Bond       G96Angle  Restr. Angles  Improper Dih.        LJ (SR)
    6.18439e+03    2.44545e+03    2.99552e+02    5.20957e+01   -2.40455e+05
   Coulomb (SR)      Potential    Kinetic En.   Total Energy  Conserved En.
   -3.33626e+03   -2.34809e+05    3.82808e+04   -1.96529e+05   -2.57108e+05
    Temperature Pressure (bar)   Constr. rmsd
    2.99855e+02    4.32584e+01    4.95488e-06

           Step           Time
         110000     2200.00000

   Energies (kJ/mol)
           Bond       G96Angle  Restr. Angles  Improper Dih.        LJ (SR)
    6.02146e+03    2.53937e+03    2.61793e+02    4.25727e+01   -2.40014e+05
   Coulomb (SR)      Potential    Kinetic En.   Total Energy  Conserved En.
   -3.28326e+03   -2.34432e+05    3.82812e+04   -1.96150e+05   -2.60007e+05
    Temperature Pressure (bar)   Constr. rmsd
    2.99858e+02   -5.66355e+00    6.88486e-06

           Step           Time
         115000     2300.00000

   Energies (kJ/mol)
           Bond       G96Angle  Restr. Angles  Improper Dih.        LJ (SR)
    6.42368e+03    2.46886e+03    2.82946e+02    6.19288e+01   -2.39332e+05
   Coulomb (SR)      Potential    Kinetic En.   Total Energy  Conserved En.
   -3.32894e+03   -2.33424e+05    3.85488e+04   -1.94875e+05   -2.62920e+05
    Temperature Pressure (bar)   Constr. rmsd
    3.01954e+02    1.03680e+01    7.15204e-06

           Step           Time
         120000     2400.00000

   Energies (kJ/mol)
           Bond       G96Angle  Restr. Angles  Improper Dih.        LJ (SR)
    6.10285e+03    2.60459e+03    2.75217e+02    4.59516e+01   -2.39571e+05
   Coulomb (SR)      Potential    Kinetic En.   Total Energy  Conserved En.
   -3.23139e+03   -2.33774e+05    3.86116e+04   -1.95163e+05   -2.65885e+05
    Temperature Pressure (bar)   Constr. rmsd
    3.02446e+02   -6.04170e+01    6.17285e-06

           Step           Time
         125000     2500.00000

   Energies (kJ/mol)
           Bond       G96Angle  Restr. Angles  Improper Dih.        LJ (SR)
    6.22023e+03    2.48139e+03    2.82783e+02    5.07879e+01   -2.38891e+05
   Coulomb (SR)      Potential    Kinetic En.   Total Energy  Conserved En.
   -3.24549e+03   -2.33101e+05    3.86044e+04   -1.94497e+05   -2.68858e+05
    Temperature Pressure (bar)   Constr. rmsd
    3.02390e+02   -5.26856e+01    7.38339e-06

           Step           Time
         130000     2600.00000

   Energies (kJ/mol)
           Bond       G96Angle  Restr. Angles  Improper Dih.        LJ (SR)
    6.04785e+03    2.48128e+03    2.88476e+02    5.42502e+01   -2.39423e+05
   Coulomb (SR)      Potential    Kinetic En.   Total Energy  Conserved En.
   -3.36675e+03   -2.33918e+05    3.81793e+04   -1.95738e+05   -2.71893e+05
    Temperature Pressure (bar)   Constr. rmsd
    2.99060e+02    1.15389e+01    7.10443e-06

           Step           Time
         135000     2700.00000

   Energies (kJ/mol)
           Bond       G96Angle  Restr. Angles  Improper Dih.        LJ (SR)
    6.39313e+03    2.55460e+03    2.80332e+02    5.19833e+01   -2.37830e+05
   Coulomb (SR)      Potential    Kinetic En.   Total Energy  Conserved En.
   -3.33050e+03   -2.31881e+05    3.89162e+04   -1.92965e+05   -2.74869e+05
    Temperature Pressure (bar)   Constr. rmsd
    3.04832e+02    2.45512e+01    6.65899e-06

           Step           Time
         140000     2800.00000

   Energies (kJ/mol)
           Bond       G96Angle  Restr. Angles  Improper Dih.        LJ (SR)
    6.15883e+03    2.55748e+03    2.79026e+02    6.19912e+01   -2.39431e+05
   Coulomb (SR)      Potential    Kinetic En.   Total Energy  Conserved En.
   -3.23496e+03   -2.33608e+05    3.86321e+04   -1.94976e+05   -2.77964e+05
    Temperature Pressure (bar)   Constr. rmsd
    3.02607e+02   -2.22158e+01    6.09775e-06

           Step           Time
         145000     2900.00000

   Energies (kJ/mol)
           Bond       G96Angle  Restr. Angles  Improper Dih.        LJ (SR)
    6.25582e+03    2.55690e+03    2.92995e+02    3.73654e+01   -2.38942e+05
   Coulomb (SR)      Potential    Kinetic En.   Total Energy  Conserved En.
   -3.30463e+03   -2.33104e+05    3.87988e+04   -1.94305e+05   -2.81071e+05
    Temperature Pressure (bar)   Constr. rmsd
    3.03913e+02   -7.68874e+01    5.92652e-06

           Step           Time
         150000     3000.00000

   Energies (kJ/mol)
           Bond       G96Angle  Restr. Angles  Improper Dih.        LJ (SR)
    6.01332e+03    2.57177e+03    2.92229e+02    6.26431e+01   -2.39455e+05
   Coulomb (SR)      Potential    Kinetic En.   Total Energy  Conserved En.
   -3.37195e+03   -2.33887e+05    3.87724e+04   -1.95115e+05   -2.84174e+05
    Temperature Pressure (bar)   Constr. rmsd
    3.03705e+02    1.65250e+01    7.48806e-06

           Step           Time
         155000     3100.00000

   Energies (kJ/mol)
           Bond       G96Angle  Restr. Angles  Improper Dih.        LJ (SR)
    6.13525e+03    2.59976e+03    2.70168e+02    5.25751e+01   -2.38486e+05
   Coulomb (SR)      Potential    Kinetic En.   Total Energy  Conserved En.
   -3.24083e+03   -2.32669e+05    3.88014e+04   -1.93868e+05   -2.87177e+05
    Temperature Pressure (bar)   Constr. rmsd
    3.03933e+02   -3.07897e+01    6.68421e-06

           Step           Time
         160000     3200.00000

   Energies (kJ/mol)
           Bond       G96Angle  Restr. Angles  Improper Dih.        LJ (SR)
    6.52232e+03    2.63366e+03    3.22617e+02    4.90792e+01   -2.39487e+05
   Coulomb (SR)      Potential    Kinetic En.   Total Energy  Conserved En.
   -3.24899e+03   -2.33208e+05    3.93015e+04   -1.93907e+05   -2.90190e+05
    Temperature Pressure (bar)   Constr. rmsd
    3.07850e+02    1.09550e+02    7.13189e-06

           Step           Time
         165000     3300.00000

   Energies (kJ/mol)
           Bond       G96Angle  Restr. Angles  Improper Dih.        LJ (SR)
    6.43026e+03    2.52988e+03    2.62122e+02    4.41510e+01   -2.39791e+05
   Coulomb (SR)      Potential    Kinetic En.   Total Energy  Conserved En.
   -3.33927e+03   -2.33864e+05    3.87116e+04   -1.95153e+05   -2.93178e+05
    Temperature Pressure (bar)   Constr. rmsd
    3.03229e+02   -3.60540e+01    5.88036e-06

           Step           Time
         170000     3400.00000

   Energies (kJ/mol)
           Bond       G96Angle  Restr. Angles  Improper Dih.        LJ (SR)
    6.02860e+03    2.58361e+03    2.34590e+02    5.65052e+01   -2.38850e+05
   Coulomb (SR)      Potential    Kinetic En.   Total Energy  Conserved En.
   -3.29625e+03   -2.33243e+05    3.83317e+04   -1.94911e+05   -2.96186e+05
    Temperature Pressure (bar)   Constr. rmsd
    3.00253e+02   -5.38552e+01    7.59582e-06

           Step           Time
         175000     3500.00000

   Energies (kJ/mol)
           Bond       G96Angle  Restr. Angles  Improper Dih.        LJ (SR)
    6.03108e+03    2.62640e+03    2.45760e+02    3.46785e+01   -2.38746e+05
   Coulomb (SR)      Potential    Kinetic En.   Total Energy  Conserved En.
   -3.26376e+03   -2.33072e+05    3.88112e+04   -1.94261e+05   -2.99143e+05
    Temperature Pressure (bar)   Constr. rmsd
    3.04010e+02    8.06838e+01    7.47081e-06

           Step           Time
         180000     3600.00000

   Energies (kJ/mol)
           Bond       G96Angle  Restr. Angles  Improper Dih.        LJ (SR)
    6.16763e+03    2.55308e+03    2.53922e+02    5.23983e+01   -2.38951e+05
   Coulomb (SR)      Potential    Kinetic En.   Total Energy  Conserved En.
   -3.21572e+03   -2.33139e+05    3.84976e+04   -1.94642e+05   -3.02190e+05
    Temperature Pressure (bar)   Constr. rmsd
    3.01553e+02    2.38847e+01    6.63544e-06

           Step           Time
         185000     3700.00000

   Energies (kJ/mol)
           Bond       G96Angle  Restr. Angles  Improper Dih.        LJ (SR)
    6.17238e+03    2.54618e+03    2.77296e+02    6.57520e+01   -2.38596e+05
   Coulomb (SR)      Potential    Kinetic En.   Total Energy  Conserved En.
   -3.27939e+03   -2.32814e+05    3.80781e+04   -1.94736e+05   -3.05274e+05
    Temperature Pressure (bar)   Constr. rmsd
    2.98267e+02    3.43060e+00    5.71155e-06

           Step           Time
         190000     3800.00000

   Energies (kJ/mol)
           Bond       G96Angle  Restr. Angles  Improper Dih.        LJ (SR)
    6.31661e+03    2.52471e+03    2.92846e+02    5.67901e+01   -2.39068e+05
   Coulomb (SR)      Potential    Kinetic En.   Total Energy  Conserved En.
   -3.19824e+03   -2.33075e+05    3.86527e+04   -1.94423e+05   -3.08305e+05
    Temperature Pressure (bar)   Constr. rmsd
    3.02768e+02   -4.48787e+01    7.04687e-06

           Step           Time
         195000     3900.00000

   Energies (kJ/mol)
           Bond       G96Angle  Restr. Angles  Improper Dih.        LJ (SR)
    6.35906e+03    2.63830e+03    2.64171e+02    5.93691e+01   -2.38992e+05
   Coulomb (SR)      Potential    Kinetic En.   Total Energy  Conserved En.
   -3.34399e+03   -2.33015e+05    3.94213e+04   -1.93594e+05   -3.11158e+05
    Temperature Pressure (bar)   Constr. rmsd
    3.08789e+02    5.68802e+01    7.74595e-06

           Step           Time
         200000     4000.00000

   Energies (kJ/mol)
           Bond       G96Angle  Restr. Angles  Improper Dih.        LJ (SR)
    6.16545e+03    2.61506e+03    2.87919e+02    5.19415e+01   -2.39956e+05
   Coulomb (SR)      Potential    Kinetic En.   Total Energy  Conserved En.
   -3.19521e+03   -2.34031e+05    3.83190e+04   -1.95712e+05   -3.14257e+05
    Temperature Pressure (bar)   Constr. rmsd
    3.00154e+02    4.48409e+01    7.08636e-06

           Step           Time
         205000     4100.00000

   Energies (kJ/mol)
           Bond       G96Angle  Restr. Angles  Improper Dih.        LJ (SR)
    6.15839e+03    2.49056e+03    2.82606e+02    6.79159e+01   -2.39309e+05
   Coulomb (SR)      Potential    Kinetic En.   Total Energy  Conserved En.
   -3.31301e+03   -2.33623e+05    3.80267e+04   -1.95596e+05   -3.17340e+05
    Temperature Pressure (bar)   Constr. rmsd
    2.97864e+02   -3.61490e+00    6.87688e-06

           Step           Time
         210000     4200.00000

   Energies (kJ/mol)
           Bond       G96Angle  Restr. Angles  Improper Dih.        LJ (SR)
    6.24888e+03    2.51401e+03    3.39643e+02    6.74266e+01   -2.39031e+05
   Coulomb (SR)      Potential    Kinetic En.   Total Energy  Conserved En.
   -3.20578e+03   -2.33067e+05    3.87954e+04   -1.94271e+05   -3.20430e+05
    Temperature Pressure (bar)   Constr. rmsd
    3.03886e+02    2.41823e+01    6.42709e-06

           Step           Time
         215000     4300.00000

   Energies (kJ/mol)
           Bond       G96Angle  Restr. Angles  Improper Dih.        LJ (SR)
    6.13366e+03    2.57871e+03    2.98718e+02    5.04118e+01   -2.38300e+05
   Coulomb (SR)      Potential    Kinetic En.   Total Energy  Conserved En.
   -3.35913e+03   -2.32598e+05    3.85029e+04   -1.94095e+05   -3.23566e+05
    Temperature Pressure (bar)   Constr. rmsd
    3.01594e+02   -3.69218e+01    5.64295e-06



Received the INT signal, stopping within 25 steps

           Step           Time
         218150     4363.00000

Writing checkpoint, step 218150 at Sun Oct 27 11:42:43 2024


   Energies (kJ/mol)
           Bond       G96Angle  Restr. Angles  Improper Dih.        LJ (SR)
    6.41911e+03    2.51191e+03    2.77943e+02    6.02414e+01   -2.40871e+05
   Coulomb (SR)      Potential    Kinetic En.   Total Energy  Conserved En.
   -3.19840e+03   -2.34800e+05    3.86543e+04   -1.96146e+05   -3.25292e+05
    Temperature Pressure (bar)   Constr. rmsd
    3.02781e+02    1.05626e+02    6.22063e-06


Energy conservation over simulation part #1 of length 4363 ps, time 0 to 4363 ps
  Conserved energy drift: -2.88e-03 kJ/mol/ps per atom


	<======  ###############  ==>
	<====  A V E R A G E S  ====>
	<==  ###############  ======>

	Statistics over 218151 steps using 2182 frames

   Energies (kJ/mol)
           Bond       G96Angle  Restr. Angles  Improper Dih.        LJ (SR)
    6.21972e+03    2.56046e+03    2.81005e+02    5.33027e+01   -2.39052e+05
   Coulomb (SR)      Potential    Kinetic En.   Total Energy  Conserved En.
   -3.27198e+03   -2.33210e+05    3.86603e+04   -1.94550e+05   -2.59717e+05
    Temperature Pressure (bar)   Constr. rmsd
    3.02828e+02    7.50613e-01    0.00000e+00

          Box-X          Box-Y          Box-Z
    9.94462e+00    9.94462e+00    1.12650e+01

   Total Virial (kJ/mol)
    1.28623e+04    4.00690e+01   -1.23939e+01
    4.00688e+01    1.28808e+04    1.75940e+00
   -1.23941e+01    1.75909e+00    1.28552e+04

   Pressure (bar)
    8.75039e-01   -1.10786e+00    1.40321e-01
   -1.10785e+00    5.49448e-02    7.98415e-02
    1.40327e-01    7.98505e-02    1.32185e+00

      T-PROTEIN     T-MEMBRANE       T-SOLUTE
    3.03051e+02    3.02836e+02    3.02793e+02


	M E G A - F L O P S   A C C O U N T I N G

 NB=Group-cutoff nonbonded kernels    NxN=N-by-N cluster Verlet kernels
 RF=Reaction-Field  VdW=Van der Waals  QSTab=quadratic-spline table
 W3=SPC/TIP3p  W4=TIP4p (single or pairs)
 V&F=Potential and force  V=Potential only  F=Force only

 Computing:                               M-Number         M-Flops  % Flops
-----------------------------------------------------------------------------
 Pair Search distance check           13433.845214      120904.607     1.1
 NxN RF Elec. + LJ [F]                65436.339968     2486580.919    22.7
 NxN RF Elec. + LJ [V&F]                661.471696       35719.472     0.3
 NxN LJ [F]                          241239.486528     7960903.055    72.8
 NxN LJ [V&F]                          2438.226848      104843.754     1.0
 NxN RF Electrostatics [F]               91.437760        2834.571     0.0
 NxN RF Electrostatics [V&F]              0.908496          32.706     0.0
 Shift-X                                 90.647349         543.884     0.0
 Bonds                                 1279.019313       75462.139     0.7
 Angles                                 645.945111      108518.779     1.0
 Impropers                                8.944191        1860.392     0.0
 Virial                                  91.040064        1638.721     0.0
 Stop-CM                                 22.674821         226.748     0.0
 Calc-Ekin                              906.390394       24472.541     0.2
 Lincs                                   85.515976        5130.959     0.0
 Lincs-Mat                             1664.943696        6659.775     0.1
 Constraint-V                           171.031168        1539.281     0.0
 Constraint-Vir                           3.420984          82.104     0.0
 Virtual Site N                          16.579476         248.692     0.0
-----------------------------------------------------------------------------
 Total                                                10938203.097   100.0
-----------------------------------------------------------------------------


      R E A L   C Y C L E   A N D   T I M E   A C C O U N T I N G

On 1 MPI rank, each using 8 OpenMP threads

 Activity:              Num   Num      Call    Wall time         Giga-Cycles
                        Ranks Threads  Count      (s)         total sum    %
--------------------------------------------------------------------------------
 Vsite constr.             1    8     218151       5.663        108.723   1.7
 Neighbor search           1    8       8727      19.172        368.109   5.7
 Force                     1    8     218151     159.822       3068.592  47.3
 NB X/F buffer ops.        1    8     427575      48.803        937.029  14.4
 Vsite spread              1    8     218151      17.066        327.675   5.0
 Write traj.               1    8         45       0.590         11.324   0.2
 Update                    1    8     218151      16.881        324.114   5.0
 Constraints               1    8     218153      63.239       1214.194  18.7
 Rest                                              6.878        132.062   2.0
--------------------------------------------------------------------------------
 Total                                           338.115       6491.823 100.0
--------------------------------------------------------------------------------

               Core t (s)   Wall t (s)        (%)
       Time:     2704.917      338.115      800.0
                 (ns/day)    (hour/ns)
Performance:     1114.902        0.022
Finished mdrun on rank 0 Sun Oct 27 11:42:43 2024

