                      :-) GROMACS - gmx mdrun, 2023.2 (-:

Copyright 1991-2023 The GROMACS Authors.
GROMACS is free software; you can redistribute it and/or modify it
under the terms of the GNU Lesser General Public License
as published by the Free Software Foundation; either version 2.1
of the License, or (at your option) any later version.

                         Current GROMACS contributors:
       Mark Abraham           Andrey Alekseenko           Cathrine Bergh      
      Christian Blau            Eliane Briand             Mahesh Doijade      
    Stefan Fleischmann           Vytas Gapsys              Gaurav Garg        
      Sergey Gorelov         Gilles Gouaillardet            Alan Gray         
     M. Eric Irrgang         Farzaneh Jalalypour            Joe Jordan        
    Christoph Junghans        Prashanth Kanduri          Sebastian Keller     
     Carsten Kutzner           Justin A. Lemkul          Magnus Lundborg      
       Pascal Merz              Vedran Miletic            Dmitry Morozov      
       Szilard Pall             Roland Schulz             Michael Shirts      
     Alexey Shvetsov            Balint Soproni         David van der Spoel    
      Philip Turner             Carsten Uphoff           Alessandra Villa     
 Sebastian Wingbermuehle        Artem Zhmurov       

                         Previous GROMACS contributors:
        Emile Apol             Rossen Apostolov           James Barnett       
  Herman J.C. Berendsen          Par Bjelkmar           Viacheslav Bolnykh    
        Kevin Boyd            Aldert van Buuren          Carlo Camilloni      
     Rudi van Drunen            Anton Feenstra           Oliver Fleetwood     
     Gerrit Groenhof            Bert de Groot             Anca Hamuraru       
    Vincent Hindriksen          Victor Holanda           Aleksei Iupinov      
   Dimitrios Karkoulis           Peter Kasson             Sebastian Kehl      
        Jiri Kraus               Per Larsson              Viveca Lindahl      
      Erik Marklund           Pieter Meulenhoff           Teemu Murtola       
       Sander Pronk             Alfons Sijbers            Peter Tieleman      
       Jon Vincent             Teemu Virolainen         Christian Wennberg    
       Maarten Wolf       

                  Coordinated by the GROMACS project leaders:
                    Paul Bauer, Berk Hess, and Erik Lindahl

GROMACS:      gmx mdrun, version 2023.2
Executable:   /usr/local/gromacs/bin/gmx
Data prefix:  /usr/local/gromacs
Working dir:  /home/tyac/computational_chemistry-TC/Examples/CG
Process ID:   6546
Command line:
  gmx mdrun -deffnm step6.6_equilibration

GROMACS version:    2023.2
Precision:          mixed
Memory model:       64 bit
MPI library:        thread_mpi
OpenMP support:     enabled (GMX_OPENMP_MAX_THREADS = 128)
GPU support:        disabled
SIMD instructions:  AVX2_256
CPU FFT library:    fftw-3.3.8-sse2-avx-avx2-avx2_128
GPU FFT library:    none
Multi-GPU FFT:      none
RDTSCP usage:       enabled
TNG support:        enabled
Hwloc support:      disabled
Tracing support:    disabled
C compiler:         /usr/bin/cc GNU 11.4.0
C compiler flags:   -fexcess-precision=fast -funroll-all-loops -mavx2 -mfma -Wno-missing-field-initializers -O3 -DNDEBUG
C++ compiler:       /usr/bin/c++ GNU 11.4.0
C++ compiler flags: -fexcess-precision=fast -funroll-all-loops -mavx2 -mfma -Wno-missing-field-initializers -Wno-cast-function-type-strict -fopenmp -O3 -DNDEBUG
BLAS library:       Internal
LAPACK library:     Internal


Running on 1 node with total 4 cores, 8 processing units
Hardware detected on host Tyac:
  CPU info:
    Vendor: Intel
    Brand:  Intel(R) Core(TM) i5-9300H CPU @ 2.40GHz
    Family: 6   Model: 158   Stepping: 13
    Features: aes apic avx avx2 clfsh cmov cx8 cx16 f16c fma htt intel lahf mmx msr pcid pclmuldq pdcm pdpe1gb popcnt pse rdrnd rdtscp sse2 sse3 sse4.1 sse4.2 ssse3
  Hardware topology: Basic
    Packages, cores, and logical processors:
    [indices refer to OS logical processors]
      Package  0: [   0   1] [   2   3] [   4   5] [   6   7]
    CPU limit set by OS: -1   Recommended max number of threads: 8


++++ PLEASE READ AND CITE THE FOLLOWING REFERENCE ++++
M. J. Abraham, T. Murtola, R. Schulz, S. Páll, J. C. Smith, B. Hess, E.
Lindahl
GROMACS: High performance molecular simulations through multi-level
parallelism from laptops to supercomputers
SoftwareX 1 (2015) pp. 19-25
-------- -------- --- Thank You --- -------- --------


++++ PLEASE READ AND CITE THE FOLLOWING REFERENCE ++++
S. Páll, M. J. Abraham, C. Kutzner, B. Hess, E. Lindahl
Tackling Exascale Software Challenges in Molecular Dynamics Simulations with
GROMACS
In S. Markidis & E. Laure (Eds.), Solving Software Challenges for Exascale 8759 (2015) pp. 3-27
-------- -------- --- Thank You --- -------- --------


++++ PLEASE READ AND CITE THE FOLLOWING REFERENCE ++++
S. Pronk, S. Páll, R. Schulz, P. Larsson, P. Bjelkmar, R. Apostolov, M. R.
Shirts, J. C. Smith, P. M. Kasson, D. van der Spoel, B. Hess, and E. Lindahl
GROMACS 4.5: a high-throughput and highly parallel open source molecular
simulation toolkit
Bioinformatics 29 (2013) pp. 845-54
-------- -------- --- Thank You --- -------- --------


++++ PLEASE READ AND CITE THE FOLLOWING REFERENCE ++++
B. Hess and C. Kutzner and D. van der Spoel and E. Lindahl
GROMACS 4: Algorithms for highly efficient, load-balanced, and scalable
molecular simulation
J. Chem. Theory Comput. 4 (2008) pp. 435-447
-------- -------- --- Thank You --- -------- --------


++++ PLEASE READ AND CITE THE FOLLOWING REFERENCE ++++
D. van der Spoel, E. Lindahl, B. Hess, G. Groenhof, A. E. Mark and H. J. C.
Berendsen
GROMACS: Fast, Flexible and Free
J. Comp. Chem. 26 (2005) pp. 1701-1719
-------- -------- --- Thank You --- -------- --------


++++ PLEASE READ AND CITE THE FOLLOWING REFERENCE ++++
E. Lindahl and B. Hess and D. van der Spoel
GROMACS 3.0: A package for molecular simulation and trajectory analysis
J. Mol. Mod. 7 (2001) pp. 306-317
-------- -------- --- Thank You --- -------- --------


++++ PLEASE READ AND CITE THE FOLLOWING REFERENCE ++++
H. J. C. Berendsen, D. van der Spoel and R. van Drunen
GROMACS: A message-passing parallel molecular dynamics implementation
Comp. Phys. Comm. 91 (1995) pp. 43-56
-------- -------- --- Thank You --- -------- --------


++++ PLEASE CITE THE DOI FOR THIS VERSION OF GROMACS ++++
https://doi.org/10.5281/zenodo.8134397
-------- -------- --- Thank You --- -------- --------

Input Parameters:
   integrator                     = md
   tinit                          = 0
   dt                             = 0.02
   nsteps                         = 50000
   init-step                      = 0
   simulation-part                = 1
   mts                            = false
   comm-mode                      = Linear
   nstcomm                        = 100
   bd-fric                        = 0
   ld-seed                        = 1256762135
   emtol                          = 10
   emstep                         = 0.01
   niter                          = 20
   fcstep                         = 0
   nstcgsteep                     = 1000
   nbfgscorr                      = 10
   rtpi                           = 0.05
   nstxout                        = 0
   nstvout                        = 0
   nstfout                        = 0
   nstlog                         = 1000
   nstcalcenergy                  = 100
   nstenergy                      = 1000
   nstxout-compressed             = 1000
   compressed-x-precision         = 100
   cutoff-scheme                  = Verlet
   nstlist                        = 20
   pbc                            = xyz
   periodic-molecules             = false
   verlet-buffer-tolerance        = 0.005
   rlist                          = 1.211
   coulombtype                    = Reaction-Field
   coulomb-modifier               = Potential-shift
   rcoulomb-switch                = 0
   rcoulomb                       = 1.1
   epsilon-r                      = 15
   epsilon-rf                     = inf
   vdw-type                       = Cut-off
   vdw-modifier                   = Potential-shift
   rvdw-switch                    = 0
   rvdw                           = 1.1
   DispCorr                       = No
   table-extension                = 1
   fourierspacing                 = 0.12
   fourier-nx                     = 0
   fourier-ny                     = 0
   fourier-nz                     = 0
   pme-order                      = 4
   ewald-rtol                     = 1e-05
   ewald-rtol-lj                  = 0.001
   lj-pme-comb-rule               = Geometric
   ewald-geometry                 = 3d
   epsilon-surface                = 0
   ensemble-temperature-setting   = constant
   ensemble-temperature           = 303.15
   tcoupl                         = V-rescale
   nsttcouple                     = 10
   nh-chain-length                = 0
   print-nose-hoover-chain-variables = false
   pcoupl                         = C-rescale
   pcoupltype                     = Semiisotropic
   nstpcouple                     = 50
   tau-p                          = 5
   compressibility (3x3):
      compressibility[    0]={ 3.00000e-04,  0.00000e+00,  0.00000e+00}
      compressibility[    1]={ 0.00000e+00,  3.00000e-04,  0.00000e+00}
      compressibility[    2]={ 0.00000e+00,  0.00000e+00,  3.00000e-04}
   ref-p (3x3):
      ref-p[    0]={ 1.00000e+00,  0.00000e+00,  0.00000e+00}
      ref-p[    1]={ 0.00000e+00,  1.00000e+00,  0.00000e+00}
      ref-p[    2]={ 0.00000e+00,  0.00000e+00,  1.00000e+00}
   refcoord-scaling               = All
   posres-com (3):
      posres-com[0]= 0.00000e+00
      posres-com[1]= 0.00000e+00
      posres-com[2]= 0.00000e+00
   posres-comB (3):
      posres-comB[0]= 0.00000e+00
      posres-comB[1]= 0.00000e+00
      posres-comB[2]= 0.00000e+00
   QMMM                           = false
qm-opts:
   ngQM                           = 0
   constraint-algorithm           = Lincs
   continuation                   = false
   Shake-SOR                      = false
   shake-tol                      = 0.0001
   lincs-order                    = 4
   lincs-iter                     = 1
   lincs-warnangle                = 30
   nwall                          = 0
   wall-type                      = 9-3
   wall-r-linpot                  = -1
   wall-atomtype[0]               = -1
   wall-atomtype[1]               = -1
   wall-density[0]                = 0
   wall-density[1]                = 0
   wall-ewald-zfac                = 3
   pull                           = false
   awh                            = false
   rotation                       = false
   interactiveMD                  = false
   disre                          = No
   disre-weighting                = Conservative
   disre-mixed                    = false
   dr-fc                          = 1000
   dr-tau                         = 0
   nstdisreout                    = 100
   orire-fc                       = 0
   orire-tau                      = 0
   nstorireout                    = 100
   free-energy                    = no
   cos-acceleration               = 0
   deform (3x3):
      deform[    0]={ 0.00000e+00,  0.00000e+00,  0.00000e+00}
      deform[    1]={ 0.00000e+00,  0.00000e+00,  0.00000e+00}
      deform[    2]={ 0.00000e+00,  0.00000e+00,  0.00000e+00}
   simulated-tempering            = false
   swapcoords                     = no
   userint1                       = 0
   userint2                       = 0
   userint3                       = 0
   userint4                       = 0
   userreal1                      = 0
   userreal2                      = 0
   userreal3                      = 0
   userreal4                      = 0
   applied-forces:
     electric-field:
       x:
         E0                       = 0
         omega                    = 0
         t0                       = 0
         sigma                    = 0
       y:
         E0                       = 0
         omega                    = 0
         t0                       = 0
         sigma                    = 0
       z:
         E0                       = 0
         omega                    = 0
         t0                       = 0
         sigma                    = 0
     density-guided-simulation:
       active                     = false
       group                      = protein
       similarity-measure         = inner-product
       atom-spreading-weight      = unity
       force-constant             = 1e+09
       gaussian-transform-spreading-width = 0.2
       gaussian-transform-spreading-range-in-multiples-of-width = 4
       reference-density-filename = reference.mrc
       nst                        = 1
       normalize-densities        = true
       adaptive-force-scaling     = false
       adaptive-force-scaling-time-constant = 4
       shift-vector               = 
       transformation-matrix      = 
     qmmm-cp2k:
       active                     = false
       qmgroup                    = System
       qmmethod                   = PBE
       qmfilenames                = 
       qmcharge                   = 0
       qmmultiplicity             = 1
grpopts:
   nrdf:     2619.74     8999.12     19090.1
   ref-t:      303.15      303.15      303.15
   tau-t:           1           1           1
annealing:          No          No          No
annealing-npoints:           0           0           0
   acc:	           0           0           0
   nfreeze:           N           N           N
   energygrp-flags[  0]: 0

Changing nstlist from 20 to 25, rlist from 1.211 to 1.259

Update groups can not be used for this system because an incompatible virtual site type is used

Using 1 MPI thread
Using 8 OpenMP threads 

System total charge: 0.000
Reaction-Field:
epsRF = 0, rc = 1.1, krf = 0.375657, crf = 1.36364, epsfac = 9.26236
The electrostatics potential has its minimum at r = 1.1
Potential shift: LJ r^-12: -3.186e-01 r^-6: -5.645e-01


Using SIMD 4x8 nonbonded short-range kernels

Using a dual 4x8 pair-list setup updated with dynamic pruning:
  outer list: updated every 25 steps, buffer 0.159 nm, rlist 1.259 nm
  inner list: updated every  5 steps, buffer 0.002 nm, rlist 1.102 nm
At tolerance 0.005 kJ/mol/ps per atom, equivalent classical 1x1 list would be:
  outer list: updated every 25 steps, buffer 0.269 nm, rlist 1.369 nm
  inner list: updated every  5 steps, buffer 0.024 nm, rlist 1.124 nm

Using full Lennard-Jones parameter combination matrix
Removing pbc first time

Pinning threads with an auto-selected logical cpu stride of 1

Initializing LINear Constraint Solver

++++ PLEASE READ AND CITE THE FOLLOWING REFERENCE ++++
B. Hess
P-LINCS: A Parallel Linear Constraint Solver for molecular simulation
J. Chem. Theory Comput. 4 (2008) pp. 116-122
-------- -------- --- Thank You --- -------- --------

The number of constraints is 392
283 constraints are involved in constraint triangles,
will apply an additional matrix expansion of order 4 for couplings
between constraints inside triangles

++++ PLEASE READ AND CITE THE FOLLOWING REFERENCE ++++
G. Bussi, D. Donadio and M. Parrinello
Canonical sampling through velocity rescaling
J. Chem. Phys. 126 (2007) pp. 014101
-------- -------- --- Thank You --- -------- --------


++++ PLEASE READ AND CITE THE FOLLOWING REFERENCE ++++
M. Bernetti, G. Bussi
Pressure control using stochastic cell rescaling
J. Chem. Phys. 153 (2020) pp. 114107
-------- -------- --- Thank You --- -------- --------

There are: 10368 Atoms
There are: 19 VSites

Constraining the starting coordinates (step 0)

Constraining the coordinates at t0-dt (step 0)
Center of mass motion removal mode is Linear
We have the following groups for center of mass motion removal:
  0:  rest
RMS relative constraint deviation after constraining: 7.54e-06
Initial temperature: 299.159 K

Started mdrun on rank 0 Sun Oct 27 11:35:41 2024

           Step           Time
              0        0.00000

   Energies (kJ/mol)
           Bond       G96Angle  Restr. Angles  Improper Dih.        LJ (SR)
    6.36628e+03    2.70062e+03    2.79412e+02    3.93583e+01   -2.39096e+05
   Coulomb (SR) Position Rest.      Potential    Kinetic En.   Total Energy
   -3.23064e+03    2.21700e+02   -2.32719e+05    3.83942e+04   -1.94325e+05
  Conserved En.    Temperature Pressure (bar)   Constr. rmsd
   -1.94348e+05    3.00743e+02    1.62602e+01    7.91989e-06

           Step           Time
           1000       20.00000

   Energies (kJ/mol)
           Bond       G96Angle  Restr. Angles  Improper Dih.        LJ (SR)
    6.28463e+03    2.54033e+03    2.98152e+02    4.81528e+01   -2.39217e+05
   Coulomb (SR) Position Rest.      Potential    Kinetic En.   Total Energy
   -3.32078e+03    2.64185e+02   -2.33103e+05    3.87635e+04   -1.94339e+05
  Conserved En.    Temperature Pressure (bar)   Constr. rmsd
   -1.94680e+05    3.03636e+02   -1.48341e+01    8.04041e-06

           Step           Time
           2000       40.00000

   Energies (kJ/mol)
           Bond       G96Angle  Restr. Angles  Improper Dih.        LJ (SR)
    6.03238e+03    2.58759e+03    2.77372e+02    4.35697e+01   -2.40434e+05
   Coulomb (SR) Position Rest.      Potential    Kinetic En.   Total Energy
   -3.31276e+03    2.59068e+02   -2.34546e+05    3.84394e+04   -1.96107e+05
  Conserved En.    Temperature Pressure (bar)   Constr. rmsd
   -1.94930e+05    3.01097e+02    6.80552e+01    7.63429e-06

           Step           Time
           3000       60.00000

   Energies (kJ/mol)
           Bond       G96Angle  Restr. Angles  Improper Dih.        LJ (SR)
    6.23037e+03    2.57059e+03    2.85174e+02    4.66483e+01   -2.37881e+05
   Coulomb (SR) Position Rest.      Potential    Kinetic En.   Total Energy
   -3.35702e+03    2.47603e+02   -2.31858e+05    3.87260e+04   -1.93132e+05
  Conserved En.    Temperature Pressure (bar)   Constr. rmsd
   -1.95375e+05    3.03342e+02    1.85395e+01    7.01476e-06

           Step           Time
           4000       80.00000

   Energies (kJ/mol)
           Bond       G96Angle  Restr. Angles  Improper Dih.        LJ (SR)
    6.16988e+03    2.61333e+03    2.89742e+02    4.97790e+01   -2.38384e+05
   Coulomb (SR) Position Rest.      Potential    Kinetic En.   Total Energy
   -3.23190e+03    2.93370e+02   -2.32200e+05    3.88408e+04   -1.93359e+05
  Conserved En.    Temperature Pressure (bar)   Constr. rmsd
   -1.95654e+05    3.04242e+02    3.16187e+00    7.37142e-06

           Step           Time
           5000      100.00000

   Energies (kJ/mol)
           Bond       G96Angle  Restr. Angles  Improper Dih.        LJ (SR)
    6.45323e+03    2.58738e+03    3.04079e+02    5.69093e+01   -2.38220e+05
   Coulomb (SR) Position Rest.      Potential    Kinetic En.   Total Energy
   -3.37303e+03    2.64965e+02   -2.31926e+05    3.94287e+04   -1.92498e+05
  Conserved En.    Temperature Pressure (bar)   Constr. rmsd
   -1.95849e+05    3.08846e+02    3.94555e+01    6.97752e-06

           Step           Time
           6000      120.00000

   Energies (kJ/mol)
           Bond       G96Angle  Restr. Angles  Improper Dih.        LJ (SR)
    6.30845e+03    2.56615e+03    2.33041e+02    7.01728e+01   -2.38281e+05
   Coulomb (SR) Position Rest.      Potential    Kinetic En.   Total Energy
   -3.37666e+03    2.82441e+02   -2.32197e+05    3.93799e+04   -1.92817e+05
  Conserved En.    Temperature Pressure (bar)   Constr. rmsd
   -1.96383e+05    3.08464e+02    1.03718e+02    6.37226e-06

           Step           Time
           7000      140.00000

   Energies (kJ/mol)
           Bond       G96Angle  Restr. Angles  Improper Dih.        LJ (SR)
    6.01146e+03    2.52089e+03    2.76899e+02    5.13762e+01   -2.38727e+05
   Coulomb (SR) Position Rest.      Potential    Kinetic En.   Total Energy
   -3.24481e+03    2.84123e+02   -2.32827e+05    3.85453e+04   -1.94282e+05
  Conserved En.    Temperature Pressure (bar)   Constr. rmsd
   -1.96174e+05    3.01927e+02   -4.43017e+00    7.18029e-06

           Step           Time
           8000      160.00000

   Energies (kJ/mol)
           Bond       G96Angle  Restr. Angles  Improper Dih.        LJ (SR)
    6.15735e+03    2.52410e+03    2.89141e+02    4.61422e+01   -2.38794e+05
   Coulomb (SR) Position Rest.      Potential    Kinetic En.   Total Energy
   -3.18771e+03    2.97485e+02   -2.32668e+05    3.84134e+04   -1.94254e+05
  Conserved En.    Temperature Pressure (bar)   Constr. rmsd
   -1.96423e+05    3.00894e+02   -3.21991e+01    5.48924e-06

           Step           Time
           9000      180.00000

   Energies (kJ/mol)
           Bond       G96Angle  Restr. Angles  Improper Dih.        LJ (SR)
    5.99666e+03    2.49625e+03    3.10393e+02    6.23970e+01   -2.38450e+05
   Coulomb (SR) Position Rest.      Potential    Kinetic En.   Total Energy
   -3.20836e+03    2.70761e+02   -2.32522e+05    3.82033e+04   -1.94318e+05
  Conserved En.    Temperature Pressure (bar)   Constr. rmsd
   -1.96650e+05    2.99248e+02   -6.18385e+01    6.35443e-06

           Step           Time
          10000      200.00000

   Energies (kJ/mol)
           Bond       G96Angle  Restr. Angles  Improper Dih.        LJ (SR)
    6.29474e+03    2.48142e+03    2.86626e+02    4.45162e+01   -2.39927e+05
   Coulomb (SR) Position Rest.      Potential    Kinetic En.   Total Energy
   -3.15410e+03    3.08863e+02   -2.33665e+05    3.87871e+04   -1.94878e+05
  Conserved En.    Temperature Pressure (bar)   Constr. rmsd
   -1.96818e+05    3.03821e+02    1.15740e+02    8.60296e-06

           Step           Time
          11000      220.00000

   Energies (kJ/mol)
           Bond       G96Angle  Restr. Angles  Improper Dih.        LJ (SR)
    6.18946e+03    2.50287e+03    2.93119e+02    5.64795e+01   -2.38393e+05
   Coulomb (SR) Position Rest.      Potential    Kinetic En.   Total Energy
   -3.18712e+03    2.59547e+02   -2.32279e+05    3.81870e+04   -1.94092e+05
  Conserved En.    Temperature Pressure (bar)   Constr. rmsd
   -1.97038e+05    2.99120e+02   -3.44584e+01    6.81360e-06

           Step           Time
          12000      240.00000

   Energies (kJ/mol)
           Bond       G96Angle  Restr. Angles  Improper Dih.        LJ (SR)
    6.30685e+03    2.46131e+03    2.98788e+02    6.02268e+01   -2.39363e+05
   Coulomb (SR) Position Rest.      Potential    Kinetic En.   Total Energy
   -3.20478e+03    2.75545e+02   -2.33165e+05    3.87367e+04   -1.94428e+05
  Conserved En.    Temperature Pressure (bar)   Constr. rmsd
   -1.97447e+05    3.03426e+02    4.18328e+01    5.94888e-06

           Step           Time
          13000      260.00000

   Energies (kJ/mol)
           Bond       G96Angle  Restr. Angles  Improper Dih.        LJ (SR)
    6.09465e+03    2.55350e+03    3.11942e+02    5.11193e+01   -2.39780e+05
   Coulomb (SR) Position Rest.      Potential    Kinetic En.   Total Energy
   -3.20715e+03    2.71989e+02   -2.33704e+05    3.89417e+04   -1.94762e+05
  Conserved En.    Temperature Pressure (bar)   Constr. rmsd
   -1.97244e+05    3.05032e+02    2.88365e+01    1.02086e-05

           Step           Time
          14000      280.00000

   Energies (kJ/mol)
           Bond       G96Angle  Restr. Angles  Improper Dih.        LJ (SR)
    6.18754e+03    2.58357e+03    2.88780e+02    3.84542e+01   -2.39850e+05
   Coulomb (SR) Position Rest.      Potential    Kinetic En.   Total Energy
   -3.22019e+03    2.89770e+02   -2.33683e+05    3.85422e+04   -1.95140e+05
  Conserved En.    Temperature Pressure (bar)   Constr. rmsd
   -1.97635e+05    3.01902e+02    3.56647e+01    5.28717e-06

           Step           Time
          15000      300.00000

   Energies (kJ/mol)
           Bond       G96Angle  Restr. Angles  Improper Dih.        LJ (SR)
    5.87088e+03    2.56428e+03    3.23986e+02    4.31993e+01   -2.38267e+05
   Coulomb (SR) Position Rest.      Potential    Kinetic En.   Total Energy
   -3.16633e+03    3.09078e+02   -2.32322e+05    3.83233e+04   -1.93999e+05
  Conserved En.    Temperature Pressure (bar)   Constr. rmsd
   -1.97988e+05    3.00188e+02   -7.88974e+01    4.95627e-06

           Step           Time
          16000      320.00000

   Energies (kJ/mol)
           Bond       G96Angle  Restr. Angles  Improper Dih.        LJ (SR)
    6.19870e+03    2.43126e+03    2.92916e+02    3.92064e+01   -2.38691e+05
   Coulomb (SR) Position Rest.      Potential    Kinetic En.   Total Energy
   -3.22079e+03    3.06568e+02   -2.32643e+05    3.91141e+04   -1.93529e+05
  Conserved En.    Temperature Pressure (bar)   Constr. rmsd
   -1.98203e+05    3.06382e+02    2.88658e+01    6.06590e-06

           Step           Time
          17000      340.00000

   Energies (kJ/mol)
           Bond       G96Angle  Restr. Angles  Improper Dih.        LJ (SR)
    6.10288e+03    2.49536e+03    2.96171e+02    6.18665e+01   -2.39214e+05
   Coulomb (SR) Position Rest.      Potential    Kinetic En.   Total Energy
   -3.30006e+03    2.88554e+02   -2.33269e+05    3.85553e+04   -1.94714e+05
  Conserved En.    Temperature Pressure (bar)   Constr. rmsd
   -1.98171e+05    3.02005e+02   -8.35211e+01    5.88397e-06

           Step           Time
          18000      360.00000

   Energies (kJ/mol)
           Bond       G96Angle  Restr. Angles  Improper Dih.        LJ (SR)
    6.22190e+03    2.49981e+03    2.99021e+02    4.84315e+01   -2.38756e+05
   Coulomb (SR) Position Rest.      Potential    Kinetic En.   Total Energy
   -3.22104e+03    2.98202e+02   -2.32610e+05    3.87254e+04   -1.93885e+05
  Conserved En.    Temperature Pressure (bar)   Constr. rmsd
   -1.98481e+05    3.03338e+02   -3.10507e+01    6.14021e-06

           Step           Time
          19000      380.00000

   Energies (kJ/mol)
           Bond       G96Angle  Restr. Angles  Improper Dih.        LJ (SR)
    6.28423e+03    2.43278e+03    3.04105e+02    4.61739e+01   -2.38994e+05
   Coulomb (SR) Position Rest.      Potential    Kinetic En.   Total Energy
   -3.29343e+03    2.76534e+02   -2.32944e+05    3.90104e+04   -1.93933e+05
  Conserved En.    Temperature Pressure (bar)   Constr. rmsd
   -1.98915e+05    3.05570e+02    2.42682e+00    7.94063e-06

           Step           Time
          20000      400.00000

   Energies (kJ/mol)
           Bond       G96Angle  Restr. Angles  Improper Dih.        LJ (SR)
    6.10651e+03    2.51213e+03    2.69132e+02    6.73031e+01   -2.40112e+05
   Coulomb (SR) Position Rest.      Potential    Kinetic En.   Total Energy
   -3.24437e+03    2.94721e+02   -2.34107e+05    3.82073e+04   -1.95900e+05
  Conserved En.    Temperature Pressure (bar)   Constr. rmsd
   -1.98656e+05    2.99279e+02   -2.20151e+00    7.11044e-06

           Step           Time
          21000      420.00000

   Energies (kJ/mol)
           Bond       G96Angle  Restr. Angles  Improper Dih.        LJ (SR)
    6.17007e+03    2.53686e+03    2.80458e+02    6.27088e+01   -2.38105e+05
   Coulomb (SR) Position Rest.      Potential    Kinetic En.   Total Energy
   -3.24866e+03    2.65692e+02   -2.32038e+05    3.80913e+04   -1.93947e+05
  Conserved En.    Temperature Pressure (bar)   Constr. rmsd
   -1.99028e+05    2.98371e+02   -3.92293e+01    8.00991e-06

           Step           Time
          22000      440.00000

   Energies (kJ/mol)
           Bond       G96Angle  Restr. Angles  Improper Dih.        LJ (SR)
    5.95200e+03    2.45929e+03    3.04922e+02    3.64086e+01   -2.37811e+05
   Coulomb (SR) Position Rest.      Potential    Kinetic En.   Total Energy
   -3.28362e+03    2.78026e+02   -2.32064e+05    3.85558e+04   -1.93508e+05
  Conserved En.    Temperature Pressure (bar)   Constr. rmsd
   -1.99536e+05    3.02009e+02   -2.10570e+01    6.99289e-06

           Step           Time
          23000      460.00000

   Energies (kJ/mol)
           Bond       G96Angle  Restr. Angles  Improper Dih.        LJ (SR)
    6.12615e+03    2.51488e+03    2.71172e+02    6.91326e+01   -2.38403e+05
   Coulomb (SR) Position Rest.      Potential    Kinetic En.   Total Energy
   -3.30289e+03    2.89471e+02   -2.32435e+05    3.85022e+04   -1.93933e+05
  Conserved En.    Temperature Pressure (bar)   Constr. rmsd
   -1.99537e+05    3.01589e+02   -9.18749e+00    6.47579e-06

           Step           Time
          24000      480.00000

   Energies (kJ/mol)
           Bond       G96Angle  Restr. Angles  Improper Dih.        LJ (SR)
    6.28713e+03    2.60186e+03    2.80272e+02    4.77237e+01   -2.39457e+05
   Coulomb (SR) Position Rest.      Potential    Kinetic En.   Total Energy
   -3.22461e+03    3.01333e+02   -2.33163e+05    3.84224e+04   -1.94741e+05
  Conserved En.    Temperature Pressure (bar)   Constr. rmsd
   -1.99680e+05    3.00964e+02    4.86952e+01    5.77516e-06

           Step           Time
          25000      500.00000

   Energies (kJ/mol)
           Bond       G96Angle  Restr. Angles  Improper Dih.        LJ (SR)
    6.08029e+03    2.62813e+03    3.10177e+02    5.47979e+01   -2.39785e+05
   Coulomb (SR) Position Rest.      Potential    Kinetic En.   Total Energy
   -3.23857e+03    2.84796e+02   -2.33665e+05    3.78557e+04   -1.95810e+05
  Conserved En.    Temperature Pressure (bar)   Constr. rmsd
   -1.99875e+05    2.96525e+02    4.20992e+01    5.36433e-06

           Step           Time
          26000      520.00000

   Energies (kJ/mol)
           Bond       G96Angle  Restr. Angles  Improper Dih.        LJ (SR)
    6.09057e+03    2.59421e+03    2.98949e+02    6.84533e+01   -2.37714e+05
   Coulomb (SR) Position Rest.      Potential    Kinetic En.   Total Energy
   -3.28098e+03    2.83175e+02   -2.31660e+05    3.84477e+04   -1.93212e+05
  Conserved En.    Temperature Pressure (bar)   Constr. rmsd
   -2.00224e+05    3.01162e+02   -6.83154e+01    6.27214e-06

           Step           Time
          27000      540.00000

   Energies (kJ/mol)
           Bond       G96Angle  Restr. Angles  Improper Dih.        LJ (SR)
    6.30432e+03    2.57983e+03    2.99156e+02    4.36502e+01   -2.38679e+05
   Coulomb (SR) Position Rest.      Potential    Kinetic En.   Total Energy
   -3.29085e+03    2.95805e+02   -2.32447e+05    3.87038e+04   -1.93743e+05
  Conserved En.    Temperature Pressure (bar)   Constr. rmsd
   -2.00004e+05    3.03168e+02    2.95318e+01    7.04255e-06

           Step           Time
          28000      560.00000

   Energies (kJ/mol)
           Bond       G96Angle  Restr. Angles  Improper Dih.        LJ (SR)
    6.44092e+03    2.58519e+03    2.73132e+02    5.01589e+01   -2.39456e+05
   Coulomb (SR) Position Rest.      Potential    Kinetic En.   Total Energy
   -3.32737e+03    2.98875e+02   -2.33135e+05    3.85116e+04   -1.94624e+05
  Conserved En.    Temperature Pressure (bar)   Constr. rmsd
   -2.00169e+05    3.01662e+02    4.45500e+01    6.15107e-06

           Step           Time
          29000      580.00000

   Energies (kJ/mol)
           Bond       G96Angle  Restr. Angles  Improper Dih.        LJ (SR)
    6.04255e+03    2.34591e+03    2.77192e+02    6.16444e+01   -2.39276e+05
   Coulomb (SR) Position Rest.      Potential    Kinetic En.   Total Energy
   -3.27475e+03    2.72681e+02   -2.33551e+05    3.79413e+04   -1.95610e+05
  Conserved En.    Temperature Pressure (bar)   Constr. rmsd
   -2.00498e+05    2.97196e+02   -3.41900e+00    4.97653e-06

           Step           Time
          30000      600.00000

   Energies (kJ/mol)
           Bond       G96Angle  Restr. Angles  Improper Dih.        LJ (SR)
    6.19879e+03    2.50595e+03    2.71089e+02    6.13929e+01   -2.38961e+05
   Coulomb (SR) Position Rest.      Potential    Kinetic En.   Total Energy
   -3.28797e+03    2.85889e+02   -2.32926e+05    3.90889e+04   -1.93837e+05
  Conserved En.    Temperature Pressure (bar)   Constr. rmsd
   -2.00665e+05    3.06185e+02    3.93324e+01    5.84993e-06

           Step           Time
          31000      620.00000

   Energies (kJ/mol)
           Bond       G96Angle  Restr. Angles  Improper Dih.        LJ (SR)
    6.20042e+03    2.45063e+03    3.13147e+02    5.25515e+01   -2.38309e+05
   Coulomb (SR) Position Rest.      Potential    Kinetic En.   Total Energy
   -3.30770e+03    2.97311e+02   -2.32302e+05    3.88428e+04   -1.93460e+05
  Conserved En.    Temperature Pressure (bar)   Constr. rmsd
   -2.00996e+05    3.04257e+02   -2.08568e+00    7.05541e-06

           Step           Time
          32000      640.00000

   Energies (kJ/mol)
           Bond       G96Angle  Restr. Angles  Improper Dih.        LJ (SR)
    6.30146e+03    2.47040e+03    2.71875e+02    6.41632e+01   -2.40114e+05
   Coulomb (SR) Position Rest.      Potential    Kinetic En.   Total Energy
   -3.27778e+03    3.04003e+02   -2.33980e+05    3.94029e+04   -1.94577e+05
  Conserved En.    Temperature Pressure (bar)   Constr. rmsd
   -2.00894e+05    3.08644e+02    1.14857e+02    6.61841e-06

           Step           Time
          33000      660.00000

   Energies (kJ/mol)
           Bond       G96Angle  Restr. Angles  Improper Dih.        LJ (SR)
    6.39598e+03    2.58259e+03    3.13999e+02    4.18401e+01   -2.38476e+05
   Coulomb (SR) Position Rest.      Potential    Kinetic En.   Total Energy
   -3.23314e+03    2.99246e+02   -2.32075e+05    3.95972e+04   -1.92478e+05
  Conserved En.    Temperature Pressure (bar)   Constr. rmsd
   -2.00884e+05    3.10167e+02    8.98485e+01    8.58077e-06

           Step           Time
          34000      680.00000

   Energies (kJ/mol)
           Bond       G96Angle  Restr. Angles  Improper Dih.        LJ (SR)
    6.18047e+03    2.52155e+03    2.89514e+02    6.08653e+01   -2.38136e+05
   Coulomb (SR) Position Rest.      Potential    Kinetic En.   Total Energy
   -3.32627e+03    2.72403e+02   -2.32137e+05    3.89463e+04   -1.93191e+05
  Conserved En.    Temperature Pressure (bar)   Constr. rmsd
   -2.01376e+05    3.05068e+02    9.90885e+01    7.29985e-06

           Step           Time
          35000      700.00000

   Energies (kJ/mol)
           Bond       G96Angle  Restr. Angles  Improper Dih.        LJ (SR)
    6.05961e+03    2.45220e+03    2.91589e+02    4.79542e+01   -2.38608e+05
   Coulomb (SR) Position Rest.      Potential    Kinetic En.   Total Energy
   -3.30367e+03    3.01212e+02   -2.32759e+05    3.79585e+04   -1.94801e+05
  Conserved En.    Temperature Pressure (bar)   Constr. rmsd
   -2.01250e+05    2.97331e+02   -9.18329e+01    8.67177e-06

           Step           Time
          36000      720.00000

   Energies (kJ/mol)
           Bond       G96Angle  Restr. Angles  Improper Dih.        LJ (SR)
    6.19310e+03    2.42230e+03    2.83820e+02    5.73556e+01   -2.38304e+05
   Coulomb (SR) Position Rest.      Potential    Kinetic En.   Total Energy
   -3.23273e+03    2.69284e+02   -2.32311e+05    3.87604e+04   -1.93551e+05
  Conserved En.    Temperature Pressure (bar)   Constr. rmsd
   -2.01501e+05    3.03611e+02   -2.86132e+01    8.39323e-06

           Step           Time
          37000      740.00000

   Energies (kJ/mol)
           Bond       G96Angle  Restr. Angles  Improper Dih.        LJ (SR)
    6.38333e+03    2.57138e+03    2.96485e+02    2.83489e+01   -2.39435e+05
   Coulomb (SR) Position Rest.      Potential    Kinetic En.   Total Energy
   -3.23768e+03    2.87013e+02   -2.33106e+05    3.87514e+04   -1.94355e+05
  Conserved En.    Temperature Pressure (bar)   Constr. rmsd
   -2.01765e+05    3.03541e+02    3.85484e+01    5.19042e-06

           Step           Time
          38000      760.00000

   Energies (kJ/mol)
           Bond       G96Angle  Restr. Angles  Improper Dih.        LJ (SR)
    6.11852e+03    2.41552e+03    2.98004e+02    5.56399e+01   -2.38739e+05
   Coulomb (SR) Position Rest.      Potential    Kinetic En.   Total Energy
   -3.26918e+03    2.83930e+02   -2.32836e+05    3.78788e+04   -1.94958e+05
  Conserved En.    Temperature Pressure (bar)   Constr. rmsd
   -2.01893e+05    2.96706e+02   -7.97622e+01    5.20137e-06

           Step           Time
          39000      780.00000

   Energies (kJ/mol)
           Bond       G96Angle  Restr. Angles  Improper Dih.        LJ (SR)
    6.15764e+03    2.35515e+03    2.97755e+02    6.39273e+01   -2.39428e+05
   Coulomb (SR) Position Rest.      Potential    Kinetic En.   Total Energy
   -3.26390e+03    2.94630e+02   -2.33523e+05    3.84626e+04   -1.95061e+05
  Conserved En.    Temperature Pressure (bar)   Constr. rmsd
   -2.01747e+05    3.01279e+02   -6.15132e+01    7.08709e-06

           Step           Time
          40000      800.00000

   Energies (kJ/mol)
           Bond       G96Angle  Restr. Angles  Improper Dih.        LJ (SR)
    6.18087e+03    2.56527e+03    2.52617e+02    6.95671e+01   -2.38784e+05
   Coulomb (SR) Position Rest.      Potential    Kinetic En.   Total Energy
   -3.36399e+03    2.75410e+02   -2.32805e+05    3.82517e+04   -1.94553e+05
  Conserved En.    Temperature Pressure (bar)   Constr. rmsd
   -2.01857e+05    2.99627e+02    5.19126e+00    8.80833e-06

           Step           Time
          41000      820.00000

   Energies (kJ/mol)
           Bond       G96Angle  Restr. Angles  Improper Dih.        LJ (SR)
    6.10042e+03    2.34449e+03    2.74469e+02    6.19449e+01   -2.39039e+05
   Coulomb (SR) Position Rest.      Potential    Kinetic En.   Total Energy
   -3.30033e+03    2.99559e+02   -2.33259e+05    3.88689e+04   -1.94390e+05
  Conserved En.    Temperature Pressure (bar)   Constr. rmsd
   -2.02235e+05    3.04462e+02   -6.89489e+01    6.74154e-06

           Step           Time
          42000      840.00000

   Energies (kJ/mol)
           Bond       G96Angle  Restr. Angles  Improper Dih.        LJ (SR)
    6.34239e+03    2.44207e+03    2.72391e+02    5.15163e+01   -2.38288e+05
   Coulomb (SR) Position Rest.      Potential    Kinetic En.   Total Energy
   -3.29017e+03    2.81817e+02   -2.32188e+05    3.93433e+04   -1.92845e+05
  Conserved En.    Temperature Pressure (bar)   Constr. rmsd
   -2.02845e+05    3.08177e+02   -1.77617e+01    7.66391e-06

           Step           Time
          43000      860.00000

   Energies (kJ/mol)
           Bond       G96Angle  Restr. Angles  Improper Dih.        LJ (SR)
    6.04945e+03    2.37070e+03    2.70450e+02    4.53116e+01   -2.39411e+05
   Coulomb (SR) Position Rest.      Potential    Kinetic En.   Total Energy
   -3.28781e+03    2.71127e+02   -2.33692e+05    3.72934e+04   -1.96398e+05
  Conserved En.    Temperature Pressure (bar)   Constr. rmsd
   -2.03082e+05    2.92121e+02    1.02166e+01    4.80635e-06

           Step           Time
          44000      880.00000

   Energies (kJ/mol)
           Bond       G96Angle  Restr. Angles  Improper Dih.        LJ (SR)
    6.66960e+03    2.48398e+03    2.87392e+02    5.09844e+01   -2.39002e+05
   Coulomb (SR) Position Rest.      Potential    Kinetic En.   Total Energy
   -3.26638e+03    2.68193e+02   -2.32508e+05    3.93418e+04   -1.93166e+05
  Conserved En.    Temperature Pressure (bar)   Constr. rmsd
   -2.03362e+05    3.08166e+02    5.33226e+01    5.77122e-06

           Step           Time
          45000      900.00000

   Energies (kJ/mol)
           Bond       G96Angle  Restr. Angles  Improper Dih.        LJ (SR)
    5.97316e+03    2.42053e+03    3.04614e+02    6.06323e+01   -2.39824e+05
   Coulomb (SR) Position Rest.      Potential    Kinetic En.   Total Energy
   -3.24103e+03    2.65352e+02   -2.34040e+05    3.83441e+04   -1.95696e+05
  Conserved En.    Temperature Pressure (bar)   Constr. rmsd
   -2.03345e+05    3.00350e+02   -1.57202e+01    7.91849e-06

           Step           Time
          46000      920.00000

   Energies (kJ/mol)
           Bond       G96Angle  Restr. Angles  Improper Dih.        LJ (SR)
    6.06262e+03    2.45261e+03    3.08379e+02    3.50560e+01   -2.38224e+05
   Coulomb (SR) Position Rest.      Potential    Kinetic En.   Total Energy
   -3.21354e+03    2.67592e+02   -2.32311e+05    3.86535e+04   -1.93657e+05
  Conserved En.    Temperature Pressure (bar)   Constr. rmsd
   -2.03761e+05    3.02774e+02   -1.24238e+01    6.22131e-06

           Step           Time
          47000      940.00000

   Energies (kJ/mol)
           Bond       G96Angle  Restr. Angles  Improper Dih.        LJ (SR)
    6.00345e+03    2.55727e+03    2.72744e+02    4.56216e+01   -2.39123e+05
   Coulomb (SR) Position Rest.      Potential    Kinetic En.   Total Energy
   -3.14812e+03    2.72115e+02   -2.33120e+05    3.88456e+04   -1.94274e+05
  Conserved En.    Temperature Pressure (bar)   Constr. rmsd
   -2.03615e+05    3.04279e+02   -6.15242e+01    6.36840e-06

           Step           Time
          48000      960.00000

   Energies (kJ/mol)
           Bond       G96Angle  Restr. Angles  Improper Dih.        LJ (SR)
    6.15805e+03    2.48159e+03    3.04203e+02    5.54408e+01   -2.38344e+05
   Coulomb (SR) Position Rest.      Potential    Kinetic En.   Total Energy
   -3.25529e+03    2.86937e+02   -2.32313e+05    3.84994e+04   -1.93814e+05
  Conserved En.    Temperature Pressure (bar)   Constr. rmsd
   -2.03924e+05    3.01567e+02   -1.92920e+01    5.84020e-06

           Step           Time
          49000      980.00000

   Energies (kJ/mol)
           Bond       G96Angle  Restr. Angles  Improper Dih.        LJ (SR)
    6.19510e+03    2.58013e+03    3.34972e+02    5.65047e+01   -2.39493e+05
   Coulomb (SR) Position Rest.      Potential    Kinetic En.   Total Energy
   -3.26161e+03    2.91553e+02   -2.33297e+05    3.86919e+04   -1.94605e+05
  Conserved En.    Temperature Pressure (bar)   Constr. rmsd
   -2.04056e+05    3.03075e+02   -8.68308e+01    6.23507e-06

           Step           Time
          50000     1000.00000

Writing checkpoint, step 50000 at Sun Oct 27 11:37:04 2024


   Energies (kJ/mol)
           Bond       G96Angle  Restr. Angles  Improper Dih.        LJ (SR)
    6.33783e+03    2.55906e+03    2.69105e+02    5.79851e+01   -2.40156e+05
   Coulomb (SR) Position Rest.      Potential    Kinetic En.   Total Energy
   -3.22086e+03    3.06275e+02   -2.33847e+05    3.91034e+04   -1.94744e+05
  Conserved En.    Temperature Pressure (bar)   Constr. rmsd
   -2.04341e+05    3.06298e+02    1.49519e+02    6.63435e-06


Energy conservation over simulation part #1 of length 1000 ps, time 0 to 1000 ps
  Conserved energy drift: -9.62e-04 kJ/mol/ps per atom


	<======  ###############  ==>
	<====  A V E R A G E S  ====>
	<==  ###############  ======>

	Statistics over 50001 steps using 501 frames

   Energies (kJ/mol)
           Bond       G96Angle  Restr. Angles  Improper Dih.        LJ (SR)
    6.18484e+03    2.52622e+03    2.88707e+02    5.27712e+01   -2.39027e+05
   Coulomb (SR) Position Rest.      Potential    Kinetic En.   Total Energy
   -3.25487e+03    2.82947e+02   -2.32947e+05    3.86983e+04   -1.94248e+05
  Conserved En.    Temperature Pressure (bar)   Constr. rmsd
   -1.99630e+05    3.03125e+02    1.32776e+00    0.00000e+00

          Box-X          Box-Y          Box-Z
    9.77449e+00    9.77449e+00    1.16602e+01

   Total Virial (kJ/mol)
    1.29180e+04   -9.28804e+01    2.09853e+01
   -9.28818e+01    1.27906e+04    5.64573e+01
    2.09877e+01    5.64582e+01    1.28703e+04

   Pressure (bar)
   -3.73072e-01    2.92669e+00   -8.32886e-01
    2.92673e+00    3.16963e+00   -8.73127e-01
   -8.32957e-01   -8.73154e-01    1.18671e+00

      T-PROTEIN     T-MEMBRANE       T-SOLUTE
    3.03405e+02    3.03231e+02    3.03036e+02


	M E G A - F L O P S   A C C O U N T I N G

 NB=Group-cutoff nonbonded kernels    NxN=N-by-N cluster Verlet kernels
 RF=Reaction-Field  VdW=Van der Waals  QSTab=quadratic-spline table
 W3=SPC/TIP3p  W4=TIP4p (single or pairs)
 V&F=Potential and force  V=Potential only  F=Force only

 Computing:                               M-Number         M-Flops  % Flops
-----------------------------------------------------------------------------
 Pair Search distance check            3139.230552       28253.075     1.1
 NxN RF Elec. + LJ [F]                14947.396624      568001.072    22.7
 NxN RF Elec. + LJ [V&F]                151.227104        8166.264     0.3
 NxN LJ [F]                           55275.429536     1824089.175    72.9
 NxN LJ [V&F]                           559.455904       24056.604     1.0
 NxN RF Electrostatics [F]               21.508880         666.775     0.0
 NxN RF Electrostatics [V&F]              0.214656           7.728     0.0
 Shift-X                                 20.784387         124.706     0.0
 Bonds                                  293.155863       17296.196     0.7
 Angles                                 148.052961       24872.897     1.0
 Impropers                                2.050041         426.409     0.0
 Pos. Restr.                             33.550671        1677.534     0.1
 Virial                                  10.442432         187.964     0.0
 Stop-CM                                  5.214274          52.143     0.0
 P-Coupling                              10.397387          62.384     0.0
 Calc-Ekin                              103.890774        2805.051     0.1
 Lincs                                   19.601176        1176.071     0.0
 Lincs-Mat                              381.622896        1526.492     0.1
 Constraint-V                            39.201568         352.814     0.0
 Constraint-Vir                           0.392392           9.417     0.0
 Virtual Site N                           3.876152          58.142     0.0
-----------------------------------------------------------------------------
 Total                                                 2503868.911   100.0
-----------------------------------------------------------------------------


      R E A L   C Y C L E   A N D   T I M E   A C C O U N T I N G

On 1 MPI rank, each using 8 OpenMP threads

 Activity:              Num   Num      Call    Wall time         Giga-Cycles
                        Ranks Threads  Count      (s)         total sum    %
--------------------------------------------------------------------------------
 Vsite constr.             1    8      50001       1.305         25.058   1.6
 Neighbor search           1    8       2001       4.230         81.218   5.1
 Force                     1    8      50001      39.828        764.707  48.0
 NB X/F buffer ops.        1    8      98001      11.125        213.610  13.4
 Vsite spread              1    8      51002       4.721         90.637   5.7
 Write traj.               1    8         51       0.177          3.398   0.2
 Update                    1    8      50001       4.336         83.243   5.2
 Constraints               1    8      50003      16.193        310.915  19.5
 Rest                                              1.122         21.552   1.4
--------------------------------------------------------------------------------
 Total                                            83.038       1594.338 100.0
--------------------------------------------------------------------------------

               Core t (s)   Wall t (s)        (%)
       Time:      664.305       83.038      800.0
                 (ns/day)    (hour/ns)
Performance:     1040.506        0.023
Finished mdrun on rank 0 Sun Oct 27 11:37:04 2024

